ERROR - 2023-04-16 10:42:05 --> mysqli_sql_exception: Table 'db.settings' doesn't exist in /var/www/html/vendor/codeigniter4/framework/system/Database/MySQLi/Connection.php:292
Stack trace:
#0 /var/www/html/vendor/codeigniter4/framework/system/Database/MySQLi/Connection.php(292): mysqli->query('SELECT *\nFROM `...', 0)
#1 /var/www/html/vendor/codeigniter4/framework/system/Database/BaseConnection.php(693): CodeIgniter\Database\MySQLi\Connection->execute('SELECT *\nFROM `...')
#2 /var/www/html/vendor/codeigniter4/framework/system/Database/BaseConnection.php(620): CodeIgniter\Database\BaseConnection->simpleQuery('SELECT *\nFROM `...')
#3 /var/www/html/vendor/codeigniter4/framework/system/Database/BaseBuilder.php(1585): CodeIgniter\Database\BaseConnection->query('SELECT *\nFROM `...', Array, false)
#4 /var/www/html/vendor/codeigniter4/settings/src/Handlers/DatabaseHandler.php(163): CodeIgniter\Database\BaseBuilder->get()
#5 /var/www/html/vendor/codeigniter4/settings/src/Handlers/DatabaseHandler.php(41): CodeIgniter\Settings\Handlers\DatabaseHandler->hydrate(NULL)
#6 /var/www/html/vendor/codeigniter4/settings/src/Settings.php(59): CodeIgniter\Settings\Handlers\DatabaseHandler->has('Config\\Auth', 'sessionConfig', NULL)
#7 /var/www/html/vendor/codeigniter4/settings/src/Helpers/setting_helper.php(21): CodeIgniter\Settings\Settings->get('Auth.sessionCon...')
#8 /var/www/html/vendor/codeigniter4/shield/src/Authentication/Authenticators/Session.php(643): setting('Auth.sessionCon...')
#9 /var/www/html/vendor/codeigniter4/shield/src/Authentication/Authenticators/Session.php(661): CodeIgniter\Shield\Authentication\Authenticators\Session->getSessionUserInfo()
#10 /var/www/html/vendor/codeigniter4/shield/src/Authentication/Authenticators/Session.php(367): CodeIgniter\Shield\Authentication\Authenticators\Session->getSessionKey('id')
#11 /var/www/html/vendor/codeigniter4/shield/src/Authentication/Authenticators/Session.php(351): CodeIgniter\Shield\Authentication\Authenticators\Session->checkUserState()
#12 /var/www/html/vendor/codeigniter4/shield/src/Auth.php(159): CodeIgniter\Shield\Authentication\Authenticators\Session->loggedIn()
#13 /var/www/html/vendor/codeigniter4/shield/src/Controllers/LoginController.php(22): CodeIgniter\Shield\Auth->__call('loggedIn', Array)
#14 /var/www/html/vendor/codeigniter4/framework/system/CodeIgniter.php(907): CodeIgniter\Shield\Controllers\LoginController->loginView()
#15 /var/www/html/vendor/codeigniter4/framework/system/CodeIgniter.php(457): CodeIgniter\CodeIgniter->runController(Object(CodeIgniter\Shield\Controllers\LoginController))
#16 /var/www/html/vendor/codeigniter4/framework/system/CodeIgniter.php(340): CodeIgniter\CodeIgniter->handleRequest(NULL, Object(Config\Cache), false)
#17 /var/www/html/public/index.php(67): CodeIgniter\CodeIgniter->run()
#18 {main}
CRITICAL - 2023-04-16 10:42:05 --> Table 'db.settings' doesn't exist
in SYSTEMPATH/Database/MySQLi/Connection.php on line 292.
 1 SYSTEMPATH/Database/MySQLi/Connection.php(292): mysqli->query('SELECT *
FROM `settings`
WHERE `context` IS NULL', 0)
 2 SYSTEMPATH/Database/BaseConnection.php(693): CodeIgniter\Database\MySQLi\Connection->execute('SELECT *
FROM `settings`
WHERE `context` IS NULL')
 3 SYSTEMPATH/Database/BaseConnection.php(620): CodeIgniter\Database\BaseConnection->simpleQuery('SELECT *
FROM `settings`
WHERE `context` IS NULL')
 4 SYSTEMPATH/Database/BaseBuilder.php(1585): CodeIgniter\Database\BaseConnection->query('SELECT *
FROM `settings`
WHERE `context` IS NULL', [], false)
 5 VENDORPATH/codeigniter4/settings/src/Handlers/DatabaseHandler.php(163): CodeIgniter\Database\BaseBuilder->get()
 6 VENDORPATH/codeigniter4/settings/src/Handlers/DatabaseHandler.php(41): CodeIgniter\Settings\Handlers\DatabaseHandler->hydrate(null)
 7 VENDORPATH/codeigniter4/settings/src/Settings.php(59): CodeIgniter\Settings\Handlers\DatabaseHandler->has('Config\\Auth', 'sessionConfig', null)
 8 VENDORPATH/codeigniter4/settings/src/Helpers/setting_helper.php(21): CodeIgniter\Settings\Settings->get('Auth.sessionConfig')
 9 VENDORPATH/codeigniter4/shield/src/Authentication/Authenticators/Session.php(643): setting('Auth.sessionConfig')
10 VENDORPATH/codeigniter4/shield/src/Authentication/Authenticators/Session.php(661): CodeIgniter\Shield\Authentication\Authenticators\Session->getSessionUserInfo()
11 VENDORPATH/codeigniter4/shield/src/Authentication/Authenticators/Session.php(367): CodeIgniter\Shield\Authentication\Authenticators\Session->getSessionKey('id')
12 VENDORPATH/codeigniter4/shield/src/Authentication/Authenticators/Session.php(351): CodeIgniter\Shield\Authentication\Authenticators\Session->checkUserState()
13 VENDORPATH/codeigniter4/shield/src/Auth.php(159): CodeIgniter\Shield\Authentication\Authenticators\Session->loggedIn()
14 VENDORPATH/codeigniter4/shield/src/Controllers/LoginController.php(22): CodeIgniter\Shield\Auth->__call('loggedIn', [])
15 SYSTEMPATH/CodeIgniter.php(907): CodeIgniter\Shield\Controllers\LoginController->loginView()
16 SYSTEMPATH/CodeIgniter.php(457): CodeIgniter\CodeIgniter->runController(Object(CodeIgniter\Shield\Controllers\LoginController))
17 SYSTEMPATH/CodeIgniter.php(340): CodeIgniter\CodeIgniter->handleRequest(null, Object(Config\Cache), false)
18 FCPATH/index.php(67): CodeIgniter\CodeIgniter->run()
CRITICAL - 2023-04-16 10:56:53 --> Undefined variable $settings
in APPPATH/Views/be/Dashboard.php on line 43.
 1 APPPATH/Views/be/Dashboard.php(43): CodeIgniter\Debug\Exceptions->errorHandler(2, 'Undefined variable $settings', 'APPPATH/Views/be/Dashboard.php', 43)
 2 SYSTEMPATH/View/View.php(213): include('APPPATH/Views/be/Dashboard.php')
 3 SYSTEMPATH/View/View.php(216): CodeIgniter\View\View->CodeIgniter\View\{closure}()
 4 SYSTEMPATH/Common.php(1142): CodeIgniter\View\View->render('be/Dashboard', [], true)
 5 APPPATH/Controllers/Dashboard.php(14): view('be/Dashboard', [])
 6 SYSTEMPATH/CodeIgniter.php(907): App\Controllers\Dashboard->index()
 7 SYSTEMPATH/CodeIgniter.php(457): CodeIgniter\CodeIgniter->runController(Object(App\Controllers\Dashboard))
 8 SYSTEMPATH/CodeIgniter.php(340): CodeIgniter\CodeIgniter->handleRequest(null, Object(Config\Cache), false)
 9 FCPATH/index.php(67): CodeIgniter\CodeIgniter->run()
CRITICAL - 2023-04-16 11:19:09 --> Class "BaseModel" not found
in APPPATH/Models/TaskModel.php on line 4.
 1 SYSTEMPATH/Autoloader/Autoloader.php(282): include_once()
 2 SYSTEMPATH/Autoloader/Autoloader.php(259): CodeIgniter\Autoloader\Autoloader->includeFile('APPPATH/Models/TaskModel.php')
 3 SYSTEMPATH/Autoloader/Autoloader.php(237): CodeIgniter\Autoloader\Autoloader->loadInNamespace('App\\Models\\TaskModel')
 4 [internal function]: CodeIgniter\Autoloader\Autoloader->loadClass('App\\Models\\TaskModel')
 5 APPPATH/Controllers/CRUD.php(49): class_exists('App\\Models\\TaskModel')
 6 APPPATH/Controllers/CRUD.php(7): App\Controllers\CRUD->responseModel('TaskModel')
 7 SYSTEMPATH/CodeIgniter.php(907): App\Controllers\CRUD->create('Task')
 8 SYSTEMPATH/CodeIgniter.php(457): CodeIgniter\CodeIgniter->runController(Object(App\Controllers\CRUD))
 9 SYSTEMPATH/CodeIgniter.php(340): CodeIgniter\CodeIgniter->handleRequest(null, Object(Config\Cache), false)
10 FCPATH/index.php(67): CodeIgniter\CodeIgniter->run()
CRITICAL - 2023-04-16 18:24:51 --> Too few arguments to function App\Controllers\CRUD::create(), 0 passed in /var/www/html/vendor/codeigniter4/framework/system/CodeIgniter.php on line 907 and exactly 1 expected
in APPPATH/Controllers/CRUD.php on line 6.
 1 SYSTEMPATH/CodeIgniter.php(907): App\Controllers\CRUD->create()
 2 SYSTEMPATH/CodeIgniter.php(457): CodeIgniter\CodeIgniter->runController(Object(App\Controllers\CRUD))
 3 SYSTEMPATH/CodeIgniter.php(340): CodeIgniter\CodeIgniter->handleRequest(null, Object(Config\Cache), false)
 4 FCPATH/index.php(67): CodeIgniter\CodeIgniter->run()
CRITICAL - 2023-04-16 18:28:09 --> Class "BaseModel" not found
in APPPATH/Models/TaskModel.php on line 4.
 1 SYSTEMPATH/Autoloader/Autoloader.php(282): include_once()
 2 SYSTEMPATH/Autoloader/Autoloader.php(259): CodeIgniter\Autoloader\Autoloader->includeFile('APPPATH/Models/TaskModel.php')
 3 SYSTEMPATH/Autoloader/Autoloader.php(237): CodeIgniter\Autoloader\Autoloader->loadInNamespace('App\\Models\\TaskModel')
 4 [internal function]: CodeIgniter\Autoloader\Autoloader->loadClass('App\\Models\\TaskModel')
 5 APPPATH/Controllers/CRUD.php(49): class_exists('App\\Models\\TaskModel')
 6 APPPATH/Controllers/CRUD.php(7): App\Controllers\CRUD->responseModel('TaskModel')
 7 SYSTEMPATH/CodeIgniter.php(907): App\Controllers\CRUD->create('Task')
 8 SYSTEMPATH/CodeIgniter.php(457): CodeIgniter\CodeIgniter->runController(Object(App\Controllers\CRUD))
 9 SYSTEMPATH/CodeIgniter.php(340): CodeIgniter\CodeIgniter->handleRequest(null, Object(Config\Cache), false)
10 FCPATH/index.php(67): CodeIgniter\CodeIgniter->run()
ERROR - 2023-04-16 18:30:47 --> mysqli_sql_exception: Unknown column 'description' in 'field list' in /var/www/html/vendor/codeigniter4/framework/system/Database/MySQLi/Connection.php:292
Stack trace:
#0 /var/www/html/vendor/codeigniter4/framework/system/Database/MySQLi/Connection.php(292): mysqli->query('INSERT INTO `ta...', 0)
#1 /var/www/html/vendor/codeigniter4/framework/system/Database/BaseConnection.php(693): CodeIgniter\Database\MySQLi\Connection->execute('INSERT INTO `ta...')
#2 /var/www/html/vendor/codeigniter4/framework/system/Database/BaseConnection.php(620): CodeIgniter\Database\BaseConnection->simpleQuery('INSERT INTO `ta...')
#3 /var/www/html/vendor/codeigniter4/framework/system/Database/BaseBuilder.php(1916): CodeIgniter\Database\BaseConnection->query('INSERT INTO `ta...', Array, false)
#4 /var/www/html/vendor/codeigniter4/framework/system/Model.php(279): CodeIgniter\Database\BaseBuilder->insert()
#5 /var/www/html/vendor/codeigniter4/framework/system/BaseModel.php(738): CodeIgniter\Model->doInsert(Array)
#6 /var/www/html/vendor/codeigniter4/framework/system/Model.php(667): CodeIgniter\BaseModel->insert(Array, false)
#7 /var/www/html/vendor/codeigniter4/framework/system/BaseModel.php(658): CodeIgniter\Model->insert(Object(App\Entities\Task), false)
#8 /var/www/html/app/Controllers/CRUD.php(16): CodeIgniter\BaseModel->save(Object(App\Entities\Task))
#9 /var/www/html/vendor/codeigniter4/framework/system/CodeIgniter.php(907): App\Controllers\CRUD->create('Task')
#10 /var/www/html/vendor/codeigniter4/framework/system/CodeIgniter.php(457): CodeIgniter\CodeIgniter->runController(Object(App\Controllers\CRUD))
#11 /var/www/html/vendor/codeigniter4/framework/system/CodeIgniter.php(340): CodeIgniter\CodeIgniter->handleRequest(NULL, Object(Config\Cache), false)
#12 /var/www/html/public/index.php(67): CodeIgniter\CodeIgniter->run()
#13 {main}
CRITICAL - 2023-04-16 18:30:47 --> Unknown column 'description' in 'field list'
in SYSTEMPATH/Database/MySQLi/Connection.php on line 292.
 1 SYSTEMPATH/Database/MySQLi/Connection.php(292): mysqli->query('INSERT INTO `task` (`end`, `start`, `description`, `priority`, `status`, `user_id`, `title`) VALUES (\'2023-04-22T21:26\', \'2023-04-16T21:26\', \'asdf\', \'2\', \'open\', 10, \'asdf\')', 0)
 2 SYSTEMPATH/Database/BaseConnection.php(693): CodeIgniter\Database\MySQLi\Connection->execute('INSERT INTO `task` (`end`, `start`, `description`, `priority`, `status`, `user_id`, `title`) VALUES (\'2023-04-22T21:26\', \'2023-04-16T21:26\', \'asdf\', \'2\', \'open\', 10, \'asdf\')')
 3 SYSTEMPATH/Database/BaseConnection.php(620): CodeIgniter\Database\BaseConnection->simpleQuery('INSERT INTO `task` (`end`, `start`, `description`, `priority`, `status`, `user_id`, `title`) VALUES (\'2023-04-22T21:26\', \'2023-04-16T21:26\', \'asdf\', \'2\', \'open\', 10, \'asdf\')')
 4 SYSTEMPATH/Database/BaseBuilder.php(1916): CodeIgniter\Database\BaseConnection->query('INSERT INTO `task` (`end`, `start`, `description`, `priority`, `status`, `user_id`, `title`) VALUES (:end:, :start:, :description:, :priority:, :status:, :user_id:, :title:)', [...], false)
 5 SYSTEMPATH/Model.php(279): CodeIgniter\Database\BaseBuilder->insert()
 6 SYSTEMPATH/BaseModel.php(738): CodeIgniter\Model->doInsert([...])
 7 SYSTEMPATH/Model.php(667): CodeIgniter\BaseModel->insert([...], false)
 8 SYSTEMPATH/BaseModel.php(658): CodeIgniter\Model->insert(Object(App\Entities\Task), false)
 9 APPPATH/Controllers/CRUD.php(16): CodeIgniter\BaseModel->save(Object(App\Entities\Task))
10 SYSTEMPATH/CodeIgniter.php(907): App\Controllers\CRUD->create('Task')
11 SYSTEMPATH/CodeIgniter.php(457): CodeIgniter\CodeIgniter->runController(Object(App\Controllers\CRUD))
12 SYSTEMPATH/CodeIgniter.php(340): CodeIgniter\CodeIgniter->handleRequest(null, Object(Config\Cache), false)
13 FCPATH/index.php(67): CodeIgniter\CodeIgniter->run()
CRITICAL - 2023-04-16 18:41:18 --> Call to a member function read() on string
in APPPATH/Controllers/Event.php on line 11.
 1 SYSTEMPATH/CodeIgniter.php(907): App\Controllers\Event->index()
 2 SYSTEMPATH/CodeIgniter.php(457): CodeIgniter\CodeIgniter->runController(Object(App\Controllers\Event))
 3 SYSTEMPATH/CodeIgniter.php(340): CodeIgniter\CodeIgniter->handleRequest(null, Object(Config\Cache), false)
 4 FCPATH/index.php(67): CodeIgniter\CodeIgniter->run()
CRITICAL - 2023-04-16 18:41:58 --> syntax error, unexpected token "class", expecting variable or "$"
in APPPATH/Controllers/Event.php on line 10.
 1 SYSTEMPATH/Autoloader/Autoloader.php(259): CodeIgniter\Autoloader\Autoloader->includeFile('APPPATH/Controllers/Event.php')
 2 SYSTEMPATH/Autoloader/Autoloader.php(237): CodeIgniter\Autoloader\Autoloader->loadInNamespace('App\\Controllers\\Event')
 3 [internal function]: CodeIgniter\Autoloader\Autoloader->loadClass('App\\Controllers\\Event')
 4 SYSTEMPATH/CodeIgniter.php(857): class_exists('\\App\\Controllers\\Event', true)
 5 SYSTEMPATH/CodeIgniter.php(444): CodeIgniter\CodeIgniter->startController()
 6 SYSTEMPATH/CodeIgniter.php(340): CodeIgniter\CodeIgniter->handleRequest(null, Object(Config\Cache), false)
 7 FCPATH/index.php(67): CodeIgniter\CodeIgniter->run()
CRITICAL - 2023-04-16 18:42:49 --> syntax error, unexpected token "class", expecting variable or "$"
in APPPATH/Controllers/Event.php on line 10.
 1 SYSTEMPATH/Autoloader/Autoloader.php(259): CodeIgniter\Autoloader\Autoloader->includeFile('APPPATH/Controllers/Event.php')
 2 SYSTEMPATH/Autoloader/Autoloader.php(237): CodeIgniter\Autoloader\Autoloader->loadInNamespace('App\\Controllers\\Event')
 3 [internal function]: CodeIgniter\Autoloader\Autoloader->loadClass('App\\Controllers\\Event')
 4 SYSTEMPATH/CodeIgniter.php(857): class_exists('\\App\\Controllers\\Event', true)
 5 SYSTEMPATH/CodeIgniter.php(444): CodeIgniter\CodeIgniter->startController()
 6 SYSTEMPATH/CodeIgniter.php(340): CodeIgniter\CodeIgniter->handleRequest(null, Object(Config\Cache), false)
 7 FCPATH/index.php(67): CodeIgniter\CodeIgniter->run()
CRITICAL - 2023-04-16 18:42:55 --> Invalid file: crud.php
in SYSTEMPATH/Exceptions/FrameworkException.php on line 33.
 1 SYSTEMPATH/View/View.php(201): CodeIgniter\Exceptions\FrameworkException::forInvalidFile('crud.php')
 2 SYSTEMPATH/Common.php(1142): CodeIgniter\View\View->render('crud', [], true)
 3 APPPATH/Controllers/CRUD.php(37): view('crud', [...])
 4 APPPATH/Controllers/Event.php(11): App\Controllers\CRUD->read('task', false)
 5 SYSTEMPATH/CodeIgniter.php(907): App\Controllers\Event->index()
 6 SYSTEMPATH/CodeIgniter.php(457): CodeIgniter\CodeIgniter->runController(Object(App\Controllers\Event))
 7 SYSTEMPATH/CodeIgniter.php(340): CodeIgniter\CodeIgniter->handleRequest(null, Object(Config\Cache), false)
 8 FCPATH/index.php(67): CodeIgniter\CodeIgniter->run()
CRITICAL - 2023-04-16 18:43:01 --> syntax error, unexpected token "class", expecting variable or "$"
in APPPATH/Controllers/Event.php on line 10.
 1 SYSTEMPATH/Autoloader/Autoloader.php(259): CodeIgniter\Autoloader\Autoloader->includeFile('APPPATH/Controllers/Event.php')
 2 SYSTEMPATH/Autoloader/Autoloader.php(237): CodeIgniter\Autoloader\Autoloader->loadInNamespace('App\\Controllers\\Event')
 3 [internal function]: CodeIgniter\Autoloader\Autoloader->loadClass('App\\Controllers\\Event')
 4 SYSTEMPATH/CodeIgniter.php(857): class_exists('\\App\\Controllers\\Event', true)
 5 SYSTEMPATH/CodeIgniter.php(444): CodeIgniter\CodeIgniter->startController()
 6 SYSTEMPATH/CodeIgniter.php(340): CodeIgniter\CodeIgniter->handleRequest(null, Object(Config\Cache), false)
 7 FCPATH/index.php(67): CodeIgniter\CodeIgniter->run()
CRITICAL - 2023-04-16 18:44:22 --> Invalid file: crud.php
in SYSTEMPATH/Exceptions/FrameworkException.php on line 33.
 1 SYSTEMPATH/View/View.php(201): CodeIgniter\Exceptions\FrameworkException::forInvalidFile('crud.php')
 2 SYSTEMPATH/Common.php(1142): CodeIgniter\View\View->render('crud', [], true)
 3 APPPATH/Controllers/CRUD.php(37): view('crud', [...])
 4 APPPATH/Controllers/Event.php(11): App\Controllers\CRUD->read('task', false)
 5 SYSTEMPATH/CodeIgniter.php(907): App\Controllers\Event->index()
 6 SYSTEMPATH/CodeIgniter.php(457): CodeIgniter\CodeIgniter->runController(Object(App\Controllers\Event))
 7 SYSTEMPATH/CodeIgniter.php(340): CodeIgniter\CodeIgniter->handleRequest(null, Object(Config\Cache), false)
 8 FCPATH/index.php(67): CodeIgniter\CodeIgniter->run()
CRITICAL - 2023-04-16 18:44:39 --> Invalid file: crud.php
in SYSTEMPATH/Exceptions/FrameworkException.php on line 33.
 1 SYSTEMPATH/View/View.php(201): CodeIgniter\Exceptions\FrameworkException::forInvalidFile('crud.php')
 2 SYSTEMPATH/Common.php(1142): CodeIgniter\View\View->render('crud', [], true)
 3 APPPATH/Controllers/CRUD.php(37): view('crud', [...])
 4 APPPATH/Controllers/Event.php(11): App\Controllers\CRUD->read('task', false)
 5 SYSTEMPATH/CodeIgniter.php(907): App\Controllers\Event->index()
 6 SYSTEMPATH/CodeIgniter.php(457): CodeIgniter\CodeIgniter->runController(Object(App\Controllers\Event))
 7 SYSTEMPATH/CodeIgniter.php(340): CodeIgniter\CodeIgniter->handleRequest(null, Object(Config\Cache), false)
 8 FCPATH/index.php(67): CodeIgniter\CodeIgniter->run()
CRITICAL - 2023-04-16 18:45:41 --> Invalid file: crud.php
in SYSTEMPATH/Exceptions/FrameworkException.php on line 33.
 1 SYSTEMPATH/View/View.php(201): CodeIgniter\Exceptions\FrameworkException::forInvalidFile('crud.php')
 2 SYSTEMPATH/Common.php(1142): CodeIgniter\View\View->render('crud', [], true)
 3 APPPATH/Controllers/CRUD.php(37): view('crud', [...])
 4 APPPATH/Controllers/Event.php(11): App\Controllers\CRUD->read('task')
 5 SYSTEMPATH/CodeIgniter.php(907): App\Controllers\Event->index()
 6 SYSTEMPATH/CodeIgniter.php(457): CodeIgniter\CodeIgniter->runController(Object(App\Controllers\Event))
 7 SYSTEMPATH/CodeIgniter.php(340): CodeIgniter\CodeIgniter->handleRequest(null, Object(Config\Cache), false)
 8 FCPATH/index.php(67): CodeIgniter\CodeIgniter->run()
CRITICAL - 2023-04-16 18:45:50 --> syntax error, unexpected token "class", expecting variable or "$"
in APPPATH/Controllers/Event.php on line 10.
 1 SYSTEMPATH/Autoloader/Autoloader.php(259): CodeIgniter\Autoloader\Autoloader->includeFile('APPPATH/Controllers/Event.php')
 2 SYSTEMPATH/Autoloader/Autoloader.php(237): CodeIgniter\Autoloader\Autoloader->loadInNamespace('App\\Controllers\\Event')
 3 [internal function]: CodeIgniter\Autoloader\Autoloader->loadClass('App\\Controllers\\Event')
 4 SYSTEMPATH/CodeIgniter.php(857): class_exists('\\App\\Controllers\\Event', true)
 5 SYSTEMPATH/CodeIgniter.php(444): CodeIgniter\CodeIgniter->startController()
 6 SYSTEMPATH/CodeIgniter.php(340): CodeIgniter\CodeIgniter->handleRequest(null, Object(Config\Cache), false)
 7 FCPATH/index.php(67): CodeIgniter\CodeIgniter->run()
CRITICAL - 2023-04-16 18:45:57 --> syntax error, unexpected token "class", expecting variable or "$"
in APPPATH/Controllers/Event.php on line 10.
 1 SYSTEMPATH/Autoloader/Autoloader.php(259): CodeIgniter\Autoloader\Autoloader->includeFile('APPPATH/Controllers/Event.php')
 2 SYSTEMPATH/Autoloader/Autoloader.php(237): CodeIgniter\Autoloader\Autoloader->loadInNamespace('App\\Controllers\\Event')
 3 [internal function]: CodeIgniter\Autoloader\Autoloader->loadClass('App\\Controllers\\Event')
 4 SYSTEMPATH/CodeIgniter.php(857): class_exists('\\App\\Controllers\\Event', true)
 5 SYSTEMPATH/CodeIgniter.php(444): CodeIgniter\CodeIgniter->startController()
 6 SYSTEMPATH/CodeIgniter.php(340): CodeIgniter\CodeIgniter->handleRequest(null, Object(Config\Cache), false)
 7 FCPATH/index.php(67): CodeIgniter\CodeIgniter->run()
CRITICAL - 2023-04-16 18:47:03 --> Invalid file: crud.php
in SYSTEMPATH/Exceptions/FrameworkException.php on line 33.
 1 SYSTEMPATH/View/View.php(201): CodeIgniter\Exceptions\FrameworkException::forInvalidFile('crud.php')
 2 SYSTEMPATH/Common.php(1142): CodeIgniter\View\View->render('crud', [], true)
 3 APPPATH/Controllers/CRUD.php(37): view('crud', [...])
 4 APPPATH/Controllers/Event.php(12): App\Controllers\CRUD->read('task')
 5 SYSTEMPATH/CodeIgniter.php(907): App\Controllers\Event->index()
 6 SYSTEMPATH/CodeIgniter.php(457): CodeIgniter\CodeIgniter->runController(Object(App\Controllers\Event))
 7 SYSTEMPATH/CodeIgniter.php(340): CodeIgniter\CodeIgniter->handleRequest(null, Object(Config\Cache), false)
 8 FCPATH/index.php(67): CodeIgniter\CodeIgniter->run()
CRITICAL - 2023-04-16 18:47:18 --> Invalid file: crud.php
in SYSTEMPATH/Exceptions/FrameworkException.php on line 33.
 1 SYSTEMPATH/View/View.php(201): CodeIgniter\Exceptions\FrameworkException::forInvalidFile('crud.php')
 2 SYSTEMPATH/Common.php(1142): CodeIgniter\View\View->render('crud', [], true)
 3 APPPATH/Controllers/CRUD.php(37): view('crud', [...])
 4 APPPATH/Controllers/Event.php(12): App\Controllers\CRUD->read('Task')
 5 SYSTEMPATH/CodeIgniter.php(907): App\Controllers\Event->index()
 6 SYSTEMPATH/CodeIgniter.php(457): CodeIgniter\CodeIgniter->runController(Object(App\Controllers\Event))
 7 SYSTEMPATH/CodeIgniter.php(340): CodeIgniter\CodeIgniter->handleRequest(null, Object(Config\Cache), false)
 8 FCPATH/index.php(67): CodeIgniter\CodeIgniter->run()
CRITICAL - 2023-04-16 18:47:34 --> Too few arguments to function App\Controllers\CRUD::read(), 0 passed in /var/www/html/app/Controllers/Event.php on line 11 and at least 1 expected
in APPPATH/Controllers/CRUD.php on line 21.
 1 APPPATH/Controllers/Event.php(11): App\Controllers\CRUD->read()
 2 SYSTEMPATH/CodeIgniter.php(907): App\Controllers\Event->index()
 3 SYSTEMPATH/CodeIgniter.php(457): CodeIgniter\CodeIgniter->runController(Object(App\Controllers\Event))
 4 SYSTEMPATH/CodeIgniter.php(340): CodeIgniter\CodeIgniter->handleRequest(null, Object(Config\Cache), false)
 5 FCPATH/index.php(67): CodeIgniter\CodeIgniter->run()
CRITICAL - 2023-04-16 18:47:47 --> Invalid file: crud.php
in SYSTEMPATH/Exceptions/FrameworkException.php on line 33.
 1 SYSTEMPATH/View/View.php(201): CodeIgniter\Exceptions\FrameworkException::forInvalidFile('crud.php')
 2 SYSTEMPATH/Common.php(1142): CodeIgniter\View\View->render('crud', [], true)
 3 APPPATH/Controllers/CRUD.php(37): view('crud', [...])
 4 APPPATH/Controllers/Event.php(12): App\Controllers\CRUD->read('Task')
 5 SYSTEMPATH/CodeIgniter.php(907): App\Controllers\Event->index()
 6 SYSTEMPATH/CodeIgniter.php(457): CodeIgniter\CodeIgniter->runController(Object(App\Controllers\Event))
 7 SYSTEMPATH/CodeIgniter.php(340): CodeIgniter\CodeIgniter->handleRequest(null, Object(Config\Cache), false)
 8 FCPATH/index.php(67): CodeIgniter\CodeIgniter->run()
CRITICAL - 2023-04-16 18:47:53 --> Invalid file: crud.php
in SYSTEMPATH/Exceptions/FrameworkException.php on line 33.
 1 SYSTEMPATH/View/View.php(201): CodeIgniter\Exceptions\FrameworkException::forInvalidFile('crud.php')
 2 SYSTEMPATH/Common.php(1142): CodeIgniter\View\View->render('crud', [], true)
 3 APPPATH/Controllers/CRUD.php(37): view('crud', [...])
 4 APPPATH/Controllers/Event.php(12): App\Controllers\CRUD->read('Task')
 5 SYSTEMPATH/CodeIgniter.php(907): App\Controllers\Event->index()
 6 SYSTEMPATH/CodeIgniter.php(457): CodeIgniter\CodeIgniter->runController(Object(App\Controllers\Event))
 7 SYSTEMPATH/CodeIgniter.php(340): CodeIgniter\CodeIgniter->handleRequest(null, Object(Config\Cache), false)
 8 FCPATH/index.php(67): CodeIgniter\CodeIgniter->run()
CRITICAL - 2023-04-16 18:47:58 --> Invalid file: crud.php
in SYSTEMPATH/Exceptions/FrameworkException.php on line 33.
 1 SYSTEMPATH/View/View.php(201): CodeIgniter\Exceptions\FrameworkException::forInvalidFile('crud.php')
 2 SYSTEMPATH/Common.php(1142): CodeIgniter\View\View->render('crud', [], true)
 3 APPPATH/Controllers/CRUD.php(37): view('crud', [...])
 4 APPPATH/Controllers/Event.php(12): App\Controllers\CRUD->read('Task')
 5 SYSTEMPATH/CodeIgniter.php(907): App\Controllers\Event->index()
 6 SYSTEMPATH/CodeIgniter.php(457): CodeIgniter\CodeIgniter->runController(Object(App\Controllers\Event))
 7 SYSTEMPATH/CodeIgniter.php(340): CodeIgniter\CodeIgniter->handleRequest(null, Object(Config\Cache), false)
 8 FCPATH/index.php(67): CodeIgniter\CodeIgniter->run()
CRITICAL - 2023-04-16 18:48:26 --> Invalid file: crud.php
in SYSTEMPATH/Exceptions/FrameworkException.php on line 33.
 1 SYSTEMPATH/View/View.php(201): CodeIgniter\Exceptions\FrameworkException::forInvalidFile('crud.php')
 2 SYSTEMPATH/Common.php(1142): CodeIgniter\View\View->render('crud', [], true)
 3 APPPATH/Controllers/CRUD.php(40): view('crud', [...])
 4 APPPATH/Controllers/Event.php(12): App\Controllers\CRUD->read('Task')
 5 SYSTEMPATH/CodeIgniter.php(907): App\Controllers\Event->index()
 6 SYSTEMPATH/CodeIgniter.php(457): CodeIgniter\CodeIgniter->runController(Object(App\Controllers\Event))
 7 SYSTEMPATH/CodeIgniter.php(340): CodeIgniter\CodeIgniter->handleRequest(null, Object(Config\Cache), false)
 8 FCPATH/index.php(67): CodeIgniter\CodeIgniter->run()
CRITICAL - 2023-04-16 22:04:24 --> Invalid file: crud.php
in SYSTEMPATH/Exceptions/FrameworkException.php on line 33.
 1 SYSTEMPATH/View/View.php(201): CodeIgniter\Exceptions\FrameworkException::forInvalidFile('crud.php')
 2 SYSTEMPATH/Common.php(1142): CodeIgniter\View\View->render('crud', [], true)
 3 APPPATH/Controllers/CRUD.php(41): view('crud', [...])
 4 APPPATH/Controllers/Event.php(22): App\Controllers\CRUD->read('Task', '1')
 5 SYSTEMPATH/CodeIgniter.php(907): App\Controllers\Event->updateAjax('1')
 6 SYSTEMPATH/CodeIgniter.php(457): CodeIgniter\CodeIgniter->runController(Object(App\Controllers\Event))
 7 SYSTEMPATH/CodeIgniter.php(340): CodeIgniter\CodeIgniter->handleRequest(null, Object(Config\Cache), false)
 8 FCPATH/index.php(67): CodeIgniter\CodeIgniter->run()
CRITICAL - 2023-04-16 22:23:04 --> Invalid file: crud.php
in SYSTEMPATH/Exceptions/FrameworkException.php on line 33.
 1 SYSTEMPATH/View/View.php(201): CodeIgniter\Exceptions\FrameworkException::forInvalidFile('crud.php')
 2 SYSTEMPATH/Common.php(1142): CodeIgniter\View\View->render('crud', [], true)
 3 APPPATH/Controllers/CRUD.php(41): view('crud', [...])
 4 APPPATH/Controllers/Event.php(22): App\Controllers\CRUD->read('Task', '1')
 5 SYSTEMPATH/CodeIgniter.php(907): App\Controllers\Event->updateAjax('1')
 6 SYSTEMPATH/CodeIgniter.php(457): CodeIgniter\CodeIgniter->runController(Object(App\Controllers\Event))
 7 SYSTEMPATH/CodeIgniter.php(340): CodeIgniter\CodeIgniter->handleRequest(null, Object(Config\Cache), false)
 8 FCPATH/index.php(67): CodeIgniter\CodeIgniter->run()
CRITICAL - 2023-04-16 22:23:05 --> Invalid file: crud.php
in SYSTEMPATH/Exceptions/FrameworkException.php on line 33.
 1 SYSTEMPATH/View/View.php(201): CodeIgniter\Exceptions\FrameworkException::forInvalidFile('crud.php')
 2 SYSTEMPATH/Common.php(1142): CodeIgniter\View\View->render('crud', [], true)
 3 APPPATH/Controllers/CRUD.php(41): view('crud', [...])
 4 APPPATH/Controllers/Event.php(22): App\Controllers\CRUD->read('Task', '1')
 5 SYSTEMPATH/CodeIgniter.php(907): App\Controllers\Event->updateAjax('1')
 6 SYSTEMPATH/CodeIgniter.php(457): CodeIgniter\CodeIgniter->runController(Object(App\Controllers\Event))
 7 SYSTEMPATH/CodeIgniter.php(340): CodeIgniter\CodeIgniter->handleRequest(null, Object(Config\Cache), false)
 8 FCPATH/index.php(67): CodeIgniter\CodeIgniter->run()
CRITICAL - 2023-04-16 22:23:24 --> Too few arguments to function App\Controllers\Event::updateAjax(), 0 passed in /var/www/html/vendor/codeigniter4/framework/system/CodeIgniter.php on line 907 and exactly 1 expected
in APPPATH/Controllers/Event.php on line 20.
 1 SYSTEMPATH/CodeIgniter.php(907): App\Controllers\Event->updateAjax()
 2 SYSTEMPATH/CodeIgniter.php(457): CodeIgniter\CodeIgniter->runController(Object(App\Controllers\Event))
 3 SYSTEMPATH/CodeIgniter.php(340): CodeIgniter\CodeIgniter->handleRequest(null, Object(Config\Cache), false)
 4 FCPATH/index.php(67): CodeIgniter\CodeIgniter->run()
CRITICAL - 2023-04-16 22:23:34 --> Invalid file: crud.php
in SYSTEMPATH/Exceptions/FrameworkException.php on line 33.
 1 SYSTEMPATH/View/View.php(201): CodeIgniter\Exceptions\FrameworkException::forInvalidFile('crud.php')
 2 SYSTEMPATH/Common.php(1142): CodeIgniter\View\View->render('crud', [], true)
 3 APPPATH/Controllers/CRUD.php(41): view('crud', [...])
 4 APPPATH/Controllers/Event.php(22): App\Controllers\CRUD->read('Task', '1')
 5 SYSTEMPATH/CodeIgniter.php(907): App\Controllers\Event->updateAjax('1')
 6 SYSTEMPATH/CodeIgniter.php(457): CodeIgniter\CodeIgniter->runController(Object(App\Controllers\Event))
 7 SYSTEMPATH/CodeIgniter.php(340): CodeIgniter\CodeIgniter->handleRequest(null, Object(Config\Cache), false)
 8 FCPATH/index.php(67): CodeIgniter\CodeIgniter->run()
CRITICAL - 2023-04-16 22:24:03 --> Invalid file: crud.php
in SYSTEMPATH/Exceptions/FrameworkException.php on line 33.
 1 SYSTEMPATH/View/View.php(201): CodeIgniter\Exceptions\FrameworkException::forInvalidFile('crud.php')
 2 SYSTEMPATH/Common.php(1142): CodeIgniter\View\View->render('crud', [], true)
 3 APPPATH/Controllers/CRUD.php(41): view('crud', [...])
 4 APPPATH/Controllers/Event.php(22): App\Controllers\CRUD->read('Task', '1')
 5 SYSTEMPATH/CodeIgniter.php(907): App\Controllers\Event->updateAjax('1')
 6 SYSTEMPATH/CodeIgniter.php(457): CodeIgniter\CodeIgniter->runController(Object(App\Controllers\Event))
 7 SYSTEMPATH/CodeIgniter.php(340): CodeIgniter\CodeIgniter->handleRequest(null, Object(Config\Cache), false)
 8 FCPATH/index.php(67): CodeIgniter\CodeIgniter->run()
CRITICAL - 2023-04-16 22:33:41 --> Call to undefined method App\Models\TaskModel::deleteById
in SYSTEMPATH/Model.php on line 774.
 1 APPPATH/Controllers/CRUD.php(44): CodeIgniter\Model->__call('deleteById', [...])
 2 APPPATH/Controllers/Event.php(29): App\Controllers\CRUD->delete('Task', '1')
 3 SYSTEMPATH/CodeIgniter.php(907): App\Controllers\Event->deleteAjax('1')
 4 SYSTEMPATH/CodeIgniter.php(457): CodeIgniter\CodeIgniter->runController(Object(App\Controllers\Event))
 5 SYSTEMPATH/CodeIgniter.php(340): CodeIgniter\CodeIgniter->handleRequest(null, Object(Config\Cache), false)
 6 FCPATH/index.php(67): CodeIgniter\CodeIgniter->run()
CRITICAL - 2023-04-16 22:47:12 --> Invalid file: be/Events.php
in SYSTEMPATH/Exceptions/FrameworkException.php on line 33.
 1 SYSTEMPATH/View/View.php(201): CodeIgniter\Exceptions\FrameworkException::forInvalidFile('be/Events.php')
 2 SYSTEMPATH/Common.php(1142): CodeIgniter\View\View->render('be/Events', [], true)
 3 APPPATH/Controllers/Task.php(13): view('be/Events', [...])
 4 SYSTEMPATH/CodeIgniter.php(907): App\Controllers\Task->index()
 5 SYSTEMPATH/CodeIgniter.php(457): CodeIgniter\CodeIgniter->runController(Object(App\Controllers\Task))
 6 SYSTEMPATH/CodeIgniter.php(340): CodeIgniter\CodeIgniter->handleRequest(null, Object(Config\Cache), false)
 7 FCPATH/index.php(67): CodeIgniter\CodeIgniter->run()
