CRITICAL - 2022-09-13 10:27:24 --> Undefined property: CodeIgniter\View\View::$load
in APPPATH/Views/fe/contact.php on line 3.
 1 APPPATH/Views/fe/contact.php(3): CodeIgniter\Debug\Exceptions->errorHandler(8, 'Undefined property: CodeIgniter\\View\\View::$load', 'APPPATH/Views/fe/contact.php', 3, [])
 2 SYSTEMPATH/View/View.php(213): include('APPPATH/Views/fe/contact.php')
 3 SYSTEMPATH/View/View.php(216): CodeIgniter\View\View->CodeIgniter\View\{closure}()
 4 SYSTEMPATH/Common.php(1142): CodeIgniter\View\View->render('fe/contact', [], true)
 5 APPPATH/Controllers/FeView.php(26): view('fe/contact')
 6 SYSTEMPATH/CodeIgniter.php(907): App\Controllers\FeView->contact()
 7 SYSTEMPATH/CodeIgniter.php(457): CodeIgniter\CodeIgniter->runController(Object(App\Controllers\FeView))
 8 SYSTEMPATH/CodeIgniter.php(340): CodeIgniter\CodeIgniter->handleRequest(null, Object(Config\Cache), false)
 9 FCPATH/index.php(67): CodeIgniter\CodeIgniter->run()
CRITICAL - 2022-09-13 10:36:15 --> Too few arguments to function CodeIgniter\View\View::__construct(), 0 passed in /var/www/html/app/Views/fe/contact.php on line 2 and at least 1 expected
in SYSTEMPATH/View/View.php on line 140.
 1 APPPATH/Views/fe/contact.php(2): CodeIgniter\View\View->__construct()
 2 SYSTEMPATH/View/View.php(213): include('APPPATH/Views/fe/contact.php')
 3 SYSTEMPATH/View/View.php(216): CodeIgniter\View\View->CodeIgniter\View\{closure}()
 4 SYSTEMPATH/Common.php(1142): CodeIgniter\View\View->render('fe/contact', [], true)
 5 APPPATH/Controllers/FeView.php(26): view('fe/contact')
 6 SYSTEMPATH/CodeIgniter.php(907): App\Controllers\FeView->contact()
 7 SYSTEMPATH/CodeIgniter.php(457): CodeIgniter\CodeIgniter->runController(Object(App\Controllers\FeView))
 8 SYSTEMPATH/CodeIgniter.php(340): CodeIgniter\CodeIgniter->handleRequest(null, Object(Config\Cache), false)
 9 FCPATH/index.php(67): CodeIgniter\CodeIgniter->run()
CRITICAL - 2022-09-13 10:38:50 --> Call to undefined method CodeIgniter\View\View::view()
in APPPATH/Views/fe/contact.php on line 2.
 1 SYSTEMPATH/View/View.php(213): include()
 2 SYSTEMPATH/View/View.php(216): CodeIgniter\View\View->CodeIgniter\View\{closure}()
 3 SYSTEMPATH/Common.php(1142): CodeIgniter\View\View->render('fe/contact', [], true)
 4 APPPATH/Controllers/FeView.php(26): view('fe/contact')
 5 SYSTEMPATH/CodeIgniter.php(907): App\Controllers\FeView->contact()
 6 SYSTEMPATH/CodeIgniter.php(457): CodeIgniter\CodeIgniter->runController(Object(App\Controllers\FeView))
 7 SYSTEMPATH/CodeIgniter.php(340): CodeIgniter\CodeIgniter->handleRequest(null, Object(Config\Cache), false)
 8 FCPATH/index.php(67): CodeIgniter\CodeIgniter->run()
CRITICAL - 2022-09-13 10:41:10 --> Call to undefined method CodeIgniter\View\View::view()
in APPPATH/Views/fe/contact.php on line 1.
 1 SYSTEMPATH/View/View.php(213): include()
 2 SYSTEMPATH/View/View.php(216): CodeIgniter\View\View->CodeIgniter\View\{closure}()
 3 SYSTEMPATH/Common.php(1142): CodeIgniter\View\View->render('fe/contact', [], true)
 4 APPPATH/Controllers/FeView.php(26): view('fe/contact')
 5 SYSTEMPATH/CodeIgniter.php(907): App\Controllers\FeView->contact()
 6 SYSTEMPATH/CodeIgniter.php(457): CodeIgniter\CodeIgniter->runController(Object(App\Controllers\FeView))
 7 SYSTEMPATH/CodeIgniter.php(340): CodeIgniter\CodeIgniter->handleRequest(null, Object(Config\Cache), false)
 8 FCPATH/index.php(67): CodeIgniter\CodeIgniter->run()
CRITICAL - 2022-09-13 10:55:27 --> Undefined property: CodeIgniter\View\View::$load
in APPPATH/Views/fe/contact.php on line 3.
 1 APPPATH/Views/fe/contact.php(3): CodeIgniter\Debug\Exceptions->errorHandler(8, 'Undefined property: CodeIgniter\\View\\View::$load', 'APPPATH/Views/fe/contact.php', 3, [])
 2 SYSTEMPATH/View/View.php(213): include('APPPATH/Views/fe/contact.php')
 3 SYSTEMPATH/View/View.php(216): CodeIgniter\View\View->CodeIgniter\View\{closure}()
 4 SYSTEMPATH/Common.php(1142): CodeIgniter\View\View->render('fe/contact', [], true)
 5 APPPATH/Controllers/FeView.php(26): view('fe/contact')
 6 SYSTEMPATH/CodeIgniter.php(907): App\Controllers\FeView->contact()
 7 SYSTEMPATH/CodeIgniter.php(457): CodeIgniter\CodeIgniter->runController(Object(App\Controllers\FeView))
 8 SYSTEMPATH/CodeIgniter.php(340): CodeIgniter\CodeIgniter->handleRequest(null, Object(Config\Cache), false)
 9 FCPATH/index.php(67): CodeIgniter\CodeIgniter->run()
CRITICAL - 2022-09-13 11:00:27 --> The user has User Info in Session, so already logged in or in pending login state. If a logged in user logs in again with other account, the session data of the previous user will be used as the new user. Fix your code to prevent users from logging in without logging out or delete the session data. user_id: 1
in VENDORPATH/codeigniter4/shield/src/Authentication/Authenticators/Session.php on line 609.
 1 VENDORPATH/codeigniter4/shield/src/Authentication/Authenticators/Session.php(161): CodeIgniter\Shield\Authentication\Authenticators\Session->startLogin(Object(CodeIgniter\Shield\Entities\User))
 2 VENDORPATH/codeigniter4/shield/src/Controllers/LoginController.php(59): CodeIgniter\Shield\Authentication\Authenticators\Session->attempt([...])
 3 SYSTEMPATH/CodeIgniter.php(907): CodeIgniter\Shield\Controllers\LoginController->loginAction()
 4 SYSTEMPATH/CodeIgniter.php(457): CodeIgniter\CodeIgniter->runController(Object(CodeIgniter\Shield\Controllers\LoginController))
 5 SYSTEMPATH/CodeIgniter.php(340): CodeIgniter\CodeIgniter->handleRequest(null, Object(Config\Cache), false)
 6 FCPATH/index.php(67): CodeIgniter\CodeIgniter->run()
CRITICAL - 2022-09-13 11:02:20 --> Undefined property: CodeIgniter\View\View::$load
in APPPATH/Views/fe/contact.php on line 3.
 1 APPPATH/Views/fe/contact.php(3): CodeIgniter\Debug\Exceptions->errorHandler(8, 'Undefined property: CodeIgniter\\View\\View::$load', 'APPPATH/Views/fe/contact.php', 3, [])
 2 SYSTEMPATH/View/View.php(213): include('APPPATH/Views/fe/contact.php')
 3 SYSTEMPATH/View/View.php(216): CodeIgniter\View\View->CodeIgniter\View\{closure}()
 4 SYSTEMPATH/Common.php(1142): CodeIgniter\View\View->render('fe/contact', [], true)
 5 APPPATH/Controllers/FeView.php(26): view('fe/contact')
 6 SYSTEMPATH/CodeIgniter.php(907): App\Controllers\FeView->contact()
 7 SYSTEMPATH/CodeIgniter.php(457): CodeIgniter\CodeIgniter->runController(Object(App\Controllers\FeView))
 8 SYSTEMPATH/CodeIgniter.php(340): CodeIgniter\CodeIgniter->handleRequest(null, Object(Config\Cache), false)
 9 FCPATH/index.php(67): CodeIgniter\CodeIgniter->run()
CRITICAL - 2022-09-13 14:35:19 --> Undefined property: CodeIgniter\View\View::$load
in APPPATH/Views/fe/contact.php on line 3.
 1 APPPATH/Views/fe/contact.php(3): CodeIgniter\Debug\Exceptions->errorHandler(8, 'Undefined property: CodeIgniter\\View\\View::$load', 'APPPATH/Views/fe/contact.php', 3, [])
 2 SYSTEMPATH/View/View.php(213): include('APPPATH/Views/fe/contact.php')
 3 SYSTEMPATH/View/View.php(216): CodeIgniter\View\View->CodeIgniter\View\{closure}()
 4 SYSTEMPATH/Common.php(1142): CodeIgniter\View\View->render('fe/contact', [], true)
 5 APPPATH/Controllers/FeView.php(26): view('fe/contact')
 6 SYSTEMPATH/CodeIgniter.php(907): App\Controllers\FeView->contact()
 7 SYSTEMPATH/CodeIgniter.php(457): CodeIgniter\CodeIgniter->runController(Object(App\Controllers\FeView))
 8 SYSTEMPATH/CodeIgniter.php(340): CodeIgniter\CodeIgniter->handleRequest(null, Object(Config\Cache), false)
 9 FCPATH/index.php(67): CodeIgniter\CodeIgniter->run()
CRITICAL - 2022-09-13 14:39:10 --> Undefined variable: view
in APPPATH/Views/fe/contact.php on line 3.
 1 APPPATH/Views/fe/contact.php(3): CodeIgniter\Debug\Exceptions->errorHandler(8, 'Undefined variable: view', 'APPPATH/Views/fe/contact.php', 3, [])
 2 SYSTEMPATH/View/View.php(213): include('APPPATH/Views/fe/contact.php')
 3 SYSTEMPATH/View/View.php(216): CodeIgniter\View\View->CodeIgniter\View\{closure}()
 4 SYSTEMPATH/Common.php(1142): CodeIgniter\View\View->render('fe/contact', [], true)
 5 APPPATH/Controllers/FeView.php(26): view('fe/contact')
 6 SYSTEMPATH/CodeIgniter.php(907): App\Controllers\FeView->contact()
 7 SYSTEMPATH/CodeIgniter.php(457): CodeIgniter\CodeIgniter->runController(Object(App\Controllers\FeView))
 8 SYSTEMPATH/CodeIgniter.php(340): CodeIgniter\CodeIgniter->handleRequest(null, Object(Config\Cache), false)
 9 FCPATH/index.php(67): CodeIgniter\CodeIgniter->run()
CRITICAL - 2022-09-13 14:39:19 --> Undefined property: CodeIgniter\View\View::$load
in APPPATH/Views/fe/contact.php on line 3.
 1 APPPATH/Views/fe/contact.php(3): CodeIgniter\Debug\Exceptions->errorHandler(8, 'Undefined property: CodeIgniter\\View\\View::$load', 'APPPATH/Views/fe/contact.php', 3, [])
 2 SYSTEMPATH/View/View.php(213): include('APPPATH/Views/fe/contact.php')
 3 SYSTEMPATH/View/View.php(216): CodeIgniter\View\View->CodeIgniter\View\{closure}()
 4 SYSTEMPATH/Common.php(1142): CodeIgniter\View\View->render('fe/contact', [], true)
 5 APPPATH/Controllers/FeView.php(26): view('fe/contact')
 6 SYSTEMPATH/CodeIgniter.php(907): App\Controllers\FeView->contact()
 7 SYSTEMPATH/CodeIgniter.php(457): CodeIgniter\CodeIgniter->runController(Object(App\Controllers\FeView))
 8 SYSTEMPATH/CodeIgniter.php(340): CodeIgniter\CodeIgniter->handleRequest(null, Object(Config\Cache), false)
 9 FCPATH/index.php(67): CodeIgniter\CodeIgniter->run()
CRITICAL - 2022-09-13 14:49:07 --> syntax error, unexpected 'echo' (T_ECHO)
in APPPATH/Views/fe/contact.php on line 2.
 1 SYSTEMPATH/View/View.php(216): CodeIgniter\View\View->CodeIgniter\View\{closure}()
 2 SYSTEMPATH/Common.php(1142): CodeIgniter\View\View->render('fe/contact', [], true)
 3 APPPATH/Controllers/FeView.php(26): view('fe/contact')
 4 SYSTEMPATH/CodeIgniter.php(907): App\Controllers\FeView->contact()
 5 SYSTEMPATH/CodeIgniter.php(457): CodeIgniter\CodeIgniter->runController(Object(App\Controllers\FeView))
 6 SYSTEMPATH/CodeIgniter.php(340): CodeIgniter\CodeIgniter->handleRequest(null, Object(Config\Cache), false)
 7 FCPATH/index.php(67): CodeIgniter\CodeIgniter->run()
CRITICAL - 2022-09-13 14:49:17 --> Undefined variable: view
in APPPATH/Views/fe/contact.php on line 2.
 1 APPPATH/Views/fe/contact.php(2): CodeIgniter\Debug\Exceptions->errorHandler(8, 'Undefined variable: view', 'APPPATH/Views/fe/contact.php', 2, [])
 2 SYSTEMPATH/View/View.php(213): include('APPPATH/Views/fe/contact.php')
 3 SYSTEMPATH/View/View.php(216): CodeIgniter\View\View->CodeIgniter\View\{closure}()
 4 SYSTEMPATH/Common.php(1142): CodeIgniter\View\View->render('fe/contact', [], true)
 5 APPPATH/Controllers/FeView.php(26): view('fe/contact')
 6 SYSTEMPATH/CodeIgniter.php(907): App\Controllers\FeView->contact()
 7 SYSTEMPATH/CodeIgniter.php(457): CodeIgniter\CodeIgniter->runController(Object(App\Controllers\FeView))
 8 SYSTEMPATH/CodeIgniter.php(340): CodeIgniter\CodeIgniter->handleRequest(null, Object(Config\Cache), false)
 9 FCPATH/index.php(67): CodeIgniter\CodeIgniter->run()
CRITICAL - 2022-09-13 23:38:18 --> include(header.php): failed to open stream: No such file or directory
in APPPATH/Views/fe/home.php on line 1.
 1 APPPATH/Views/fe/home.php(1): CodeIgniter\Debug\Exceptions->errorHandler(2, 'include(header.php): failed to open stream: No such file or directory', 'APPPATH/Views/fe/home.php', 1, [])
 2 APPPATH/Views/fe/home.php(1): include()
 3 SYSTEMPATH/View/View.php(213): include('APPPATH/Views/fe/home.php')
 4 SYSTEMPATH/View/View.php(216): CodeIgniter\View\View->CodeIgniter\View\{closure}()
 5 SYSTEMPATH/Common.php(1142): CodeIgniter\View\View->render('fe/home', [], true)
 6 APPPATH/Controllers/FeView.php(10): view('fe/home')
 7 SYSTEMPATH/CodeIgniter.php(907): App\Controllers\FeView->index()
 8 SYSTEMPATH/CodeIgniter.php(457): CodeIgniter\CodeIgniter->runController(Object(App\Controllers\FeView))
 9 SYSTEMPATH/CodeIgniter.php(340): CodeIgniter\CodeIgniter->handleRequest(null, Object(Config\Cache), false)
10 FCPATH/index.php(67): CodeIgniter\CodeIgniter->run()
CRITICAL - 2022-09-13 23:39:59 --> include(fe/header.php): failed to open stream: No such file or directory
in APPPATH/Views/Login.php on line 6.
 1 APPPATH/Views/Login.php(6): CodeIgniter\Debug\Exceptions->errorHandler(2, 'include(fe/header.php): failed to open stream: No such file or directory', 'APPPATH/Views/Login.php', 6, [])
 2 APPPATH/Views/Login.php(6): include()
 3 SYSTEMPATH/View/View.php(213): include('APPPATH/Views/Login.php')
 4 SYSTEMPATH/View/View.php(216): CodeIgniter\View\View->CodeIgniter\View\{closure}()
 5 SYSTEMPATH/Common.php(1142): CodeIgniter\View\View->render('../Views/Login', [], true)
 6 VENDORPATH/codeigniter4/shield/src/Controllers/LoginController.php(34): view('../Views/Login')
 7 SYSTEMPATH/CodeIgniter.php(907): CodeIgniter\Shield\Controllers\LoginController->loginView()
 8 SYSTEMPATH/CodeIgniter.php(457): CodeIgniter\CodeIgniter->runController(Object(CodeIgniter\Shield\Controllers\LoginController))
 9 SYSTEMPATH/CodeIgniter.php(340): CodeIgniter\CodeIgniter->handleRequest(null, Object(Config\Cache), false)
10 FCPATH/index.php(67): CodeIgniter\CodeIgniter->run()
CRITICAL - 2022-09-13 23:41:08 --> Invalid file: ../Views/fe/Login.php
in SYSTEMPATH/Exceptions/FrameworkException.php on line 33.
 1 SYSTEMPATH/View/View.php(201): CodeIgniter\Exceptions\FrameworkException::forInvalidFile('../Views/fe/Login.php')
 2 SYSTEMPATH/Common.php(1142): CodeIgniter\View\View->render('../Views/fe/Login', [], true)
 3 VENDORPATH/codeigniter4/shield/src/Controllers/LoginController.php(34): view('../Views/fe/Login')
 4 SYSTEMPATH/CodeIgniter.php(907): CodeIgniter\Shield\Controllers\LoginController->loginView()
 5 SYSTEMPATH/CodeIgniter.php(457): CodeIgniter\CodeIgniter->runController(Object(CodeIgniter\Shield\Controllers\LoginController))
 6 SYSTEMPATH/CodeIgniter.php(340): CodeIgniter\CodeIgniter->handleRequest(null, Object(Config\Cache), false)
 7 FCPATH/index.php(67): CodeIgniter\CodeIgniter->run()
CRITICAL - 2022-09-13 23:41:12 --> Invalid file: ../Views/fe/Login.php
in SYSTEMPATH/Exceptions/FrameworkException.php on line 33.
 1 SYSTEMPATH/View/View.php(201): CodeIgniter\Exceptions\FrameworkException::forInvalidFile('../Views/fe/Login.php')
 2 SYSTEMPATH/Common.php(1142): CodeIgniter\View\View->render('../Views/fe/Login', [], true)
 3 VENDORPATH/codeigniter4/shield/src/Controllers/LoginController.php(34): view('../Views/fe/Login')
 4 SYSTEMPATH/CodeIgniter.php(907): CodeIgniter\Shield\Controllers\LoginController->loginView()
 5 SYSTEMPATH/CodeIgniter.php(457): CodeIgniter\CodeIgniter->runController(Object(CodeIgniter\Shield\Controllers\LoginController))
 6 SYSTEMPATH/CodeIgniter.php(340): CodeIgniter\CodeIgniter->handleRequest(null, Object(Config\Cache), false)
 7 FCPATH/index.php(67): CodeIgniter\CodeIgniter->run()
CRITICAL - 2022-09-13 23:42:00 --> Invalid file: ../Views/fe/Login.php
in SYSTEMPATH/Exceptions/FrameworkException.php on line 33.
 1 SYSTEMPATH/View/View.php(201): CodeIgniter\Exceptions\FrameworkException::forInvalidFile('../Views/fe/Login.php')
 2 SYSTEMPATH/Common.php(1142): CodeIgniter\View\View->render('../Views/fe/Login', [], true)
 3 VENDORPATH/codeigniter4/shield/src/Controllers/LoginController.php(34): view('../Views/fe/Login')
 4 SYSTEMPATH/CodeIgniter.php(907): CodeIgniter\Shield\Controllers\LoginController->loginView()
 5 SYSTEMPATH/CodeIgniter.php(457): CodeIgniter\CodeIgniter->runController(Object(CodeIgniter\Shield\Controllers\LoginController))
 6 SYSTEMPATH/CodeIgniter.php(340): CodeIgniter\CodeIgniter->handleRequest(null, Object(Config\Cache), false)
 7 FCPATH/index.php(67): CodeIgniter\CodeIgniter->run()
CRITICAL - 2022-09-13 23:42:48 --> Invalid file: ../Views/fe/Login.php
in SYSTEMPATH/Exceptions/FrameworkException.php on line 33.
 1 SYSTEMPATH/View/View.php(201): CodeIgniter\Exceptions\FrameworkException::forInvalidFile('../Views/fe/Login.php')
 2 SYSTEMPATH/Common.php(1142): CodeIgniter\View\View->render('../Views/fe/Login', [], true)
 3 VENDORPATH/codeigniter4/shield/src/Controllers/LoginController.php(34): view('../Views/fe/Login')
 4 SYSTEMPATH/CodeIgniter.php(907): CodeIgniter\Shield\Controllers\LoginController->loginView()
 5 SYSTEMPATH/CodeIgniter.php(457): CodeIgniter\CodeIgniter->runController(Object(CodeIgniter\Shield\Controllers\LoginController))
 6 SYSTEMPATH/CodeIgniter.php(340): CodeIgniter\CodeIgniter->handleRequest(null, Object(Config\Cache), false)
 7 FCPATH/index.php(67): CodeIgniter\CodeIgniter->run()
CRITICAL - 2022-09-13 23:43:19 --> include(header-inc.php): failed to open stream: No such file or directory
in APPPATH/Views/Login.php on line 6.
 1 APPPATH/Views/Login.php(6): CodeIgniter\Debug\Exceptions->errorHandler(2, 'include(header-inc.php): failed to open stream: No such file or directory', 'APPPATH/Views/Login.php', 6, [])
 2 APPPATH/Views/Login.php(6): include()
 3 SYSTEMPATH/View/View.php(213): include('APPPATH/Views/Login.php')
 4 SYSTEMPATH/View/View.php(216): CodeIgniter\View\View->CodeIgniter\View\{closure}()
 5 SYSTEMPATH/Common.php(1142): CodeIgniter\View\View->render('../Views/Login', [], true)
 6 VENDORPATH/codeigniter4/shield/src/Controllers/LoginController.php(34): view('../Views/Login')
 7 SYSTEMPATH/CodeIgniter.php(907): CodeIgniter\Shield\Controllers\LoginController->loginView()
 8 SYSTEMPATH/CodeIgniter.php(457): CodeIgniter\CodeIgniter->runController(Object(CodeIgniter\Shield\Controllers\LoginController))
 9 SYSTEMPATH/CodeIgniter.php(340): CodeIgniter\CodeIgniter->handleRequest(null, Object(Config\Cache), false)
10 FCPATH/index.php(67): CodeIgniter\CodeIgniter->run()
CRITICAL - 2022-09-13 23:43:35 --> Invalid file: ../Views/fe/Login.php
in SYSTEMPATH/Exceptions/FrameworkException.php on line 33.
 1 SYSTEMPATH/View/View.php(201): CodeIgniter\Exceptions\FrameworkException::forInvalidFile('../Views/fe/Login.php')
 2 SYSTEMPATH/Common.php(1142): CodeIgniter\View\View->render('../Views/fe/Login', [], true)
 3 VENDORPATH/codeigniter4/shield/src/Controllers/LoginController.php(34): view('../Views/fe/Login')
 4 SYSTEMPATH/CodeIgniter.php(907): CodeIgniter\Shield\Controllers\LoginController->loginView()
 5 SYSTEMPATH/CodeIgniter.php(457): CodeIgniter\CodeIgniter->runController(Object(CodeIgniter\Shield\Controllers\LoginController))
 6 SYSTEMPATH/CodeIgniter.php(340): CodeIgniter\CodeIgniter->handleRequest(null, Object(Config\Cache), false)
 7 FCPATH/index.php(67): CodeIgniter\CodeIgniter->run()
CRITICAL - 2022-09-13 23:44:38 --> include(header-inc.php): failed to open stream: No such file or directory
in APPPATH/Views/Login.php on line 6.
 1 APPPATH/Views/Login.php(6): CodeIgniter\Debug\Exceptions->errorHandler(2, 'include(header-inc.php): failed to open stream: No such file or directory', 'APPPATH/Views/Login.php', 6, [])
 2 APPPATH/Views/Login.php(6): include()
 3 SYSTEMPATH/View/View.php(213): include('APPPATH/Views/Login.php')
 4 SYSTEMPATH/View/View.php(216): CodeIgniter\View\View->CodeIgniter\View\{closure}()
 5 SYSTEMPATH/Common.php(1142): CodeIgniter\View\View->render('../Views/Login', [], true)
 6 VENDORPATH/codeigniter4/shield/src/Controllers/LoginController.php(34): view('../Views/Login')
 7 SYSTEMPATH/CodeIgniter.php(907): CodeIgniter\Shield\Controllers\LoginController->loginView()
 8 SYSTEMPATH/CodeIgniter.php(457): CodeIgniter\CodeIgniter->runController(Object(CodeIgniter\Shield\Controllers\LoginController))
 9 SYSTEMPATH/CodeIgniter.php(340): CodeIgniter\CodeIgniter->handleRequest(null, Object(Config\Cache), false)
10 FCPATH/index.php(67): CodeIgniter\CodeIgniter->run()
CRITICAL - 2022-09-13 23:44:47 --> include(/var/www/html/app/Views/Login.php): failed to open stream: No such file or directory
in SYSTEMPATH/View/View.php on line 213.
 1 SYSTEMPATH/View/View.php(213): CodeIgniter\Debug\Exceptions->errorHandler(2, 'include(/var/www/html/app/Views/Login.php): failed to open stream: No such file or directory', 'SYSTEMPATH/View/View.php', 213, [])
 2 SYSTEMPATH/View/View.php(213): include()
 3 SYSTEMPATH/View/View.php(216): CodeIgniter\View\View->CodeIgniter\View\{closure}()
 4 SYSTEMPATH/Common.php(1142): CodeIgniter\View\View->render('../Views/Login', [], true)
 5 VENDORPATH/codeigniter4/shield/src/Controllers/LoginController.php(34): view('../Views/Login')
 6 SYSTEMPATH/CodeIgniter.php(907): CodeIgniter\Shield\Controllers\LoginController->loginView()
 7 SYSTEMPATH/CodeIgniter.php(457): CodeIgniter\CodeIgniter->runController(Object(CodeIgniter\Shield\Controllers\LoginController))
 8 SYSTEMPATH/CodeIgniter.php(340): CodeIgniter\CodeIgniter->handleRequest(null, Object(Config\Cache), false)
 9 FCPATH/index.php(67): CodeIgniter\CodeIgniter->run()
CRITICAL - 2022-09-13 23:44:59 --> include(/fe/header-inc.php): failed to open stream: No such file or directory
in APPPATH/Views/Login.php on line 6.
 1 APPPATH/Views/Login.php(6): CodeIgniter\Debug\Exceptions->errorHandler(2, 'include(/fe/header-inc.php): failed to open stream: No such file or directory', 'APPPATH/Views/Login.php', 6, [])
 2 APPPATH/Views/Login.php(6): include()
 3 SYSTEMPATH/View/View.php(213): include('APPPATH/Views/Login.php')
 4 SYSTEMPATH/View/View.php(216): CodeIgniter\View\View->CodeIgniter\View\{closure}()
 5 SYSTEMPATH/Common.php(1142): CodeIgniter\View\View->render('../Views/Login', [], true)
 6 VENDORPATH/codeigniter4/shield/src/Controllers/LoginController.php(34): view('../Views/Login')
 7 SYSTEMPATH/CodeIgniter.php(907): CodeIgniter\Shield\Controllers\LoginController->loginView()
 8 SYSTEMPATH/CodeIgniter.php(457): CodeIgniter\CodeIgniter->runController(Object(CodeIgniter\Shield\Controllers\LoginController))
 9 SYSTEMPATH/CodeIgniter.php(340): CodeIgniter\CodeIgniter->handleRequest(null, Object(Config\Cache), false)
10 FCPATH/index.php(67): CodeIgniter\CodeIgniter->run()
