ERROR - 2023-04-17 09:05:03 --> mysqli_sql_exception: Table 'db.settings' doesn't exist in /var/www/html/vendor/codeigniter4/framework/system/Database/MySQLi/Connection.php:292
Stack trace:
#0 /var/www/html/vendor/codeigniter4/framework/system/Database/MySQLi/Connection.php(292): mysqli->query('SELECT *\nFROM `...', 0)
#1 /var/www/html/vendor/codeigniter4/framework/system/Database/BaseConnection.php(693): CodeIgniter\Database\MySQLi\Connection->execute('SELECT *\nFROM `...')
#2 /var/www/html/vendor/codeigniter4/framework/system/Database/BaseConnection.php(620): CodeIgniter\Database\BaseConnection->simpleQuery('SELECT *\nFROM `...')
#3 /var/www/html/vendor/codeigniter4/framework/system/Database/BaseBuilder.php(1585): CodeIgniter\Database\BaseConnection->query('SELECT *\nFROM `...', Array, false)
#4 /var/www/html/vendor/codeigniter4/settings/src/Handlers/DatabaseHandler.php(163): CodeIgniter\Database\BaseBuilder->get()
#5 /var/www/html/vendor/codeigniter4/settings/src/Handlers/DatabaseHandler.php(41): CodeIgniter\Settings\Handlers\DatabaseHandler->hydrate(NULL)
#6 /var/www/html/vendor/codeigniter4/settings/src/Settings.php(59): CodeIgniter\Settings\Handlers\DatabaseHandler->has('Config\\Auth', 'allowMagicLinkL...', NULL)
#7 /var/www/html/vendor/codeigniter4/settings/src/Helpers/setting_helper.php(21): CodeIgniter\Settings\Settings->get('Auth.allowMagic...')
#8 /var/www/html/app/Views/Login.php(57): setting('Auth.allowMagic...')
#9 /var/www/html/vendor/codeigniter4/framework/system/View/View.php(213): include('/var/www/html/a...')
#10 /var/www/html/vendor/codeigniter4/framework/system/View/View.php(216): CodeIgniter\View\View->CodeIgniter\View\{closure}()
#11 /var/www/html/vendor/codeigniter4/framework/system/Common.php(1142): CodeIgniter\View\View->render('Login', Array, true)
#12 /var/www/html/app/Controllers/FeView.php(7): view('Login')
#13 /var/www/html/vendor/codeigniter4/framework/system/CodeIgniter.php(907): App\Controllers\FeView->index()
#14 /var/www/html/vendor/codeigniter4/framework/system/CodeIgniter.php(457): CodeIgniter\CodeIgniter->runController(Object(App\Controllers\FeView))
#15 /var/www/html/vendor/codeigniter4/framework/system/CodeIgniter.php(340): CodeIgniter\CodeIgniter->handleRequest(NULL, Object(Config\Cache), false)
#16 /var/www/html/public/index.php(67): CodeIgniter\CodeIgniter->run()
#17 {main}
CRITICAL - 2023-04-17 09:05:03 --> Table 'db.settings' doesn't exist
in SYSTEMPATH/Database/MySQLi/Connection.php on line 292.
 1 SYSTEMPATH/Database/MySQLi/Connection.php(292): mysqli->query('SELECT *
FROM `settings`
WHERE `context` IS NULL', 0)
 2 SYSTEMPATH/Database/BaseConnection.php(693): CodeIgniter\Database\MySQLi\Connection->execute('SELECT *
FROM `settings`
WHERE `context` IS NULL')
 3 SYSTEMPATH/Database/BaseConnection.php(620): CodeIgniter\Database\BaseConnection->simpleQuery('SELECT *
FROM `settings`
WHERE `context` IS NULL')
 4 SYSTEMPATH/Database/BaseBuilder.php(1585): CodeIgniter\Database\BaseConnection->query('SELECT *
FROM `settings`
WHERE `context` IS NULL', [], false)
 5 VENDORPATH/codeigniter4/settings/src/Handlers/DatabaseHandler.php(163): CodeIgniter\Database\BaseBuilder->get()
 6 VENDORPATH/codeigniter4/settings/src/Handlers/DatabaseHandler.php(41): CodeIgniter\Settings\Handlers\DatabaseHandler->hydrate(null)
 7 VENDORPATH/codeigniter4/settings/src/Settings.php(59): CodeIgniter\Settings\Handlers\DatabaseHandler->has('Config\\Auth', 'allowMagicLinkLogins', null)
 8 VENDORPATH/codeigniter4/settings/src/Helpers/setting_helper.php(21): CodeIgniter\Settings\Settings->get('Auth.allowMagicLinkLogins')
 9 APPPATH/Views/Login.php(57): setting('Auth.allowMagicLinkLogins')
10 SYSTEMPATH/View/View.php(213): include('APPPATH/Views/Login.php')
11 SYSTEMPATH/View/View.php(216): CodeIgniter\View\View->CodeIgniter\View\{closure}()
12 SYSTEMPATH/Common.php(1142): CodeIgniter\View\View->render('Login', [], true)
13 APPPATH/Controllers/FeView.php(7): view('Login')
14 SYSTEMPATH/CodeIgniter.php(907): App\Controllers\FeView->index()
15 SYSTEMPATH/CodeIgniter.php(457): CodeIgniter\CodeIgniter->runController(Object(App\Controllers\FeView))
16 SYSTEMPATH/CodeIgniter.php(340): CodeIgniter\CodeIgniter->handleRequest(null, Object(Config\Cache), false)
17 FCPATH/index.php(67): CodeIgniter\CodeIgniter->run()
ERROR - 2023-04-17 12:14:14 --> mysqli_sql_exception: Table 'db.settings' doesn't exist in /var/www/html/vendor/codeigniter4/framework/system/Database/MySQLi/Connection.php:292
Stack trace:
#0 /var/www/html/vendor/codeigniter4/framework/system/Database/MySQLi/Connection.php(292): mysqli->query('SELECT *\nFROM `...', 0)
#1 /var/www/html/vendor/codeigniter4/framework/system/Database/BaseConnection.php(693): CodeIgniter\Database\MySQLi\Connection->execute('SELECT *\nFROM `...')
#2 /var/www/html/vendor/codeigniter4/framework/system/Database/BaseConnection.php(620): CodeIgniter\Database\BaseConnection->simpleQuery('SELECT *\nFROM `...')
#3 /var/www/html/vendor/codeigniter4/framework/system/Database/BaseBuilder.php(1585): CodeIgniter\Database\BaseConnection->query('SELECT *\nFROM `...', Array, false)
#4 /var/www/html/vendor/codeigniter4/settings/src/Handlers/DatabaseHandler.php(163): CodeIgniter\Database\BaseBuilder->get()
#5 /var/www/html/vendor/codeigniter4/settings/src/Handlers/DatabaseHandler.php(41): CodeIgniter\Settings\Handlers\DatabaseHandler->hydrate(NULL)
#6 /var/www/html/vendor/codeigniter4/settings/src/Settings.php(59): CodeIgniter\Settings\Handlers\DatabaseHandler->has('Config\\Auth', 'allowMagicLinkL...', NULL)
#7 /var/www/html/vendor/codeigniter4/settings/src/Helpers/setting_helper.php(21): CodeIgniter\Settings\Settings->get('Auth.allowMagic...')
#8 /var/www/html/app/Views/Login.php(57): setting('Auth.allowMagic...')
#9 /var/www/html/vendor/codeigniter4/framework/system/View/View.php(213): include('/var/www/html/a...')
#10 /var/www/html/vendor/codeigniter4/framework/system/View/View.php(216): CodeIgniter\View\View->CodeIgniter\View\{closure}()
#11 /var/www/html/vendor/codeigniter4/framework/system/Common.php(1142): CodeIgniter\View\View->render('Login', Array, true)
#12 /var/www/html/app/Controllers/FeView.php(7): view('Login')
#13 /var/www/html/vendor/codeigniter4/framework/system/CodeIgniter.php(907): App\Controllers\FeView->index()
#14 /var/www/html/vendor/codeigniter4/framework/system/CodeIgniter.php(457): CodeIgniter\CodeIgniter->runController(Object(App\Controllers\FeView))
#15 /var/www/html/vendor/codeigniter4/framework/system/CodeIgniter.php(340): CodeIgniter\CodeIgniter->handleRequest(NULL, Object(Config\Cache), false)
#16 /var/www/html/public/index.php(67): CodeIgniter\CodeIgniter->run()
#17 {main}
CRITICAL - 2023-04-17 12:14:14 --> Table 'db.settings' doesn't exist
in SYSTEMPATH/Database/MySQLi/Connection.php on line 292.
 1 SYSTEMPATH/Database/MySQLi/Connection.php(292): mysqli->query('SELECT *
FROM `settings`
WHERE `context` IS NULL', 0)
 2 SYSTEMPATH/Database/BaseConnection.php(693): CodeIgniter\Database\MySQLi\Connection->execute('SELECT *
FROM `settings`
WHERE `context` IS NULL')
 3 SYSTEMPATH/Database/BaseConnection.php(620): CodeIgniter\Database\BaseConnection->simpleQuery('SELECT *
FROM `settings`
WHERE `context` IS NULL')
 4 SYSTEMPATH/Database/BaseBuilder.php(1585): CodeIgniter\Database\BaseConnection->query('SELECT *
FROM `settings`
WHERE `context` IS NULL', [], false)
 5 VENDORPATH/codeigniter4/settings/src/Handlers/DatabaseHandler.php(163): CodeIgniter\Database\BaseBuilder->get()
 6 VENDORPATH/codeigniter4/settings/src/Handlers/DatabaseHandler.php(41): CodeIgniter\Settings\Handlers\DatabaseHandler->hydrate(null)
 7 VENDORPATH/codeigniter4/settings/src/Settings.php(59): CodeIgniter\Settings\Handlers\DatabaseHandler->has('Config\\Auth', 'allowMagicLinkLogins', null)
 8 VENDORPATH/codeigniter4/settings/src/Helpers/setting_helper.php(21): CodeIgniter\Settings\Settings->get('Auth.allowMagicLinkLogins')
 9 APPPATH/Views/Login.php(57): setting('Auth.allowMagicLinkLogins')
10 SYSTEMPATH/View/View.php(213): include('APPPATH/Views/Login.php')
11 SYSTEMPATH/View/View.php(216): CodeIgniter\View\View->CodeIgniter\View\{closure}()
12 SYSTEMPATH/Common.php(1142): CodeIgniter\View\View->render('Login', [], true)
13 APPPATH/Controllers/FeView.php(7): view('Login')
14 SYSTEMPATH/CodeIgniter.php(907): App\Controllers\FeView->index()
15 SYSTEMPATH/CodeIgniter.php(457): CodeIgniter\CodeIgniter->runController(Object(App\Controllers\FeView))
16 SYSTEMPATH/CodeIgniter.php(340): CodeIgniter\CodeIgniter->handleRequest(null, Object(Config\Cache), false)
17 FCPATH/index.php(67): CodeIgniter\CodeIgniter->run()
ERROR - 2023-04-17 12:17:23 --> mysqli_sql_exception: Table 'db.settings' doesn't exist in /var/www/html/vendor/codeigniter4/framework/system/Database/MySQLi/Connection.php:292
Stack trace:
#0 /var/www/html/vendor/codeigniter4/framework/system/Database/MySQLi/Connection.php(292): mysqli->query('SELECT *\nFROM `...', 0)
#1 /var/www/html/vendor/codeigniter4/framework/system/Database/BaseConnection.php(693): CodeIgniter\Database\MySQLi\Connection->execute('SELECT *\nFROM `...')
#2 /var/www/html/vendor/codeigniter4/framework/system/Database/BaseConnection.php(620): CodeIgniter\Database\BaseConnection->simpleQuery('SELECT *\nFROM `...')
#3 /var/www/html/vendor/codeigniter4/framework/system/Database/BaseBuilder.php(1585): CodeIgniter\Database\BaseConnection->query('SELECT *\nFROM `...', Array, false)
#4 /var/www/html/vendor/codeigniter4/settings/src/Handlers/DatabaseHandler.php(163): CodeIgniter\Database\BaseBuilder->get()
#5 /var/www/html/vendor/codeigniter4/settings/src/Handlers/DatabaseHandler.php(41): CodeIgniter\Settings\Handlers\DatabaseHandler->hydrate(NULL)
#6 /var/www/html/vendor/codeigniter4/settings/src/Settings.php(59): CodeIgniter\Settings\Handlers\DatabaseHandler->has('Config\\Auth', 'allowMagicLinkL...', NULL)
#7 /var/www/html/vendor/codeigniter4/settings/src/Helpers/setting_helper.php(21): CodeIgniter\Settings\Settings->get('Auth.allowMagic...')
#8 /var/www/html/app/Views/Login.php(57): setting('Auth.allowMagic...')
#9 /var/www/html/vendor/codeigniter4/framework/system/View/View.php(213): include('/var/www/html/a...')
#10 /var/www/html/vendor/codeigniter4/framework/system/View/View.php(216): CodeIgniter\View\View->CodeIgniter\View\{closure}()
#11 /var/www/html/vendor/codeigniter4/framework/system/Common.php(1142): CodeIgniter\View\View->render('Login', Array, true)
#12 /var/www/html/app/Controllers/FeView.php(7): view('Login')
#13 /var/www/html/vendor/codeigniter4/framework/system/CodeIgniter.php(907): App\Controllers\FeView->index()
#14 /var/www/html/vendor/codeigniter4/framework/system/CodeIgniter.php(457): CodeIgniter\CodeIgniter->runController(Object(App\Controllers\FeView))
#15 /var/www/html/vendor/codeigniter4/framework/system/CodeIgniter.php(340): CodeIgniter\CodeIgniter->handleRequest(NULL, Object(Config\Cache), false)
#16 /var/www/html/public/index.php(67): CodeIgniter\CodeIgniter->run()
#17 {main}
CRITICAL - 2023-04-17 12:17:23 --> Table 'db.settings' doesn't exist
in SYSTEMPATH/Database/MySQLi/Connection.php on line 292.
 1 SYSTEMPATH/Database/MySQLi/Connection.php(292): mysqli->query('SELECT *
FROM `settings`
WHERE `context` IS NULL', 0)
 2 SYSTEMPATH/Database/BaseConnection.php(693): CodeIgniter\Database\MySQLi\Connection->execute('SELECT *
FROM `settings`
WHERE `context` IS NULL')
 3 SYSTEMPATH/Database/BaseConnection.php(620): CodeIgniter\Database\BaseConnection->simpleQuery('SELECT *
FROM `settings`
WHERE `context` IS NULL')
 4 SYSTEMPATH/Database/BaseBuilder.php(1585): CodeIgniter\Database\BaseConnection->query('SELECT *
FROM `settings`
WHERE `context` IS NULL', [], false)
 5 VENDORPATH/codeigniter4/settings/src/Handlers/DatabaseHandler.php(163): CodeIgniter\Database\BaseBuilder->get()
 6 VENDORPATH/codeigniter4/settings/src/Handlers/DatabaseHandler.php(41): CodeIgniter\Settings\Handlers\DatabaseHandler->hydrate(null)
 7 VENDORPATH/codeigniter4/settings/src/Settings.php(59): CodeIgniter\Settings\Handlers\DatabaseHandler->has('Config\\Auth', 'allowMagicLinkLogins', null)
 8 VENDORPATH/codeigniter4/settings/src/Helpers/setting_helper.php(21): CodeIgniter\Settings\Settings->get('Auth.allowMagicLinkLogins')
 9 APPPATH/Views/Login.php(57): setting('Auth.allowMagicLinkLogins')
10 SYSTEMPATH/View/View.php(213): include('APPPATH/Views/Login.php')
11 SYSTEMPATH/View/View.php(216): CodeIgniter\View\View->CodeIgniter\View\{closure}()
12 SYSTEMPATH/Common.php(1142): CodeIgniter\View\View->render('Login', [], true)
13 APPPATH/Controllers/FeView.php(7): view('Login')
14 SYSTEMPATH/CodeIgniter.php(907): App\Controllers\FeView->index()
15 SYSTEMPATH/CodeIgniter.php(457): CodeIgniter\CodeIgniter->runController(Object(App\Controllers\FeView))
16 SYSTEMPATH/CodeIgniter.php(340): CodeIgniter\CodeIgniter->handleRequest(null, Object(Config\Cache), false)
17 FCPATH/index.php(67): CodeIgniter\CodeIgniter->run()
CRITICAL - 2023-04-17 14:22:08 --> The user has User Info in Session, so already logged in or in pending login state. If a logged in user logs in again with other account, the session data of the previous user will be used as the new user. Fix your code to prevent users from logging in without logging out or delete the session data. user_id: 10
in VENDORPATH/codeigniter4/shield/src/Authentication/Authenticators/Session.php on line 609.
 1 VENDORPATH/codeigniter4/shield/src/Authentication/Authenticators/Session.php(161): CodeIgniter\Shield\Authentication\Authenticators\Session->startLogin(Object(CodeIgniter\Shield\Entities\User))
 2 VENDORPATH/codeigniter4/shield/src/Controllers/LoginController.php(59): CodeIgniter\Shield\Authentication\Authenticators\Session->attempt([...])
 3 SYSTEMPATH/CodeIgniter.php(907): CodeIgniter\Shield\Controllers\LoginController->loginAction()
 4 SYSTEMPATH/CodeIgniter.php(457): CodeIgniter\CodeIgniter->runController(Object(CodeIgniter\Shield\Controllers\LoginController))
 5 SYSTEMPATH/CodeIgniter.php(340): CodeIgniter\CodeIgniter->handleRequest(null, Object(Config\Cache), false)
 6 FCPATH/index.php(67): CodeIgniter\CodeIgniter->run()
