CRITICAL - 2022-09-28 15:34:34 --> require(path/to/google-search-results.php): failed to open stream: No such file or directory
in APPPATH/Controllers/Api.php on line 16.
 1 APPPATH/Controllers/Api.php(16): CodeIgniter\Debug\Exceptions->errorHandler(2, 'require(path/to/google-search-results.php): failed to open stream: No such file or directory', 'APPPATH/Controllers/Api.php', 16, [...])
 2 APPPATH/Controllers/Api.php(16): require()
 3 SYSTEMPATH/CodeIgniter.php(907): App\Controllers\Api->searchTeamOrPlayer()
 4 SYSTEMPATH/CodeIgniter.php(457): CodeIgniter\CodeIgniter->runController(Object(App\Controllers\Api))
 5 SYSTEMPATH/CodeIgniter.php(340): CodeIgniter\CodeIgniter->handleRequest(null, Object(Config\Cache), false)
 6 FCPATH/index.php(67): CodeIgniter\CodeIgniter->run()
CRITICAL - 2022-09-28 15:40:39 --> Class 'App\Controllers\GoogleSearch' not found
in APPPATH/Controllers/Api.php on line 24.
 1 SYSTEMPATH/CodeIgniter.php(907): App\Controllers\Api->searchTeamOrPlayer()
 2 SYSTEMPATH/CodeIgniter.php(457): CodeIgniter\CodeIgniter->runController(Object(App\Controllers\Api))
 3 SYSTEMPATH/CodeIgniter.php(340): CodeIgniter\CodeIgniter->handleRequest(null, Object(Config\Cache), false)
 4 FCPATH/index.php(67): CodeIgniter\CodeIgniter->run()
CRITICAL - 2022-09-28 15:44:05 --> Class 'App\Controllers\GoogleSearch' not found
in APPPATH/Controllers/Api.php on line 23.
 1 SYSTEMPATH/CodeIgniter.php(907): App\Controllers\Api->searchTeamOrPlayer()
 2 SYSTEMPATH/CodeIgniter.php(457): CodeIgniter\CodeIgniter->runController(Object(App\Controllers\Api))
 3 SYSTEMPATH/CodeIgniter.php(340): CodeIgniter\CodeIgniter->handleRequest(null, Object(Config\Cache), false)
 4 FCPATH/index.php(67): CodeIgniter\CodeIgniter->run()
CRITICAL - 2022-09-28 15:44:13 --> Too few arguments to function GoogleSearch::__construct(), 0 passed in /var/www/html/app/Controllers/Api.php on line 23 and exactly 1 expected
in APPPATH/Controllers/google-search-results.php on line 12.
 1 APPPATH/Controllers/Api.php(23): GoogleSearch->__construct()
 2 SYSTEMPATH/CodeIgniter.php(907): App\Controllers\Api->searchTeamOrPlayer()
 3 SYSTEMPATH/CodeIgniter.php(457): CodeIgniter\CodeIgniter->runController(Object(App\Controllers\Api))
 4 SYSTEMPATH/CodeIgniter.php(340): CodeIgniter\CodeIgniter->handleRequest(null, Object(Config\Cache), false)
 5 FCPATH/index.php(67): CodeIgniter\CodeIgniter->run()
CRITICAL - 2022-09-28 19:10:26 --> Undefined property: stdClass::$sports_results
in APPPATH/Controllers/Api.php on line 23.
 1 APPPATH/Controllers/Api.php(23): CodeIgniter\Debug\Exceptions->errorHandler(8, 'Undefined property: stdClass::$sports_results', 'APPPATH/Controllers/Api.php', 23, [...])
 2 SYSTEMPATH/CodeIgniter.php(907): App\Controllers\Api->searchTeamOrPlayer()
 3 SYSTEMPATH/CodeIgniter.php(457): CodeIgniter\CodeIgniter->runController(Object(App\Controllers\Api))
 4 SYSTEMPATH/CodeIgniter.php(340): CodeIgniter\CodeIgniter->handleRequest(null, Object(Config\Cache), false)
 5 FCPATH/index.php(67): CodeIgniter\CodeIgniter->run()
CRITICAL - 2022-09-28 19:10:35 --> Undefined property: stdClass::$sports_results
in APPPATH/Controllers/Api.php on line 23.
 1 APPPATH/Controllers/Api.php(23): CodeIgniter\Debug\Exceptions->errorHandler(8, 'Undefined property: stdClass::$sports_results', 'APPPATH/Controllers/Api.php', 23, [...])
 2 SYSTEMPATH/CodeIgniter.php(907): App\Controllers\Api->searchTeamOrPlayer()
 3 SYSTEMPATH/CodeIgniter.php(457): CodeIgniter\CodeIgniter->runController(Object(App\Controllers\Api))
 4 SYSTEMPATH/CodeIgniter.php(340): CodeIgniter\CodeIgniter->handleRequest(null, Object(Config\Cache), false)
 5 FCPATH/index.php(67): CodeIgniter\CodeIgniter->run()
CRITICAL - 2022-09-28 19:10:42 --> Undefined property: stdClass::$sports_results
in APPPATH/Controllers/Api.php on line 23.
 1 APPPATH/Controllers/Api.php(23): CodeIgniter\Debug\Exceptions->errorHandler(8, 'Undefined property: stdClass::$sports_results', 'APPPATH/Controllers/Api.php', 23, [...])
 2 SYSTEMPATH/CodeIgniter.php(907): App\Controllers\Api->searchTeamOrPlayer()
 3 SYSTEMPATH/CodeIgniter.php(457): CodeIgniter\CodeIgniter->runController(Object(App\Controllers\Api))
 4 SYSTEMPATH/CodeIgniter.php(340): CodeIgniter\CodeIgniter->handleRequest(null, Object(Config\Cache), false)
 5 FCPATH/index.php(67): CodeIgniter\CodeIgniter->run()
CRITICAL - 2022-09-28 21:55:25 --> syntax error, unexpected 'also' (T_STRING)
in APPPATH/Controllers/Api.php on line 24.
 1 SYSTEMPATH/Router/Router.php(499): CodeIgniter\Router\AutoRouter->getRoute('Api/')
 2 SYSTEMPATH/Router/Router.php(205): CodeIgniter\Router\Router->autoRoute('Api/')
 3 SYSTEMPATH/CodeIgniter.php(782): CodeIgniter\Router\Router->handle('Api/')
 4 SYSTEMPATH/CodeIgniter.php(406): CodeIgniter\CodeIgniter->tryToRouteIt(Object(CodeIgniter\Router\RouteCollection))
 5 SYSTEMPATH/CodeIgniter.php(340): CodeIgniter\CodeIgniter->handleRequest(null, Object(Config\Cache), false)
 6 FCPATH/index.php(67): CodeIgniter\CodeIgniter->run()
CRITICAL - 2022-09-28 21:55:28 --> syntax error, unexpected 'also' (T_STRING)
in APPPATH/Controllers/Api.php on line 24.
 1 SYSTEMPATH/Router/Router.php(499): CodeIgniter\Router\AutoRouter->getRoute('Api/')
 2 SYSTEMPATH/Router/Router.php(205): CodeIgniter\Router\Router->autoRoute('Api/')
 3 SYSTEMPATH/CodeIgniter.php(782): CodeIgniter\Router\Router->handle('Api/')
 4 SYSTEMPATH/CodeIgniter.php(406): CodeIgniter\CodeIgniter->tryToRouteIt(Object(CodeIgniter\Router\RouteCollection))
 5 SYSTEMPATH/CodeIgniter.php(340): CodeIgniter\CodeIgniter->handleRequest(null, Object(Config\Cache), false)
 6 FCPATH/index.php(67): CodeIgniter\CodeIgniter->run()
CRITICAL - 2022-09-28 21:55:37 --> syntax error, unexpected 'also' (T_STRING)
in APPPATH/Controllers/Api.php on line 24.
 1 SYSTEMPATH/Router/Router.php(499): CodeIgniter\Router\AutoRouter->getRoute('api')
 2 SYSTEMPATH/Router/Router.php(205): CodeIgniter\Router\Router->autoRoute('api')
 3 SYSTEMPATH/CodeIgniter.php(782): CodeIgniter\Router\Router->handle('api')
 4 SYSTEMPATH/CodeIgniter.php(406): CodeIgniter\CodeIgniter->tryToRouteIt(Object(CodeIgniter\Router\RouteCollection))
 5 SYSTEMPATH/CodeIgniter.php(340): CodeIgniter\CodeIgniter->handleRequest(null, Object(Config\Cache), false)
 6 FCPATH/index.php(67): CodeIgniter\CodeIgniter->run()
CRITICAL - 2022-09-28 21:58:41 --> syntax error, unexpected '2' (T_LNUMBER), expecting identifier (T_STRING) or variable (T_VARIABLE) or '{' or '$'
in APPPATH/Controllers/Api.php on line 26.
 1 SYSTEMPATH/Router/Router.php(499): CodeIgniter\Router\AutoRouter->getRoute('Api/searchTeamOrPlayer')
 2 SYSTEMPATH/Router/Router.php(205): CodeIgniter\Router\Router->autoRoute('Api/searchTeamOrPlayer')
 3 SYSTEMPATH/CodeIgniter.php(782): CodeIgniter\Router\Router->handle('Api/searchTeamOrPlayer')
 4 SYSTEMPATH/CodeIgniter.php(406): CodeIgniter\CodeIgniter->tryToRouteIt(Object(CodeIgniter\Router\RouteCollection))
 5 SYSTEMPATH/CodeIgniter.php(340): CodeIgniter\CodeIgniter->handleRequest(null, Object(Config\Cache), false)
 6 FCPATH/index.php(67): CodeIgniter\CodeIgniter->run()
CRITICAL - 2022-09-28 21:58:47 --> Cannot use object of type stdClass as array
in APPPATH/Controllers/Api.php on line 26.
 1 SYSTEMPATH/CodeIgniter.php(907): App\Controllers\Api->searchTeamOrPlayer()
 2 SYSTEMPATH/CodeIgniter.php(457): CodeIgniter\CodeIgniter->runController(Object(App\Controllers\Api))
 3 SYSTEMPATH/CodeIgniter.php(340): CodeIgniter\CodeIgniter->handleRequest(null, Object(Config\Cache), false)
 4 FCPATH/index.php(67): CodeIgniter\CodeIgniter->run()
CRITICAL - 2022-09-28 21:59:28 --> syntax error, unexpected '2' (T_LNUMBER), expecting identifier (T_STRING) or variable (T_VARIABLE) or '{' or '$'
in APPPATH/Controllers/Api.php on line 26.
 1 SYSTEMPATH/Router/Router.php(499): CodeIgniter\Router\AutoRouter->getRoute('Api/searchTeamOrPlayer')
 2 SYSTEMPATH/Router/Router.php(205): CodeIgniter\Router\Router->autoRoute('Api/searchTeamOrPlayer')
 3 SYSTEMPATH/CodeIgniter.php(782): CodeIgniter\Router\Router->handle('Api/searchTeamOrPlayer')
 4 SYSTEMPATH/CodeIgniter.php(406): CodeIgniter\CodeIgniter->tryToRouteIt(Object(CodeIgniter\Router\RouteCollection))
 5 SYSTEMPATH/CodeIgniter.php(340): CodeIgniter\CodeIgniter->handleRequest(null, Object(Config\Cache), false)
 6 FCPATH/index.php(67): CodeIgniter\CodeIgniter->run()
CRITICAL - 2022-09-28 22:01:55 --> json_decode() expects parameter 1 to be string, object given
in APPPATH/Controllers/Api.php on line 25.
 1 [internal function]: CodeIgniter\Debug\Exceptions->errorHandler(2, 'json_decode() expects parameter 1 to be string, object given', 'APPPATH/Controllers/Api.php', 25, [...])
 2 APPPATH/Controllers/Api.php(25): json_decode(Object(stdClass), true)
 3 SYSTEMPATH/CodeIgniter.php(907): App\Controllers\Api->searchTeamOrPlayer()
 4 SYSTEMPATH/CodeIgniter.php(457): CodeIgniter\CodeIgniter->runController(Object(App\Controllers\Api))
 5 SYSTEMPATH/CodeIgniter.php(340): CodeIgniter\CodeIgniter->handleRequest(null, Object(Config\Cache), false)
 6 FCPATH/index.php(67): CodeIgniter\CodeIgniter->run()
CRITICAL - 2022-09-28 22:02:27 --> json_decode() expects parameter 1 to be string, array given
in APPPATH/Controllers/Api.php on line 25.
 1 [internal function]: CodeIgniter\Debug\Exceptions->errorHandler(2, 'json_decode() expects parameter 1 to be string, array given', 'APPPATH/Controllers/Api.php', 25, [...])
 2 APPPATH/Controllers/Api.php(25): json_decode([...], true)
 3 SYSTEMPATH/CodeIgniter.php(907): App\Controllers\Api->searchTeamOrPlayer()
 4 SYSTEMPATH/CodeIgniter.php(457): CodeIgniter\CodeIgniter->runController(Object(App\Controllers\Api))
 5 SYSTEMPATH/CodeIgniter.php(340): CodeIgniter\CodeIgniter->handleRequest(null, Object(Config\Cache), false)
 6 FCPATH/index.php(67): CodeIgniter\CodeIgniter->run()
CRITICAL - 2022-09-28 22:07:47 --> syntax error, unexpected 'weisch' (T_STRING)
in APPPATH/Controllers/Api.php on line 24.
 1 SYSTEMPATH/Router/Router.php(499): CodeIgniter\Router\AutoRouter->getRoute('Api/searchTeamOrPlayer')
 2 SYSTEMPATH/Router/Router.php(205): CodeIgniter\Router\Router->autoRoute('Api/searchTeamOrPlayer')
 3 SYSTEMPATH/CodeIgniter.php(782): CodeIgniter\Router\Router->handle('Api/searchTeamOrPlayer')
 4 SYSTEMPATH/CodeIgniter.php(406): CodeIgniter\CodeIgniter->tryToRouteIt(Object(CodeIgniter\Router\RouteCollection))
 5 SYSTEMPATH/CodeIgniter.php(340): CodeIgniter\CodeIgniter->handleRequest(null, Object(Config\Cache), false)
 6 FCPATH/index.php(67): CodeIgniter\CodeIgniter->run()
CRITICAL - 2022-09-28 22:07:58 --> syntax error, unexpected 'weisch' (T_STRING)
in APPPATH/Controllers/Api.php on line 24.
 1 SYSTEMPATH/Router/Router.php(499): CodeIgniter\Router\AutoRouter->getRoute('api')
 2 SYSTEMPATH/Router/Router.php(205): CodeIgniter\Router\Router->autoRoute('api')
 3 SYSTEMPATH/CodeIgniter.php(782): CodeIgniter\Router\Router->handle('api')
 4 SYSTEMPATH/CodeIgniter.php(406): CodeIgniter\CodeIgniter->tryToRouteIt(Object(CodeIgniter\Router\RouteCollection))
 5 SYSTEMPATH/CodeIgniter.php(340): CodeIgniter\CodeIgniter->handleRequest(null, Object(Config\Cache), false)
 6 FCPATH/index.php(67): CodeIgniter\CodeIgniter->run()
CRITICAL - 2022-09-28 22:08:02 --> syntax error, unexpected 'weisch' (T_STRING)
in APPPATH/Controllers/Api.php on line 24.
 1 SYSTEMPATH/Router/Router.php(499): CodeIgniter\Router\AutoRouter->getRoute('api')
 2 SYSTEMPATH/Router/Router.php(205): CodeIgniter\Router\Router->autoRoute('api')
 3 SYSTEMPATH/CodeIgniter.php(782): CodeIgniter\Router\Router->handle('api')
 4 SYSTEMPATH/CodeIgniter.php(406): CodeIgniter\CodeIgniter->tryToRouteIt(Object(CodeIgniter\Router\RouteCollection))
 5 SYSTEMPATH/CodeIgniter.php(340): CodeIgniter\CodeIgniter->handleRequest(null, Object(Config\Cache), false)
 6 FCPATH/index.php(67): CodeIgniter\CodeIgniter->run()
CRITICAL - 2022-09-28 22:38:27 --> syntax error, unexpected 'easy' (T_STRING)
in APPPATH/Controllers/Api.php on line 30.
 1 SYSTEMPATH/Router/Router.php(499): CodeIgniter\Router\AutoRouter->getRoute('api')
 2 SYSTEMPATH/Router/Router.php(205): CodeIgniter\Router\Router->autoRoute('api')
 3 SYSTEMPATH/CodeIgniter.php(782): CodeIgniter\Router\Router->handle('api')
 4 SYSTEMPATH/CodeIgniter.php(406): CodeIgniter\CodeIgniter->tryToRouteIt(Object(CodeIgniter\Router\RouteCollection))
 5 SYSTEMPATH/CodeIgniter.php(340): CodeIgniter\CodeIgniter->handleRequest(null, Object(Config\Cache), false)
 6 FCPATH/index.php(67): CodeIgniter\CodeIgniter->run()
