CRITICAL - 2022-10-02 12:29:29 --> Trying to access array offset on value of type null
in APPPATH/Controllers/Dashboard.php on line 10.
 1 APPPATH/Controllers/Dashboard.php(10): CodeIgniter\Debug\Exceptions->errorHandler(8, 'Trying to access array offset on value of type null', 'APPPATH/Controllers/Dashboard.php', 10, [])
 2 SYSTEMPATH/CodeIgniter.php(907): App\Controllers\Dashboard->index()
 3 SYSTEMPATH/CodeIgniter.php(457): CodeIgniter\CodeIgniter->runController(Object(App\Controllers\Dashboard))
 4 SYSTEMPATH/CodeIgniter.php(340): CodeIgniter\CodeIgniter->handleRequest(null, Object(Config\Cache), false)
 5 FCPATH/index.php(67): CodeIgniter\CodeIgniter->run()
CRITICAL - 2022-10-02 12:29:34 --> Trying to access array offset on value of type null
in APPPATH/Controllers/Dashboard.php on line 10.
 1 APPPATH/Controllers/Dashboard.php(10): CodeIgniter\Debug\Exceptions->errorHandler(8, 'Trying to access array offset on value of type null', 'APPPATH/Controllers/Dashboard.php', 10, [])
 2 SYSTEMPATH/CodeIgniter.php(907): App\Controllers\Dashboard->index()
 3 SYSTEMPATH/CodeIgniter.php(457): CodeIgniter\CodeIgniter->runController(Object(App\Controllers\Dashboard))
 4 SYSTEMPATH/CodeIgniter.php(340): CodeIgniter\CodeIgniter->handleRequest(null, Object(Config\Cache), false)
 5 FCPATH/index.php(67): CodeIgniter\CodeIgniter->run()
CRITICAL - 2022-10-02 12:36:40 --> Call to protected method App\Controllers\Statistics::getWealth() from context 'App\Controllers\Dashboard'
in APPPATH/Controllers/Dashboard.php on line 13.
 1 SYSTEMPATH/CodeIgniter.php(907): App\Controllers\Dashboard->index()
 2 SYSTEMPATH/CodeIgniter.php(457): CodeIgniter\CodeIgniter->runController(Object(App\Controllers\Dashboard))
 3 SYSTEMPATH/CodeIgniter.php(340): CodeIgniter\CodeIgniter->handleRequest(null, Object(Config\Cache), false)
 4 FCPATH/index.php(67): CodeIgniter\CodeIgniter->run()
CRITICAL - 2022-10-02 12:36:51 --> Undefined property: App\Controllers\Statistics::$payout_model
in APPPATH/Controllers/Statistics.php on line 25.
 1 APPPATH/Controllers/Statistics.php(25): CodeIgniter\Debug\Exceptions->errorHandler(8, 'Undefined property: App\\Controllers\\Statistics::$payout_model', 'APPPATH/Controllers/Statistics.php', 25, [...])
 2 APPPATH/Controllers/Dashboard.php(13): App\Controllers\Statistics->getWealth(1)
 3 SYSTEMPATH/CodeIgniter.php(907): App\Controllers\Dashboard->index()
 4 SYSTEMPATH/CodeIgniter.php(457): CodeIgniter\CodeIgniter->runController(Object(App\Controllers\Dashboard))
 5 SYSTEMPATH/CodeIgniter.php(340): CodeIgniter\CodeIgniter->handleRequest(null, Object(Config\Cache), false)
 6 FCPATH/index.php(67): CodeIgniter\CodeIgniter->run()
CRITICAL - 2022-10-02 12:37:30 --> Undefined property: App\Controllers\Statistics::$payout_model
in APPPATH/Controllers/Statistics.php on line 25.
 1 APPPATH/Controllers/Statistics.php(25): CodeIgniter\Debug\Exceptions->errorHandler(8, 'Undefined property: App\\Controllers\\Statistics::$payout_model', 'APPPATH/Controllers/Statistics.php', 25, [...])
 2 APPPATH/Controllers/Dashboard.php(13): App\Controllers\Statistics->getWealth(1)
 3 SYSTEMPATH/CodeIgniter.php(907): App\Controllers\Dashboard->index()
 4 SYSTEMPATH/CodeIgniter.php(457): CodeIgniter\CodeIgniter->runController(Object(App\Controllers\Dashboard))
 5 SYSTEMPATH/CodeIgniter.php(340): CodeIgniter\CodeIgniter->handleRequest(null, Object(Config\Cache), false)
 6 FCPATH/index.php(67): CodeIgniter\CodeIgniter->run()
CRITICAL - 2022-10-02 12:40:19 --> Undefined property: App\Controllers\Statistics::$payout_model
in APPPATH/Controllers/Statistics.php on line 25.
 1 APPPATH/Controllers/Statistics.php(25): CodeIgniter\Debug\Exceptions->errorHandler(8, 'Undefined property: App\\Controllers\\Statistics::$payout_model', 'APPPATH/Controllers/Statistics.php', 25, [...])
 2 APPPATH/Controllers/Dashboard.php(13): App\Controllers\Statistics->getWealth(1)
 3 SYSTEMPATH/CodeIgniter.php(907): App\Controllers\Dashboard->index()
 4 SYSTEMPATH/CodeIgniter.php(457): CodeIgniter\CodeIgniter->runController(Object(App\Controllers\Dashboard))
 5 SYSTEMPATH/CodeIgniter.php(340): CodeIgniter\CodeIgniter->handleRequest(null, Object(Config\Cache), false)
 6 FCPATH/index.php(67): CodeIgniter\CodeIgniter->run()
CRITICAL - 2022-10-02 12:42:04 --> Undefined property: App\Controllers\Statistics::$payout_model
in APPPATH/Controllers/Statistics.php on line 25.
 1 APPPATH/Controllers/Statistics.php(25): CodeIgniter\Debug\Exceptions->errorHandler(8, 'Undefined property: App\\Controllers\\Statistics::$payout_model', 'APPPATH/Controllers/Statistics.php', 25, [...])
 2 APPPATH/Controllers/Dashboard.php(12): App\Controllers\Statistics->getWealth(1)
 3 SYSTEMPATH/CodeIgniter.php(907): App\Controllers\Dashboard->index()
 4 SYSTEMPATH/CodeIgniter.php(457): CodeIgniter\CodeIgniter->runController(Object(App\Controllers\Dashboard))
 5 SYSTEMPATH/CodeIgniter.php(340): CodeIgniter\CodeIgniter->handleRequest(null, Object(Config\Cache), false)
 6 FCPATH/index.php(67): CodeIgniter\CodeIgniter->run()
CRITICAL - 2022-10-02 12:42:15 --> Undefined property: App\Controllers\Statistics::$payout_model
in APPPATH/Controllers/Statistics.php on line 25.
 1 APPPATH/Controllers/Statistics.php(25): CodeIgniter\Debug\Exceptions->errorHandler(8, 'Undefined property: App\\Controllers\\Statistics::$payout_model', 'APPPATH/Controllers/Statistics.php', 25, [...])
 2 APPPATH/Controllers/Dashboard.php(12): App\Controllers\Statistics->getWealth(1)
 3 SYSTEMPATH/CodeIgniter.php(907): App\Controllers\Dashboard->index()
 4 SYSTEMPATH/CodeIgniter.php(457): CodeIgniter\CodeIgniter->runController(Object(App\Controllers\Dashboard))
 5 SYSTEMPATH/CodeIgniter.php(340): CodeIgniter\CodeIgniter->handleRequest(null, Object(Config\Cache), false)
 6 FCPATH/index.php(67): CodeIgniter\CodeIgniter->run()
CRITICAL - 2022-10-02 12:43:15 --> Undefined property: App\Controllers\Statistics::$payout_model
in APPPATH/Controllers/Statistics.php on line 25.
 1 APPPATH/Controllers/Statistics.php(25): CodeIgniter\Debug\Exceptions->errorHandler(8, 'Undefined property: App\\Controllers\\Statistics::$payout_model', 'APPPATH/Controllers/Statistics.php', 25, [...])
 2 APPPATH/Controllers/Dashboard.php(12): App\Controllers\Statistics->getWealth(1)
 3 SYSTEMPATH/CodeIgniter.php(907): App\Controllers\Dashboard->index()
 4 SYSTEMPATH/CodeIgniter.php(457): CodeIgniter\CodeIgniter->runController(Object(App\Controllers\Dashboard))
 5 SYSTEMPATH/CodeIgniter.php(340): CodeIgniter\CodeIgniter->handleRequest(null, Object(Config\Cache), false)
 6 FCPATH/index.php(67): CodeIgniter\CodeIgniter->run()
CRITICAL - 2022-10-02 12:43:17 --> Undefined property: App\Controllers\Statistics::$payout_model
in APPPATH/Controllers/Statistics.php on line 25.
 1 APPPATH/Controllers/Statistics.php(25): CodeIgniter\Debug\Exceptions->errorHandler(8, 'Undefined property: App\\Controllers\\Statistics::$payout_model', 'APPPATH/Controllers/Statistics.php', 25, [...])
 2 APPPATH/Controllers/Dashboard.php(12): App\Controllers\Statistics->getWealth(1)
 3 SYSTEMPATH/CodeIgniter.php(907): App\Controllers\Dashboard->index()
 4 SYSTEMPATH/CodeIgniter.php(457): CodeIgniter\CodeIgniter->runController(Object(App\Controllers\Dashboard))
 5 SYSTEMPATH/CodeIgniter.php(340): CodeIgniter\CodeIgniter->handleRequest(null, Object(Config\Cache), false)
 6 FCPATH/index.php(67): CodeIgniter\CodeIgniter->run()
CRITICAL - 2022-10-02 13:17:26 --> Undefined index: payout_all
in APPPATH/Views/be/Dashboard.php on line 36.
 1 APPPATH/Views/be/Dashboard.php(36): CodeIgniter\Debug\Exceptions->errorHandler(8, 'Undefined index: payout_all', 'APPPATH/Views/be/Dashboard.php', 36, [...])
 2 SYSTEMPATH/View/View.php(213): include('APPPATH/Views/be/Dashboard.php')
 3 SYSTEMPATH/View/View.php(216): CodeIgniter\View\View->CodeIgniter\View\{closure}()
 4 SYSTEMPATH/Common.php(1142): CodeIgniter\View\View->render('be/Dashboard', [], true)
 5 APPPATH/Controllers/Dashboard.php(18): view('be/Dashboard', [...])
 6 SYSTEMPATH/CodeIgniter.php(907): App\Controllers\Dashboard->index()
 7 SYSTEMPATH/CodeIgniter.php(457): CodeIgniter\CodeIgniter->runController(Object(App\Controllers\Dashboard))
 8 SYSTEMPATH/CodeIgniter.php(340): CodeIgniter\CodeIgniter->handleRequest(null, Object(Config\Cache), false)
 9 FCPATH/index.php(67): CodeIgniter\CodeIgniter->run()
