CRITICAL - 2022-09-30 22:15:55 --> Undefined variable: bettings
in APPPATH/Views/be/Dashboard.php on line 15.
 1 APPPATH/Views/be/Dashboard.php(15): CodeIgniter\Debug\Exceptions->errorHandler(8, 'Undefined variable: bettings', 'APPPATH/Views/be/Dashboard.php', 15, [])
 2 SYSTEMPATH/View/View.php(213): include('APPPATH/Views/be/Dashboard.php')
 3 SYSTEMPATH/View/View.php(216): CodeIgniter\View\View->CodeIgniter\View\{closure}()
 4 SYSTEMPATH/Common.php(1142): CodeIgniter\View\View->render('be/Dashboard', [], true)
 5 APPPATH/Controllers/Dashboard.php(10): view('be/Dashboard')
 6 SYSTEMPATH/CodeIgniter.php(907): App\Controllers\Dashboard->index()
 7 SYSTEMPATH/CodeIgniter.php(457): CodeIgniter\CodeIgniter->runController(Object(App\Controllers\Dashboard))
 8 SYSTEMPATH/CodeIgniter.php(340): CodeIgniter\CodeIgniter->handleRequest(null, Object(Config\Cache), false)
 9 FCPATH/index.php(67): CodeIgniter\CodeIgniter->run()
CRITICAL - 2022-09-30 22:16:54 --> Undefined variable: bettings
in APPPATH/Views/be/Dashboard.php on line 15.
 1 APPPATH/Views/be/Dashboard.php(15): CodeIgniter\Debug\Exceptions->errorHandler(8, 'Undefined variable: bettings', 'APPPATH/Views/be/Dashboard.php', 15, [])
 2 SYSTEMPATH/View/View.php(213): include('APPPATH/Views/be/Dashboard.php')
 3 SYSTEMPATH/View/View.php(216): CodeIgniter\View\View->CodeIgniter\View\{closure}()
 4 SYSTEMPATH/Common.php(1142): CodeIgniter\View\View->render('be/Dashboard', [], true)
 5 APPPATH/Controllers/Dashboard.php(9): view('be/Dashboard')
 6 SYSTEMPATH/CodeIgniter.php(907): App\Controllers\Dashboard->index()
 7 SYSTEMPATH/CodeIgniter.php(457): CodeIgniter\CodeIgniter->runController(Object(App\Controllers\Dashboard))
 8 SYSTEMPATH/CodeIgniter.php(340): CodeIgniter\CodeIgniter->handleRequest(null, Object(Config\Cache), false)
 9 FCPATH/index.php(67): CodeIgniter\CodeIgniter->run()
CRITICAL - 2022-09-30 22:17:05 --> Undefined variable: bettings
in APPPATH/Views/be/Dashboard.php on line 15.
 1 APPPATH/Views/be/Dashboard.php(15): CodeIgniter\Debug\Exceptions->errorHandler(8, 'Undefined variable: bettings', 'APPPATH/Views/be/Dashboard.php', 15, [])
 2 SYSTEMPATH/View/View.php(213): include('APPPATH/Views/be/Dashboard.php')
 3 SYSTEMPATH/View/View.php(216): CodeIgniter\View\View->CodeIgniter\View\{closure}()
 4 SYSTEMPATH/Common.php(1142): CodeIgniter\View\View->render('be/Dashboard', [], true)
 5 APPPATH/Controllers/Dashboard.php(9): view('be/Dashboard')
 6 SYSTEMPATH/CodeIgniter.php(907): App\Controllers\Dashboard->index()
 7 SYSTEMPATH/CodeIgniter.php(457): CodeIgniter\CodeIgniter->runController(Object(App\Controllers\Dashboard))
 8 SYSTEMPATH/CodeIgniter.php(340): CodeIgniter\CodeIgniter->handleRequest(null, Object(Config\Cache), false)
 9 FCPATH/index.php(67): CodeIgniter\CodeIgniter->run()
CRITICAL - 2022-09-30 22:17:29 --> Undefined variable: bettings
in APPPATH/Views/be/Dashboard.php on line 15.
 1 APPPATH/Views/be/Dashboard.php(15): CodeIgniter\Debug\Exceptions->errorHandler(8, 'Undefined variable: bettings', 'APPPATH/Views/be/Dashboard.php', 15, [])
 2 SYSTEMPATH/View/View.php(213): include('APPPATH/Views/be/Dashboard.php')
 3 SYSTEMPATH/View/View.php(216): CodeIgniter\View\View->CodeIgniter\View\{closure}()
 4 SYSTEMPATH/Common.php(1142): CodeIgniter\View\View->render('be/Dashboard', [], true)
 5 APPPATH/Controllers/Dashboard.php(9): view('be/Dashboard')
 6 SYSTEMPATH/CodeIgniter.php(907): App\Controllers\Dashboard->index()
 7 SYSTEMPATH/CodeIgniter.php(457): CodeIgniter\CodeIgniter->runController(Object(App\Controllers\Dashboard))
 8 SYSTEMPATH/CodeIgniter.php(340): CodeIgniter\CodeIgniter->handleRequest(null, Object(Config\Cache), false)
 9 FCPATH/index.php(67): CodeIgniter\CodeIgniter->run()
CRITICAL - 2022-09-30 22:17:30 --> Undefined variable: bettings
in APPPATH/Views/be/Dashboard.php on line 15.
 1 APPPATH/Views/be/Dashboard.php(15): CodeIgniter\Debug\Exceptions->errorHandler(8, 'Undefined variable: bettings', 'APPPATH/Views/be/Dashboard.php', 15, [])
 2 SYSTEMPATH/View/View.php(213): include('APPPATH/Views/be/Dashboard.php')
 3 SYSTEMPATH/View/View.php(216): CodeIgniter\View\View->CodeIgniter\View\{closure}()
 4 SYSTEMPATH/Common.php(1142): CodeIgniter\View\View->render('be/Dashboard', [], true)
 5 APPPATH/Controllers/Dashboard.php(9): view('be/Dashboard')
 6 SYSTEMPATH/CodeIgniter.php(907): App\Controllers\Dashboard->index()
 7 SYSTEMPATH/CodeIgniter.php(457): CodeIgniter\CodeIgniter->runController(Object(App\Controllers\Dashboard))
 8 SYSTEMPATH/CodeIgniter.php(340): CodeIgniter\CodeIgniter->handleRequest(null, Object(Config\Cache), false)
 9 FCPATH/index.php(67): CodeIgniter\CodeIgniter->run()
CRITICAL - 2022-09-30 22:17:31 --> Undefined variable: bettings
in APPPATH/Views/be/Dashboard.php on line 15.
 1 APPPATH/Views/be/Dashboard.php(15): CodeIgniter\Debug\Exceptions->errorHandler(8, 'Undefined variable: bettings', 'APPPATH/Views/be/Dashboard.php', 15, [])
 2 SYSTEMPATH/View/View.php(213): include('APPPATH/Views/be/Dashboard.php')
 3 SYSTEMPATH/View/View.php(216): CodeIgniter\View\View->CodeIgniter\View\{closure}()
 4 SYSTEMPATH/Common.php(1142): CodeIgniter\View\View->render('be/Dashboard', [], true)
 5 APPPATH/Controllers/Dashboard.php(9): view('be/Dashboard')
 6 SYSTEMPATH/CodeIgniter.php(907): App\Controllers\Dashboard->index()
 7 SYSTEMPATH/CodeIgniter.php(457): CodeIgniter\CodeIgniter->runController(Object(App\Controllers\Dashboard))
 8 SYSTEMPATH/CodeIgniter.php(340): CodeIgniter\CodeIgniter->handleRequest(null, Object(Config\Cache), false)
 9 FCPATH/index.php(67): CodeIgniter\CodeIgniter->run()
CRITICAL - 2022-09-30 22:17:37 --> Undefined variable: bettings
in APPPATH/Views/be/Dashboard.php on line 15.
 1 APPPATH/Views/be/Dashboard.php(15): CodeIgniter\Debug\Exceptions->errorHandler(8, 'Undefined variable: bettings', 'APPPATH/Views/be/Dashboard.php', 15, [])
 2 SYSTEMPATH/View/View.php(213): include('APPPATH/Views/be/Dashboard.php')
 3 SYSTEMPATH/View/View.php(216): CodeIgniter\View\View->CodeIgniter\View\{closure}()
 4 SYSTEMPATH/Common.php(1142): CodeIgniter\View\View->render('be/Dashboard', [], true)
 5 APPPATH/Controllers/Dashboard.php(9): view('be/Dashboard')
 6 SYSTEMPATH/CodeIgniter.php(907): App\Controllers\Dashboard->index()
 7 SYSTEMPATH/CodeIgniter.php(457): CodeIgniter\CodeIgniter->runController(Object(App\Controllers\Dashboard))
 8 SYSTEMPATH/CodeIgniter.php(340): CodeIgniter\CodeIgniter->handleRequest(null, Object(Config\Cache), false)
 9 FCPATH/index.php(67): CodeIgniter\CodeIgniter->run()
CRITICAL - 2022-09-30 22:17:38 --> Undefined variable: bettings
in APPPATH/Views/be/Dashboard.php on line 15.
 1 APPPATH/Views/be/Dashboard.php(15): CodeIgniter\Debug\Exceptions->errorHandler(8, 'Undefined variable: bettings', 'APPPATH/Views/be/Dashboard.php', 15, [])
 2 SYSTEMPATH/View/View.php(213): include('APPPATH/Views/be/Dashboard.php')
 3 SYSTEMPATH/View/View.php(216): CodeIgniter\View\View->CodeIgniter\View\{closure}()
 4 SYSTEMPATH/Common.php(1142): CodeIgniter\View\View->render('be/Dashboard', [], true)
 5 APPPATH/Controllers/Dashboard.php(9): view('be/Dashboard')
 6 SYSTEMPATH/CodeIgniter.php(907): App\Controllers\Dashboard->index()
 7 SYSTEMPATH/CodeIgniter.php(457): CodeIgniter\CodeIgniter->runController(Object(App\Controllers\Dashboard))
 8 SYSTEMPATH/CodeIgniter.php(340): CodeIgniter\CodeIgniter->handleRequest(null, Object(Config\Cache), false)
 9 FCPATH/index.php(67): CodeIgniter\CodeIgniter->run()
CRITICAL - 2022-09-30 22:24:11 --> Undefined variable: bettings
in APPPATH/Views/be/Settings.php on line 15.
 1 APPPATH/Views/be/Settings.php(15): CodeIgniter\Debug\Exceptions->errorHandler(8, 'Undefined variable: bettings', 'APPPATH/Views/be/Settings.php', 15, [...])
 2 SYSTEMPATH/View/View.php(213): include('APPPATH/Views/be/Settings.php')
 3 SYSTEMPATH/View/View.php(216): CodeIgniter\View\View->CodeIgniter\View\{closure}()
 4 SYSTEMPATH/Common.php(1142): CodeIgniter\View\View->render('be/Settings', [], true)
 5 APPPATH/Controllers/Settings.php(18): view('be/Settings', [...])
 6 SYSTEMPATH/CodeIgniter.php(907): App\Controllers\Settings->index()
 7 SYSTEMPATH/CodeIgniter.php(457): CodeIgniter\CodeIgniter->runController(Object(App\Controllers\Settings))
 8 SYSTEMPATH/CodeIgniter.php(340): CodeIgniter\CodeIgniter->handleRequest(null, Object(Config\Cache), false)
 9 FCPATH/index.php(67): CodeIgniter\CodeIgniter->run()
CRITICAL - 2022-09-30 22:25:46 --> Undefined variable: bettings
in APPPATH/Views/be/Settings.php on line 15.
 1 APPPATH/Views/be/Settings.php(15): CodeIgniter\Debug\Exceptions->errorHandler(8, 'Undefined variable: bettings', 'APPPATH/Views/be/Settings.php', 15, [...])
 2 SYSTEMPATH/View/View.php(213): include('APPPATH/Views/be/Settings.php')
 3 SYSTEMPATH/View/View.php(216): CodeIgniter\View\View->CodeIgniter\View\{closure}()
 4 SYSTEMPATH/Common.php(1142): CodeIgniter\View\View->render('be/Settings', [], true)
 5 APPPATH/Controllers/Settings.php(18): view('be/Settings', [...])
 6 SYSTEMPATH/CodeIgniter.php(907): App\Controllers\Settings->index()
 7 SYSTEMPATH/CodeIgniter.php(457): CodeIgniter\CodeIgniter->runController(Object(App\Controllers\Settings))
 8 SYSTEMPATH/CodeIgniter.php(340): CodeIgniter\CodeIgniter->handleRequest(null, Object(Config\Cache), false)
 9 FCPATH/index.php(67): CodeIgniter\CodeIgniter->run()
CRITICAL - 2022-09-30 22:26:15 --> Undefined variable: bettings
in APPPATH/Views/be/Settings.php on line 15.
 1 APPPATH/Views/be/Settings.php(15): CodeIgniter\Debug\Exceptions->errorHandler(8, 'Undefined variable: bettings', 'APPPATH/Views/be/Settings.php', 15, [...])
 2 SYSTEMPATH/View/View.php(213): include('APPPATH/Views/be/Settings.php')
 3 SYSTEMPATH/View/View.php(216): CodeIgniter\View\View->CodeIgniter\View\{closure}()
 4 SYSTEMPATH/Common.php(1142): CodeIgniter\View\View->render('be/Settings', [], true)
 5 APPPATH/Controllers/Settings.php(18): view('be/Settings', [...])
 6 SYSTEMPATH/CodeIgniter.php(907): App\Controllers\Settings->index()
 7 SYSTEMPATH/CodeIgniter.php(457): CodeIgniter\CodeIgniter->runController(Object(App\Controllers\Settings))
 8 SYSTEMPATH/CodeIgniter.php(340): CodeIgniter\CodeIgniter->handleRequest(null, Object(Config\Cache), false)
 9 FCPATH/index.php(67): CodeIgniter\CodeIgniter->run()
CRITICAL - 2022-09-30 22:26:45 --> Undefined variable: bettings
in APPPATH/Views/be/Settings.php on line 15.
 1 APPPATH/Views/be/Settings.php(15): CodeIgniter\Debug\Exceptions->errorHandler(8, 'Undefined variable: bettings', 'APPPATH/Views/be/Settings.php', 15, [...])
 2 SYSTEMPATH/View/View.php(213): include('APPPATH/Views/be/Settings.php')
 3 SYSTEMPATH/View/View.php(216): CodeIgniter\View\View->CodeIgniter\View\{closure}()
 4 SYSTEMPATH/Common.php(1142): CodeIgniter\View\View->render('be/Settings', [], true)
 5 APPPATH/Controllers/Settings.php(18): view('be/Settings', [...])
 6 SYSTEMPATH/CodeIgniter.php(907): App\Controllers\Settings->index()
 7 SYSTEMPATH/CodeIgniter.php(457): CodeIgniter\CodeIgniter->runController(Object(App\Controllers\Settings))
 8 SYSTEMPATH/CodeIgniter.php(340): CodeIgniter\CodeIgniter->handleRequest(null, Object(Config\Cache), false)
 9 FCPATH/index.php(67): CodeIgniter\CodeIgniter->run()
CRITICAL - 2022-09-30 22:27:40 --> Undefined variable: bettings
in APPPATH/Views/be/Settings.php on line 15.
 1 APPPATH/Views/be/Settings.php(15): CodeIgniter\Debug\Exceptions->errorHandler(8, 'Undefined variable: bettings', 'APPPATH/Views/be/Settings.php', 15, [...])
 2 SYSTEMPATH/View/View.php(213): include('APPPATH/Views/be/Settings.php')
 3 SYSTEMPATH/View/View.php(216): CodeIgniter\View\View->CodeIgniter\View\{closure}()
 4 SYSTEMPATH/Common.php(1142): CodeIgniter\View\View->render('be/Settings', [], true)
 5 APPPATH/Controllers/Settings.php(18): view('be/Settings', [...])
 6 SYSTEMPATH/CodeIgniter.php(907): App\Controllers\Settings->index()
 7 SYSTEMPATH/CodeIgniter.php(457): CodeIgniter\CodeIgniter->runController(Object(App\Controllers\Settings))
 8 SYSTEMPATH/CodeIgniter.php(340): CodeIgniter\CodeIgniter->handleRequest(null, Object(Config\Cache), false)
 9 FCPATH/index.php(67): CodeIgniter\CodeIgniter->run()
CRITICAL - 2022-09-30 22:28:07 --> Undefined variable: bettings
in APPPATH/Views/be/Settings.php on line 15.
 1 APPPATH/Views/be/Settings.php(15): CodeIgniter\Debug\Exceptions->errorHandler(8, 'Undefined variable: bettings', 'APPPATH/Views/be/Settings.php', 15, [...])
 2 SYSTEMPATH/View/View.php(213): include('APPPATH/Views/be/Settings.php')
 3 SYSTEMPATH/View/View.php(216): CodeIgniter\View\View->CodeIgniter\View\{closure}()
 4 SYSTEMPATH/Common.php(1142): CodeIgniter\View\View->render('be/Settings', [], true)
 5 APPPATH/Controllers/Settings.php(18): view('be/Settings', [...])
 6 SYSTEMPATH/CodeIgniter.php(907): App\Controllers\Settings->index()
 7 SYSTEMPATH/CodeIgniter.php(457): CodeIgniter\CodeIgniter->runController(Object(App\Controllers\Settings))
 8 SYSTEMPATH/CodeIgniter.php(340): CodeIgniter\CodeIgniter->handleRequest(null, Object(Config\Cache), false)
 9 FCPATH/index.php(67): CodeIgniter\CodeIgniter->run()
CRITICAL - 2022-09-30 22:28:10 --> Undefined variable: bettings
in APPPATH/Views/be/Settings.php on line 15.
 1 APPPATH/Views/be/Settings.php(15): CodeIgniter\Debug\Exceptions->errorHandler(8, 'Undefined variable: bettings', 'APPPATH/Views/be/Settings.php', 15, [...])
 2 SYSTEMPATH/View/View.php(213): include('APPPATH/Views/be/Settings.php')
 3 SYSTEMPATH/View/View.php(216): CodeIgniter\View\View->CodeIgniter\View\{closure}()
 4 SYSTEMPATH/Common.php(1142): CodeIgniter\View\View->render('be/Settings', [], true)
 5 APPPATH/Controllers/Settings.php(18): view('be/Settings', [...])
 6 SYSTEMPATH/CodeIgniter.php(907): App\Controllers\Settings->index()
 7 SYSTEMPATH/CodeIgniter.php(457): CodeIgniter\CodeIgniter->runController(Object(App\Controllers\Settings))
 8 SYSTEMPATH/CodeIgniter.php(340): CodeIgniter\CodeIgniter->handleRequest(null, Object(Config\Cache), false)
 9 FCPATH/index.php(67): CodeIgniter\CodeIgniter->run()
CRITICAL - 2022-09-30 22:28:11 --> Undefined variable: bettings
in APPPATH/Views/be/Settings.php on line 15.
 1 APPPATH/Views/be/Settings.php(15): CodeIgniter\Debug\Exceptions->errorHandler(8, 'Undefined variable: bettings', 'APPPATH/Views/be/Settings.php', 15, [...])
 2 SYSTEMPATH/View/View.php(213): include('APPPATH/Views/be/Settings.php')
 3 SYSTEMPATH/View/View.php(216): CodeIgniter\View\View->CodeIgniter\View\{closure}()
 4 SYSTEMPATH/Common.php(1142): CodeIgniter\View\View->render('be/Settings', [], true)
 5 APPPATH/Controllers/Settings.php(18): view('be/Settings', [...])
 6 SYSTEMPATH/CodeIgniter.php(907): App\Controllers\Settings->index()
 7 SYSTEMPATH/CodeIgniter.php(457): CodeIgniter\CodeIgniter->runController(Object(App\Controllers\Settings))
 8 SYSTEMPATH/CodeIgniter.php(340): CodeIgniter\CodeIgniter->handleRequest(null, Object(Config\Cache), false)
 9 FCPATH/index.php(67): CodeIgniter\CodeIgniter->run()
CRITICAL - 2022-09-30 23:01:07 --> Call to undefined function basel_url()
in APPPATH/Views/be/statistics.php on line 241.
 1 SYSTEMPATH/View/View.php(213): include()
 2 SYSTEMPATH/View/View.php(216): CodeIgniter\View\View->CodeIgniter\View\{closure}()
 3 SYSTEMPATH/Common.php(1142): CodeIgniter\View\View->render('be/statistics', [], true)
 4 APPPATH/Controllers/Statistics.php(18): view('be/statistics', [...])
 5 SYSTEMPATH/CodeIgniter.php(907): App\Controllers\Statistics->index()
 6 SYSTEMPATH/CodeIgniter.php(457): CodeIgniter\CodeIgniter->runController(Object(App\Controllers\Statistics))
 7 SYSTEMPATH/CodeIgniter.php(340): CodeIgniter\CodeIgniter->handleRequest(null, Object(Config\Cache), false)
 8 FCPATH/index.php(67): CodeIgniter\CodeIgniter->run()
