CRITICAL - 2022-10-04 22:44:14 --> Could not check compatibility between App\Controllers\AccountController::initController(CodeIgniter\HTTP\RequestInterface $request, CodeIgniter\HTTP\ResponseInterface $response, App\Controllers\LoggerInterface $logger) and App\Controllers\BaseController::initController(CodeIgniter\HTTP\RequestInterface $request, CodeIgniter\HTTP\ResponseInterface $response, Psr\Log\LoggerInterface $logger), because class App\Controllers\LoggerInterface is not available
in APPPATH/Controllers/AccountController.php on line 33.
 1 APPPATH/Controllers/AccountController.php(13): CodeIgniter\Debug\Exceptions->errorHandler(2, 'Could not check compatibility between App\\Controllers\\AccountController::initController(CodeIgniter\\HTTP\\RequestInterface $request, CodeIgniter\\HTTP\\ResponseInterface $response, App\\Controllers\\LoggerInterface $logger) and App\\Controllers\\BaseController::initController(CodeIgniter\\HTTP\\RequestInterface $request, CodeIgniter\\HTTP\\ResponseInterface $response, Psr\\Log\\LoggerInterface $logger), because class App\\Controllers\\LoggerInterface is not available', 'APPPATH/Controllers/AccountController.php', 33, [...])
 2 SYSTEMPATH/Autoloader/Autoloader.php(282): include_once('APPPATH/Controllers/AccountController.php')
 3 SYSTEMPATH/Autoloader/Autoloader.php(259): CodeIgniter\Autoloader\Autoloader->includeFile('APPPATH/Controllers/AccountController.php')
 4 SYSTEMPATH/Autoloader/Autoloader.php(237): CodeIgniter\Autoloader\Autoloader->loadInNamespace('App\\Controllers\\AccountController')
 5 [internal function]: CodeIgniter\Autoloader\Autoloader->loadClass('App\\Controllers\\AccountController')
 6 APPPATH/Controllers/Dashboard.php(4): spl_autoload_call('App\\Controllers\\AccountController')
 7 SYSTEMPATH/Autoloader/Autoloader.php(282): include_once('APPPATH/Controllers/Dashboard.php')
 8 SYSTEMPATH/Autoloader/Autoloader.php(259): CodeIgniter\Autoloader\Autoloader->includeFile('APPPATH/Controllers/Dashboard.php')
 9 SYSTEMPATH/Autoloader/Autoloader.php(237): CodeIgniter\Autoloader\Autoloader->loadInNamespace('App\\Controllers\\Dashboard')
10 [internal function]: CodeIgniter\Autoloader\Autoloader->loadClass('App\\Controllers\\Dashboard')
11 [internal function]: spl_autoload_call('App\\Controllers\\Dashboard')
12 SYSTEMPATH/CodeIgniter.php(857): class_exists('\\App\\Controllers\\Dashboard', true)
13 SYSTEMPATH/CodeIgniter.php(444): CodeIgniter\CodeIgniter->startController()
14 SYSTEMPATH/CodeIgniter.php(340): CodeIgniter\CodeIgniter->handleRequest(null, Object(Config\Cache), false)
15 FCPATH/index.php(67): CodeIgniter\CodeIgniter->run()
CRITICAL - 2022-10-04 22:53:51 --> Trying to access array offset on value of type null
in APPPATH/Controllers/Dashboard.php on line 9.
 1 APPPATH/Controllers/Dashboard.php(9): CodeIgniter\Debug\Exceptions->errorHandler(8, 'Trying to access array offset on value of type null', 'APPPATH/Controllers/Dashboard.php', 9, [])
 2 SYSTEMPATH/CodeIgniter.php(907): App\Controllers\Dashboard->index()
 3 SYSTEMPATH/CodeIgniter.php(457): CodeIgniter\CodeIgniter->runController(Object(App\Controllers\Dashboard))
 4 SYSTEMPATH/CodeIgniter.php(340): CodeIgniter\CodeIgniter->handleRequest(null, Object(Config\Cache), false)
 5 FCPATH/index.php(67): CodeIgniter\CodeIgniter->run()
CRITICAL - 2022-10-04 22:53:54 --> Trying to access array offset on value of type null
in APPPATH/Controllers/Dashboard.php on line 9.
 1 APPPATH/Controllers/Dashboard.php(9): CodeIgniter\Debug\Exceptions->errorHandler(8, 'Trying to access array offset on value of type null', 'APPPATH/Controllers/Dashboard.php', 9, [])
 2 SYSTEMPATH/CodeIgniter.php(907): App\Controllers\Dashboard->index()
 3 SYSTEMPATH/CodeIgniter.php(457): CodeIgniter\CodeIgniter->runController(Object(App\Controllers\Dashboard))
 4 SYSTEMPATH/CodeIgniter.php(340): CodeIgniter\CodeIgniter->handleRequest(null, Object(Config\Cache), false)
 5 FCPATH/index.php(67): CodeIgniter\CodeIgniter->run()
CRITICAL - 2022-10-04 22:53:55 --> Trying to access array offset on value of type null
in APPPATH/Controllers/Dashboard.php on line 9.
 1 APPPATH/Controllers/Dashboard.php(9): CodeIgniter\Debug\Exceptions->errorHandler(8, 'Trying to access array offset on value of type null', 'APPPATH/Controllers/Dashboard.php', 9, [])
 2 SYSTEMPATH/CodeIgniter.php(907): App\Controllers\Dashboard->index()
 3 SYSTEMPATH/CodeIgniter.php(457): CodeIgniter\CodeIgniter->runController(Object(App\Controllers\Dashboard))
 4 SYSTEMPATH/CodeIgniter.php(340): CodeIgniter\CodeIgniter->handleRequest(null, Object(Config\Cache), false)
 5 FCPATH/index.php(67): CodeIgniter\CodeIgniter->run()
CRITICAL - 2022-10-04 22:54:31 --> Trying to access array offset on value of type null
in APPPATH/Controllers/Dashboard.php on line 9.
 1 APPPATH/Controllers/Dashboard.php(9): CodeIgniter\Debug\Exceptions->errorHandler(8, 'Trying to access array offset on value of type null', 'APPPATH/Controllers/Dashboard.php', 9, [])
 2 SYSTEMPATH/CodeIgniter.php(907): App\Controllers\Dashboard->index()
 3 SYSTEMPATH/CodeIgniter.php(457): CodeIgniter\CodeIgniter->runController(Object(App\Controllers\Dashboard))
 4 SYSTEMPATH/CodeIgniter.php(340): CodeIgniter\CodeIgniter->handleRequest(null, Object(Config\Cache), false)
 5 FCPATH/index.php(67): CodeIgniter\CodeIgniter->run()
CRITICAL - 2022-10-04 22:54:32 --> Trying to access array offset on value of type null
in APPPATH/Controllers/Dashboard.php on line 9.
 1 APPPATH/Controllers/Dashboard.php(9): CodeIgniter\Debug\Exceptions->errorHandler(8, 'Trying to access array offset on value of type null', 'APPPATH/Controllers/Dashboard.php', 9, [])
 2 SYSTEMPATH/CodeIgniter.php(907): App\Controllers\Dashboard->index()
 3 SYSTEMPATH/CodeIgniter.php(457): CodeIgniter\CodeIgniter->runController(Object(App\Controllers\Dashboard))
 4 SYSTEMPATH/CodeIgniter.php(340): CodeIgniter\CodeIgniter->handleRequest(null, Object(Config\Cache), false)
 5 FCPATH/index.php(67): CodeIgniter\CodeIgniter->run()
CRITICAL - 2022-10-04 22:54:38 --> Trying to access array offset on value of type null
in APPPATH/Controllers/Dashboard.php on line 9.
 1 APPPATH/Controllers/Dashboard.php(9): CodeIgniter\Debug\Exceptions->errorHandler(8, 'Trying to access array offset on value of type null', 'APPPATH/Controllers/Dashboard.php', 9, [])
 2 SYSTEMPATH/CodeIgniter.php(907): App\Controllers\Dashboard->index()
 3 SYSTEMPATH/CodeIgniter.php(457): CodeIgniter\CodeIgniter->runController(Object(App\Controllers\Dashboard))
 4 SYSTEMPATH/CodeIgniter.php(340): CodeIgniter\CodeIgniter->handleRequest(null, Object(Config\Cache), false)
 5 FCPATH/index.php(67): CodeIgniter\CodeIgniter->run()
CRITICAL - 2022-10-04 22:55:17 --> Trying to access array offset on value of type null
in APPPATH/Controllers/Dashboard.php on line 9.
 1 APPPATH/Controllers/Dashboard.php(9): CodeIgniter\Debug\Exceptions->errorHandler(8, 'Trying to access array offset on value of type null', 'APPPATH/Controllers/Dashboard.php', 9, [])
 2 SYSTEMPATH/CodeIgniter.php(907): App\Controllers\Dashboard->index()
 3 SYSTEMPATH/CodeIgniter.php(457): CodeIgniter\CodeIgniter->runController(Object(App\Controllers\Dashboard))
 4 SYSTEMPATH/CodeIgniter.php(340): CodeIgniter\CodeIgniter->handleRequest(null, Object(Config\Cache), false)
 5 FCPATH/index.php(67): CodeIgniter\CodeIgniter->run()
CRITICAL - 2022-10-04 22:55:34 --> Trying to access array offset on value of type null
in APPPATH/Controllers/Dashboard.php on line 9.
 1 APPPATH/Controllers/Dashboard.php(9): CodeIgniter\Debug\Exceptions->errorHandler(8, 'Trying to access array offset on value of type null', 'APPPATH/Controllers/Dashboard.php', 9, [])
 2 SYSTEMPATH/CodeIgniter.php(907): App\Controllers\Dashboard->index()
 3 SYSTEMPATH/CodeIgniter.php(457): CodeIgniter\CodeIgniter->runController(Object(App\Controllers\Dashboard))
 4 SYSTEMPATH/CodeIgniter.php(340): CodeIgniter\CodeIgniter->handleRequest(null, Object(Config\Cache), false)
 5 FCPATH/index.php(67): CodeIgniter\CodeIgniter->run()
CRITICAL - 2022-10-04 22:55:35 --> Trying to access array offset on value of type null
in APPPATH/Controllers/Dashboard.php on line 9.
 1 APPPATH/Controllers/Dashboard.php(9): CodeIgniter\Debug\Exceptions->errorHandler(8, 'Trying to access array offset on value of type null', 'APPPATH/Controllers/Dashboard.php', 9, [])
 2 SYSTEMPATH/CodeIgniter.php(907): App\Controllers\Dashboard->index()
 3 SYSTEMPATH/CodeIgniter.php(457): CodeIgniter\CodeIgniter->runController(Object(App\Controllers\Dashboard))
 4 SYSTEMPATH/CodeIgniter.php(340): CodeIgniter\CodeIgniter->handleRequest(null, Object(Config\Cache), false)
 5 FCPATH/index.php(67): CodeIgniter\CodeIgniter->run()
CRITICAL - 2022-10-04 22:55:44 --> Trying to access array offset on value of type null
in APPPATH/Controllers/Dashboard.php on line 9.
 1 APPPATH/Controllers/Dashboard.php(9): CodeIgniter\Debug\Exceptions->errorHandler(8, 'Trying to access array offset on value of type null', 'APPPATH/Controllers/Dashboard.php', 9, [])
 2 SYSTEMPATH/CodeIgniter.php(907): App\Controllers\Dashboard->index()
 3 SYSTEMPATH/CodeIgniter.php(457): CodeIgniter\CodeIgniter->runController(Object(App\Controllers\Dashboard))
 4 SYSTEMPATH/CodeIgniter.php(340): CodeIgniter\CodeIgniter->handleRequest(null, Object(Config\Cache), false)
 5 FCPATH/index.php(67): CodeIgniter\CodeIgniter->run()
CRITICAL - 2022-10-04 22:55:45 --> Trying to access array offset on value of type null
in APPPATH/Controllers/Dashboard.php on line 9.
 1 APPPATH/Controllers/Dashboard.php(9): CodeIgniter\Debug\Exceptions->errorHandler(8, 'Trying to access array offset on value of type null', 'APPPATH/Controllers/Dashboard.php', 9, [])
 2 SYSTEMPATH/CodeIgniter.php(907): App\Controllers\Dashboard->index()
 3 SYSTEMPATH/CodeIgniter.php(457): CodeIgniter\CodeIgniter->runController(Object(App\Controllers\Dashboard))
 4 SYSTEMPATH/CodeIgniter.php(340): CodeIgniter\CodeIgniter->handleRequest(null, Object(Config\Cache), false)
 5 FCPATH/index.php(67): CodeIgniter\CodeIgniter->run()
CRITICAL - 2022-10-04 22:55:55 --> Too few arguments to function CodeIgniter\HTTP\RedirectResponse::to(), 0 passed in /var/www/html/app/Controllers/AccountController.php on line 66 and at least 1 expected
in SYSTEMPATH/HTTP/RedirectResponse.php on line 32.
 1 APPPATH/Controllers/AccountController.php(66): CodeIgniter\HTTP\RedirectResponse->to()
 2 APPPATH/Controllers/AccountController.php(40): App\Controllers\AccountController->checkLogin()
 3 SYSTEMPATH/CodeIgniter.php(870): App\Controllers\AccountController->initController(Object(CodeIgniter\HTTP\IncomingRequest), Object(CodeIgniter\HTTP\Response), Object(CodeIgniter\Log\Logger))
 4 SYSTEMPATH/CodeIgniter.php(448): CodeIgniter\CodeIgniter->createController()
 5 SYSTEMPATH/CodeIgniter.php(340): CodeIgniter\CodeIgniter->handleRequest(null, Object(Config\Cache), false)
 6 FCPATH/index.php(67): CodeIgniter\CodeIgniter->run()
CRITICAL - 2022-10-04 22:56:53 --> Trying to access array offset on value of type null
in APPPATH/Controllers/Dashboard.php on line 9.
 1 APPPATH/Controllers/Dashboard.php(9): CodeIgniter\Debug\Exceptions->errorHandler(8, 'Trying to access array offset on value of type null', 'APPPATH/Controllers/Dashboard.php', 9, [])
 2 SYSTEMPATH/CodeIgniter.php(907): App\Controllers\Dashboard->index()
 3 SYSTEMPATH/CodeIgniter.php(457): CodeIgniter\CodeIgniter->runController(Object(App\Controllers\Dashboard))
 4 SYSTEMPATH/CodeIgniter.php(340): CodeIgniter\CodeIgniter->handleRequest(null, Object(Config\Cache), false)
 5 FCPATH/index.php(67): CodeIgniter\CodeIgniter->run()
CRITICAL - 2022-10-04 22:56:58 --> Trying to access array offset on value of type null
in APPPATH/Controllers/Dashboard.php on line 9.
 1 APPPATH/Controllers/Dashboard.php(9): CodeIgniter\Debug\Exceptions->errorHandler(8, 'Trying to access array offset on value of type null', 'APPPATH/Controllers/Dashboard.php', 9, [])
 2 SYSTEMPATH/CodeIgniter.php(907): App\Controllers\Dashboard->index()
 3 SYSTEMPATH/CodeIgniter.php(457): CodeIgniter\CodeIgniter->runController(Object(App\Controllers\Dashboard))
 4 SYSTEMPATH/CodeIgniter.php(340): CodeIgniter\CodeIgniter->handleRequest(null, Object(Config\Cache), false)
 5 FCPATH/index.php(67): CodeIgniter\CodeIgniter->run()
CRITICAL - 2022-10-04 22:57:22 --> Trying to access array offset on value of type null
in APPPATH/Controllers/Dashboard.php on line 9.
 1 APPPATH/Controllers/Dashboard.php(9): CodeIgniter\Debug\Exceptions->errorHandler(8, 'Trying to access array offset on value of type null', 'APPPATH/Controllers/Dashboard.php', 9, [])
 2 SYSTEMPATH/CodeIgniter.php(907): App\Controllers\Dashboard->index()
 3 SYSTEMPATH/CodeIgniter.php(457): CodeIgniter\CodeIgniter->runController(Object(App\Controllers\Dashboard))
 4 SYSTEMPATH/CodeIgniter.php(340): CodeIgniter\CodeIgniter->handleRequest(null, Object(Config\Cache), false)
 5 FCPATH/index.php(67): CodeIgniter\CodeIgniter->run()
CRITICAL - 2022-10-04 22:57:23 --> Trying to access array offset on value of type null
in APPPATH/Controllers/Home.php on line 11.
 1 APPPATH/Controllers/Home.php(11): CodeIgniter\Debug\Exceptions->errorHandler(8, 'Trying to access array offset on value of type null', 'APPPATH/Controllers/Home.php', 11, [])
 2 SYSTEMPATH/CodeIgniter.php(907): App\Controllers\Home->index()
 3 SYSTEMPATH/CodeIgniter.php(457): CodeIgniter\CodeIgniter->runController(Object(App\Controllers\Home))
 4 SYSTEMPATH/CodeIgniter.php(340): CodeIgniter\CodeIgniter->handleRequest(null, Object(Config\Cache), false)
 5 FCPATH/index.php(67): CodeIgniter\CodeIgniter->run()
CRITICAL - 2022-10-04 22:57:24 --> Trying to access array offset on value of type null
in APPPATH/Controllers/WealthManagement.php on line 11.
 1 APPPATH/Controllers/WealthManagement.php(11): CodeIgniter\Debug\Exceptions->errorHandler(8, 'Trying to access array offset on value of type null', 'APPPATH/Controllers/WealthManagement.php', 11, [])
 2 SYSTEMPATH/CodeIgniter.php(907): App\Controllers\WealthManagement->index()
 3 SYSTEMPATH/CodeIgniter.php(457): CodeIgniter\CodeIgniter->runController(Object(App\Controllers\WealthManagement))
 4 SYSTEMPATH/CodeIgniter.php(340): CodeIgniter\CodeIgniter->handleRequest(null, Object(Config\Cache), false)
 5 FCPATH/index.php(67): CodeIgniter\CodeIgniter->run()
CRITICAL - 2022-10-04 22:57:25 --> Trying to access array offset on value of type null
in APPPATH/Controllers/Statistics.php on line 11.
 1 APPPATH/Controllers/Statistics.php(11): CodeIgniter\Debug\Exceptions->errorHandler(8, 'Trying to access array offset on value of type null', 'APPPATH/Controllers/Statistics.php', 11, [])
 2 SYSTEMPATH/CodeIgniter.php(907): App\Controllers\Statistics->index()
 3 SYSTEMPATH/CodeIgniter.php(457): CodeIgniter\CodeIgniter->runController(Object(App\Controllers\Statistics))
 4 SYSTEMPATH/CodeIgniter.php(340): CodeIgniter\CodeIgniter->handleRequest(null, Object(Config\Cache), false)
 5 FCPATH/index.php(67): CodeIgniter\CodeIgniter->run()
CRITICAL - 2022-10-04 22:57:29 --> Trying to access array offset on value of type null
in APPPATH/Controllers/Settings.php on line 13.
 1 APPPATH/Controllers/Settings.php(13): CodeIgniter\Debug\Exceptions->errorHandler(8, 'Trying to access array offset on value of type null', 'APPPATH/Controllers/Settings.php', 13, [])
 2 SYSTEMPATH/CodeIgniter.php(907): App\Controllers\Settings->index()
 3 SYSTEMPATH/CodeIgniter.php(457): CodeIgniter\CodeIgniter->runController(Object(App\Controllers\Settings))
 4 SYSTEMPATH/CodeIgniter.php(340): CodeIgniter\CodeIgniter->handleRequest(null, Object(Config\Cache), false)
 5 FCPATH/index.php(67): CodeIgniter\CodeIgniter->run()
CRITICAL - 2022-10-04 22:57:30 --> Trying to access array offset on value of type null
in APPPATH/Controllers/Statistics.php on line 11.
 1 APPPATH/Controllers/Statistics.php(11): CodeIgniter\Debug\Exceptions->errorHandler(8, 'Trying to access array offset on value of type null', 'APPPATH/Controllers/Statistics.php', 11, [])
 2 SYSTEMPATH/CodeIgniter.php(907): App\Controllers\Statistics->index()
 3 SYSTEMPATH/CodeIgniter.php(457): CodeIgniter\CodeIgniter->runController(Object(App\Controllers\Statistics))
 4 SYSTEMPATH/CodeIgniter.php(340): CodeIgniter\CodeIgniter->handleRequest(null, Object(Config\Cache), false)
 5 FCPATH/index.php(67): CodeIgniter\CodeIgniter->run()
CRITICAL - 2022-10-04 22:57:44 --> Trying to access array offset on value of type null
in APPPATH/Controllers/Statistics.php on line 11.
 1 APPPATH/Controllers/Statistics.php(11): CodeIgniter\Debug\Exceptions->errorHandler(8, 'Trying to access array offset on value of type null', 'APPPATH/Controllers/Statistics.php', 11, [])
 2 SYSTEMPATH/CodeIgniter.php(907): App\Controllers\Statistics->index()
 3 SYSTEMPATH/CodeIgniter.php(457): CodeIgniter\CodeIgniter->runController(Object(App\Controllers\Statistics))
 4 SYSTEMPATH/CodeIgniter.php(340): CodeIgniter\CodeIgniter->handleRequest(null, Object(Config\Cache), false)
 5 FCPATH/index.php(67): CodeIgniter\CodeIgniter->run()
CRITICAL - 2022-10-04 23:01:57 --> Trying to access array offset on value of type null
in APPPATH/Controllers/Settings.php on line 13.
 1 APPPATH/Controllers/Settings.php(13): CodeIgniter\Debug\Exceptions->errorHandler(8, 'Trying to access array offset on value of type null', 'APPPATH/Controllers/Settings.php', 13, [])
 2 SYSTEMPATH/CodeIgniter.php(907): App\Controllers\Settings->index()
 3 SYSTEMPATH/CodeIgniter.php(457): CodeIgniter\CodeIgniter->runController(Object(App\Controllers\Settings))
 4 SYSTEMPATH/CodeIgniter.php(340): CodeIgniter\CodeIgniter->handleRequest(null, Object(Config\Cache), false)
 5 FCPATH/index.php(67): CodeIgniter\CodeIgniter->run()
CRITICAL - 2022-10-04 23:01:58 --> Trying to access array offset on value of type null
in APPPATH/Controllers/Settings.php on line 13.
 1 APPPATH/Controllers/Settings.php(13): CodeIgniter\Debug\Exceptions->errorHandler(8, 'Trying to access array offset on value of type null', 'APPPATH/Controllers/Settings.php', 13, [])
 2 SYSTEMPATH/CodeIgniter.php(907): App\Controllers\Settings->index()
 3 SYSTEMPATH/CodeIgniter.php(457): CodeIgniter\CodeIgniter->runController(Object(App\Controllers\Settings))
 4 SYSTEMPATH/CodeIgniter.php(340): CodeIgniter\CodeIgniter->handleRequest(null, Object(Config\Cache), false)
 5 FCPATH/index.php(67): CodeIgniter\CodeIgniter->run()
CRITICAL - 2022-10-04 23:02:01 --> Trying to access array offset on value of type null
in APPPATH/Controllers/Settings.php on line 13.
 1 APPPATH/Controllers/Settings.php(13): CodeIgniter\Debug\Exceptions->errorHandler(8, 'Trying to access array offset on value of type null', 'APPPATH/Controllers/Settings.php', 13, [])
 2 SYSTEMPATH/CodeIgniter.php(907): App\Controllers\Settings->index()
 3 SYSTEMPATH/CodeIgniter.php(457): CodeIgniter\CodeIgniter->runController(Object(App\Controllers\Settings))
 4 SYSTEMPATH/CodeIgniter.php(340): CodeIgniter\CodeIgniter->handleRequest(null, Object(Config\Cache), false)
 5 FCPATH/index.php(67): CodeIgniter\CodeIgniter->run()
CRITICAL - 2022-10-04 23:02:10 --> Trying to access array offset on value of type null
in APPPATH/Controllers/Settings.php on line 13.
 1 APPPATH/Controllers/Settings.php(13): CodeIgniter\Debug\Exceptions->errorHandler(8, 'Trying to access array offset on value of type null', 'APPPATH/Controllers/Settings.php', 13, [])
 2 SYSTEMPATH/CodeIgniter.php(907): App\Controllers\Settings->index()
 3 SYSTEMPATH/CodeIgniter.php(457): CodeIgniter\CodeIgniter->runController(Object(App\Controllers\Settings))
 4 SYSTEMPATH/CodeIgniter.php(340): CodeIgniter\CodeIgniter->handleRequest(null, Object(Config\Cache), false)
 5 FCPATH/index.php(67): CodeIgniter\CodeIgniter->run()
CRITICAL - 2022-10-04 23:05:06 --> Trying to access array offset on value of type null
in APPPATH/Controllers/Statistics.php on line 12.
 1 APPPATH/Controllers/Statistics.php(12): CodeIgniter\Debug\Exceptions->errorHandler(8, 'Trying to access array offset on value of type null', 'APPPATH/Controllers/Statistics.php', 12, [])
 2 SYSTEMPATH/CodeIgniter.php(907): App\Controllers\Statistics->index()
 3 SYSTEMPATH/CodeIgniter.php(457): CodeIgniter\CodeIgniter->runController(Object(App\Controllers\Statistics))
 4 SYSTEMPATH/CodeIgniter.php(340): CodeIgniter\CodeIgniter->handleRequest(null, Object(Config\Cache), false)
 5 FCPATH/index.php(67): CodeIgniter\CodeIgniter->run()
CRITICAL - 2022-10-04 23:05:07 --> Trying to access array offset on value of type null
in APPPATH/Controllers/WealthManagement.php on line 11.
 1 APPPATH/Controllers/WealthManagement.php(11): CodeIgniter\Debug\Exceptions->errorHandler(8, 'Trying to access array offset on value of type null', 'APPPATH/Controllers/WealthManagement.php', 11, [])
 2 SYSTEMPATH/CodeIgniter.php(907): App\Controllers\WealthManagement->index()
 3 SYSTEMPATH/CodeIgniter.php(457): CodeIgniter\CodeIgniter->runController(Object(App\Controllers\WealthManagement))
 4 SYSTEMPATH/CodeIgniter.php(340): CodeIgniter\CodeIgniter->handleRequest(null, Object(Config\Cache), false)
 5 FCPATH/index.php(67): CodeIgniter\CodeIgniter->run()
CRITICAL - 2022-10-04 23:05:13 --> Trying to access array offset on value of type null
in APPPATH/Controllers/Home.php on line 11.
 1 APPPATH/Controllers/Home.php(11): CodeIgniter\Debug\Exceptions->errorHandler(8, 'Trying to access array offset on value of type null', 'APPPATH/Controllers/Home.php', 11, [])
 2 SYSTEMPATH/CodeIgniter.php(907): App\Controllers\Home->index()
 3 SYSTEMPATH/CodeIgniter.php(457): CodeIgniter\CodeIgniter->runController(Object(App\Controllers\Home))
 4 SYSTEMPATH/CodeIgniter.php(340): CodeIgniter\CodeIgniter->handleRequest(null, Object(Config\Cache), false)
 5 FCPATH/index.php(67): CodeIgniter\CodeIgniter->run()
CRITICAL - 2022-10-04 23:05:15 --> Trying to access array offset on value of type null
in APPPATH/Controllers/Dashboard.php on line 9.
 1 APPPATH/Controllers/Dashboard.php(9): CodeIgniter\Debug\Exceptions->errorHandler(8, 'Trying to access array offset on value of type null', 'APPPATH/Controllers/Dashboard.php', 9, [])
 2 SYSTEMPATH/CodeIgniter.php(907): App\Controllers\Dashboard->index()
 3 SYSTEMPATH/CodeIgniter.php(457): CodeIgniter\CodeIgniter->runController(Object(App\Controllers\Dashboard))
 4 SYSTEMPATH/CodeIgniter.php(340): CodeIgniter\CodeIgniter->handleRequest(null, Object(Config\Cache), false)
 5 FCPATH/index.php(67): CodeIgniter\CodeIgniter->run()
CRITICAL - 2022-10-04 23:08:52 --> syntax error, unexpected ';', expecting ')'
in APPPATH/Controllers/Dashboard.php on line 9.
 1 SYSTEMPATH/Autoloader/Autoloader.php(259): CodeIgniter\Autoloader\Autoloader->includeFile('APPPATH/Controllers/Dashboard.php')
 2 SYSTEMPATH/Autoloader/Autoloader.php(237): CodeIgniter\Autoloader\Autoloader->loadInNamespace('App\\Controllers\\Dashboard')
 3 [internal function]: CodeIgniter\Autoloader\Autoloader->loadClass('App\\Controllers\\Dashboard')
 4 [internal function]: spl_autoload_call('App\\Controllers\\Dashboard')
 5 SYSTEMPATH/CodeIgniter.php(857): class_exists('\\App\\Controllers\\Dashboard', true)
 6 SYSTEMPATH/CodeIgniter.php(444): CodeIgniter\CodeIgniter->startController()
 7 SYSTEMPATH/CodeIgniter.php(340): CodeIgniter\CodeIgniter->handleRequest(null, Object(Config\Cache), false)
 8 FCPATH/index.php(67): CodeIgniter\CodeIgniter->run()
CRITICAL - 2022-10-04 23:09:23 --> syntax error, unexpected ';', expecting ')'
in APPPATH/Controllers/AccountController.php on line 68.
 1 SYSTEMPATH/Autoloader/Autoloader.php(259): CodeIgniter\Autoloader\Autoloader->includeFile('APPPATH/Controllers/AccountController.php')
 2 SYSTEMPATH/Autoloader/Autoloader.php(237): CodeIgniter\Autoloader\Autoloader->loadInNamespace('App\\Controllers\\AccountController')
 3 [internal function]: CodeIgniter\Autoloader\Autoloader->loadClass('App\\Controllers\\AccountController')
 4 APPPATH/Controllers/Dashboard.php(4): spl_autoload_call('App\\Controllers\\AccountController')
 5 SYSTEMPATH/Autoloader/Autoloader.php(282): include_once('APPPATH/Controllers/Dashboard.php')
 6 SYSTEMPATH/Autoloader/Autoloader.php(259): CodeIgniter\Autoloader\Autoloader->includeFile('APPPATH/Controllers/Dashboard.php')
 7 SYSTEMPATH/Autoloader/Autoloader.php(237): CodeIgniter\Autoloader\Autoloader->loadInNamespace('App\\Controllers\\Dashboard')
 8 [internal function]: CodeIgniter\Autoloader\Autoloader->loadClass('App\\Controllers\\Dashboard')
 9 [internal function]: spl_autoload_call('App\\Controllers\\Dashboard')
10 SYSTEMPATH/CodeIgniter.php(857): class_exists('\\App\\Controllers\\Dashboard', true)
11 SYSTEMPATH/CodeIgniter.php(444): CodeIgniter\CodeIgniter->startController()
12 SYSTEMPATH/CodeIgniter.php(340): CodeIgniter\CodeIgniter->handleRequest(null, Object(Config\Cache), false)
13 FCPATH/index.php(67): CodeIgniter\CodeIgniter->run()
CRITICAL - 2022-10-04 23:12:38 --> Call to undefined method App\Controllers\Settings::getSettings()
in APPPATH/Controllers/Settings.php on line 13.
 1 SYSTEMPATH/CodeIgniter.php(907): App\Controllers\Settings->index()
 2 SYSTEMPATH/CodeIgniter.php(457): CodeIgniter\CodeIgniter->runController(Object(App\Controllers\Settings))
 3 SYSTEMPATH/CodeIgniter.php(340): CodeIgniter\CodeIgniter->handleRequest(null, Object(Config\Cache), false)
 4 FCPATH/index.php(67): CodeIgniter\CodeIgniter->run()
CRITICAL - 2022-10-04 23:13:18 --> Call to private method App\Controllers\AccountController::getSettings() from context 'App\Controllers\Settings'
in APPPATH/Controllers/Settings.php on line 13.
 1 SYSTEMPATH/CodeIgniter.php(907): App\Controllers\Settings->index()
 2 SYSTEMPATH/CodeIgniter.php(457): CodeIgniter\CodeIgniter->runController(Object(App\Controllers\Settings))
 3 SYSTEMPATH/CodeIgniter.php(340): CodeIgniter\CodeIgniter->handleRequest(null, Object(Config\Cache), false)
 4 FCPATH/index.php(67): CodeIgniter\CodeIgniter->run()
CRITICAL - 2022-10-04 23:17:52 --> Undefined property: App\Controllers\Management::$user_id
in APPPATH/Controllers/Management.php on line 11.
 1 APPPATH/Controllers/Management.php(11): CodeIgniter\Debug\Exceptions->errorHandler(8, 'Undefined property: App\\Controllers\\Management::$user_id', 'APPPATH/Controllers/Management.php', 11, [])
 2 SYSTEMPATH/CodeIgniter.php(907): App\Controllers\Management->index()
 3 SYSTEMPATH/CodeIgniter.php(457): CodeIgniter\CodeIgniter->runController(Object(App\Controllers\Management))
 4 SYSTEMPATH/CodeIgniter.php(340): CodeIgniter\CodeIgniter->handleRequest(null, Object(Config\Cache), false)
 5 FCPATH/index.php(67): CodeIgniter\CodeIgniter->run()
CRITICAL - 2022-10-04 23:22:40 --> Declaration of App\Controllers\Statistics::getWealth($user_id) should be compatible with App\Controllers\AccountController::getWealth()
in APPPATH/Controllers/Statistics.php on line 19.
 1 APPPATH/Controllers/Statistics.php(5): CodeIgniter\Debug\Exceptions->errorHandler(2, 'Declaration of App\\Controllers\\Statistics::getWealth($user_id) should be compatible with App\\Controllers\\AccountController::getWealth()', 'APPPATH/Controllers/Statistics.php', 19, [...])
 2 SYSTEMPATH/Autoloader/Autoloader.php(282): include_once('APPPATH/Controllers/Statistics.php')
 3 SYSTEMPATH/Autoloader/Autoloader.php(259): CodeIgniter\Autoloader\Autoloader->includeFile('APPPATH/Controllers/Statistics.php')
 4 SYSTEMPATH/Autoloader/Autoloader.php(237): CodeIgniter\Autoloader\Autoloader->loadInNamespace('App\\Controllers\\Statistics')
 5 [internal function]: CodeIgniter\Autoloader\Autoloader->loadClass('App\\Controllers\\Statistics')
 6 [internal function]: spl_autoload_call('App\\Controllers\\Statistics')
 7 SYSTEMPATH/CodeIgniter.php(857): class_exists('\\App\\Controllers\\Statistics', true)
 8 SYSTEMPATH/CodeIgniter.php(444): CodeIgniter\CodeIgniter->startController()
 9 SYSTEMPATH/CodeIgniter.php(340): CodeIgniter\CodeIgniter->handleRequest(null, Object(Config\Cache), false)
10 FCPATH/index.php(67): CodeIgniter\CodeIgniter->run()
CRITICAL - 2022-10-04 23:26:10 --> Too few arguments to function App\Libraries\GetSettings::getSettings(), 0 passed in /var/www/html/app/Controllers/Statistics.php on line 13 and at least 1 expected
in APPPATH/Libraries/GetSettings.php on line 4.
 1 APPPATH/Controllers/Statistics.php(13): App\Libraries\GetSettings->getSettings()
 2 SYSTEMPATH/CodeIgniter.php(907): App\Controllers\Statistics->index()
 3 SYSTEMPATH/CodeIgniter.php(457): CodeIgniter\CodeIgniter->runController(Object(App\Controllers\Statistics))
 4 SYSTEMPATH/CodeIgniter.php(340): CodeIgniter\CodeIgniter->handleRequest(null, Object(Config\Cache), false)
 5 FCPATH/index.php(67): CodeIgniter\CodeIgniter->run()
CRITICAL - 2022-10-04 23:26:37 --> Too few arguments to function App\Libraries\GetSettings::getSettings(), 0 passed in /var/www/html/app/Controllers/WealthManagement.php on line 12 and at least 1 expected
in APPPATH/Libraries/GetSettings.php on line 4.
 1 APPPATH/Controllers/WealthManagement.php(12): App\Libraries\GetSettings->getSettings()
 2 SYSTEMPATH/CodeIgniter.php(907): App\Controllers\WealthManagement->index()
 3 SYSTEMPATH/CodeIgniter.php(457): CodeIgniter\CodeIgniter->runController(Object(App\Controllers\WealthManagement))
 4 SYSTEMPATH/CodeIgniter.php(340): CodeIgniter\CodeIgniter->handleRequest(null, Object(Config\Cache), false)
 5 FCPATH/index.php(67): CodeIgniter\CodeIgniter->run()
CRITICAL - 2022-10-04 23:26:53 --> Undefined index: payouts
in APPPATH/Views/be/WealthManagement.php on line 2.
 1 APPPATH/Views/be/WealthManagement.php(2): CodeIgniter\Debug\Exceptions->errorHandler(8, 'Undefined index: payouts', 'APPPATH/Views/be/WealthManagement.php', 2, [...])
 2 SYSTEMPATH/View/View.php(213): include('APPPATH/Views/be/WealthManagement.php')
 3 SYSTEMPATH/View/View.php(216): CodeIgniter\View\View->CodeIgniter\View\{closure}()
 4 SYSTEMPATH/Common.php(1142): CodeIgniter\View\View->render('be/WealthManagement', [], true)
 5 APPPATH/Controllers/WealthManagement.php(15): view('be/WealthManagement', [...])
 6 SYSTEMPATH/CodeIgniter.php(907): App\Controllers\WealthManagement->index()
 7 SYSTEMPATH/CodeIgniter.php(457): CodeIgniter\CodeIgniter->runController(Object(App\Controllers\WealthManagement))
 8 SYSTEMPATH/CodeIgniter.php(340): CodeIgniter\CodeIgniter->handleRequest(null, Object(Config\Cache), false)
 9 FCPATH/index.php(67): CodeIgniter\CodeIgniter->run()
CRITICAL - 2022-10-04 23:27:36 --> Access level to App\Controllers\WealthManagement::getWealth() must be protected (as in class App\Controllers\AccountController) or weaker
in APPPATH/Controllers/WealthManagement.php on line 40.
 1 [internal function]: CodeIgniter\Debug\Exceptions->shutdownHandler()
CRITICAL - 2022-10-04 23:28:54 --> Undefined index: payouts
in APPPATH/Views/be/WealthManagement.php on line 2.
 1 APPPATH/Views/be/WealthManagement.php(2): CodeIgniter\Debug\Exceptions->errorHandler(8, 'Undefined index: payouts', 'APPPATH/Views/be/WealthManagement.php', 2, [...])
 2 SYSTEMPATH/View/View.php(213): include('APPPATH/Views/be/WealthManagement.php')
 3 SYSTEMPATH/View/View.php(216): CodeIgniter\View\View->CodeIgniter\View\{closure}()
 4 SYSTEMPATH/Common.php(1142): CodeIgniter\View\View->render('be/WealthManagement', [], true)
 5 APPPATH/Controllers/WealthManagement.php(15): view('be/WealthManagement', [...])
 6 SYSTEMPATH/CodeIgniter.php(907): App\Controllers\WealthManagement->index()
 7 SYSTEMPATH/CodeIgniter.php(457): CodeIgniter\CodeIgniter->runController(Object(App\Controllers\WealthManagement))
 8 SYSTEMPATH/CodeIgniter.php(340): CodeIgniter\CodeIgniter->handleRequest(null, Object(Config\Cache), false)
 9 FCPATH/index.php(67): CodeIgniter\CodeIgniter->run()
CRITICAL - 2022-10-04 23:29:28 --> Undefined index: payouts
in APPPATH/Views/be/WealthManagement.php on line 2.
 1 APPPATH/Views/be/WealthManagement.php(2): CodeIgniter\Debug\Exceptions->errorHandler(8, 'Undefined index: payouts', 'APPPATH/Views/be/WealthManagement.php', 2, [...])
 2 SYSTEMPATH/View/View.php(213): include('APPPATH/Views/be/WealthManagement.php')
 3 SYSTEMPATH/View/View.php(216): CodeIgniter\View\View->CodeIgniter\View\{closure}()
 4 SYSTEMPATH/Common.php(1142): CodeIgniter\View\View->render('be/WealthManagement', [], true)
 5 APPPATH/Controllers/WealthManagement.php(16): view('be/WealthManagement', [...])
 6 SYSTEMPATH/CodeIgniter.php(907): App\Controllers\WealthManagement->index()
 7 SYSTEMPATH/CodeIgniter.php(457): CodeIgniter\CodeIgniter->runController(Object(App\Controllers\WealthManagement))
 8 SYSTEMPATH/CodeIgniter.php(340): CodeIgniter\CodeIgniter->handleRequest(null, Object(Config\Cache), false)
 9 FCPATH/index.php(67): CodeIgniter\CodeIgniter->run()
CRITICAL - 2022-10-04 23:30:55 --> Undefined index: payouts
in APPPATH/Views/be/WealthManagement.php on line 2.
 1 APPPATH/Views/be/WealthManagement.php(2): CodeIgniter\Debug\Exceptions->errorHandler(8, 'Undefined index: payouts', 'APPPATH/Views/be/WealthManagement.php', 2, [...])
 2 SYSTEMPATH/View/View.php(213): include('APPPATH/Views/be/WealthManagement.php')
 3 SYSTEMPATH/View/View.php(216): CodeIgniter\View\View->CodeIgniter\View\{closure}()
 4 SYSTEMPATH/Common.php(1142): CodeIgniter\View\View->render('be/WealthManagement', [], true)
 5 APPPATH/Controllers/WealthManagement.php(15): view('be/WealthManagement', [...])
 6 SYSTEMPATH/CodeIgniter.php(907): App\Controllers\WealthManagement->index()
 7 SYSTEMPATH/CodeIgniter.php(457): CodeIgniter\CodeIgniter->runController(Object(App\Controllers\WealthManagement))
 8 SYSTEMPATH/CodeIgniter.php(340): CodeIgniter\CodeIgniter->handleRequest(null, Object(Config\Cache), false)
 9 FCPATH/index.php(67): CodeIgniter\CodeIgniter->run()
CRITICAL - 2022-10-04 23:31:13 --> Undefined index: payouts_all
in APPPATH/Views/be/WealthManagement.php on line 2.
 1 APPPATH/Views/be/WealthManagement.php(2): CodeIgniter\Debug\Exceptions->errorHandler(8, 'Undefined index: payouts_all', 'APPPATH/Views/be/WealthManagement.php', 2, [...])
 2 SYSTEMPATH/View/View.php(213): include('APPPATH/Views/be/WealthManagement.php')
 3 SYSTEMPATH/View/View.php(216): CodeIgniter\View\View->CodeIgniter\View\{closure}()
 4 SYSTEMPATH/Common.php(1142): CodeIgniter\View\View->render('be/WealthManagement', [], true)
 5 APPPATH/Controllers/WealthManagement.php(15): view('be/WealthManagement', [...])
 6 SYSTEMPATH/CodeIgniter.php(907): App\Controllers\WealthManagement->index()
 7 SYSTEMPATH/CodeIgniter.php(457): CodeIgniter\CodeIgniter->runController(Object(App\Controllers\WealthManagement))
 8 SYSTEMPATH/CodeIgniter.php(340): CodeIgniter\CodeIgniter->handleRequest(null, Object(Config\Cache), false)
 9 FCPATH/index.php(67): CodeIgniter\CodeIgniter->run()
CRITICAL - 2022-10-04 23:31:18 --> Undefined index: deposits
in APPPATH/Views/be/WealthManagement.php on line 3.
 1 APPPATH/Views/be/WealthManagement.php(3): CodeIgniter\Debug\Exceptions->errorHandler(8, 'Undefined index: deposits', 'APPPATH/Views/be/WealthManagement.php', 3, [...])
 2 SYSTEMPATH/View/View.php(213): include('APPPATH/Views/be/WealthManagement.php')
 3 SYSTEMPATH/View/View.php(216): CodeIgniter\View\View->CodeIgniter\View\{closure}()
 4 SYSTEMPATH/Common.php(1142): CodeIgniter\View\View->render('be/WealthManagement', [], true)
 5 APPPATH/Controllers/WealthManagement.php(15): view('be/WealthManagement', [...])
 6 SYSTEMPATH/CodeIgniter.php(907): App\Controllers\WealthManagement->index()
 7 SYSTEMPATH/CodeIgniter.php(457): CodeIgniter\CodeIgniter->runController(Object(App\Controllers\WealthManagement))
 8 SYSTEMPATH/CodeIgniter.php(340): CodeIgniter\CodeIgniter->handleRequest(null, Object(Config\Cache), false)
 9 FCPATH/index.php(67): CodeIgniter\CodeIgniter->run()
CRITICAL - 2022-10-04 23:31:23 --> Invalid argument supplied for foreach()
in APPPATH/Views/be/WealthManagement.php on line 75.
 1 APPPATH/Views/be/WealthManagement.php(75): CodeIgniter\Debug\Exceptions->errorHandler(2, 'Invalid argument supplied for foreach()', 'APPPATH/Views/be/WealthManagement.php', 75, [...])
 2 SYSTEMPATH/View/View.php(213): include('APPPATH/Views/be/WealthManagement.php')
 3 SYSTEMPATH/View/View.php(216): CodeIgniter\View\View->CodeIgniter\View\{closure}()
 4 SYSTEMPATH/Common.php(1142): CodeIgniter\View\View->render('be/WealthManagement', [], true)
 5 APPPATH/Controllers/WealthManagement.php(15): view('be/WealthManagement', [...])
 6 SYSTEMPATH/CodeIgniter.php(907): App\Controllers\WealthManagement->index()
 7 SYSTEMPATH/CodeIgniter.php(457): CodeIgniter\CodeIgniter->runController(Object(App\Controllers\WealthManagement))
 8 SYSTEMPATH/CodeIgniter.php(340): CodeIgniter\CodeIgniter->handleRequest(null, Object(Config\Cache), false)
 9 FCPATH/index.php(67): CodeIgniter\CodeIgniter->run()
CRITICAL - 2022-10-04 23:32:36 --> Invalid argument supplied for foreach()
in APPPATH/Views/be/WealthManagement.php on line 75.
 1 APPPATH/Views/be/WealthManagement.php(75): CodeIgniter\Debug\Exceptions->errorHandler(2, 'Invalid argument supplied for foreach()', 'APPPATH/Views/be/WealthManagement.php', 75, [...])
 2 SYSTEMPATH/View/View.php(213): include('APPPATH/Views/be/WealthManagement.php')
 3 SYSTEMPATH/View/View.php(216): CodeIgniter\View\View->CodeIgniter\View\{closure}()
 4 SYSTEMPATH/Common.php(1142): CodeIgniter\View\View->render('be/WealthManagement', [], true)
 5 APPPATH/Controllers/WealthManagement.php(15): view('be/WealthManagement', [...])
 6 SYSTEMPATH/CodeIgniter.php(907): App\Controllers\WealthManagement->index()
 7 SYSTEMPATH/CodeIgniter.php(457): CodeIgniter\CodeIgniter->runController(Object(App\Controllers\WealthManagement))
 8 SYSTEMPATH/CodeIgniter.php(340): CodeIgniter\CodeIgniter->handleRequest(null, Object(Config\Cache), false)
 9 FCPATH/index.php(67): CodeIgniter\CodeIgniter->run()
CRITICAL - 2022-10-04 23:32:37 --> Invalid argument supplied for foreach()
in APPPATH/Views/be/WealthManagement.php on line 75.
 1 APPPATH/Views/be/WealthManagement.php(75): CodeIgniter\Debug\Exceptions->errorHandler(2, 'Invalid argument supplied for foreach()', 'APPPATH/Views/be/WealthManagement.php', 75, [...])
 2 SYSTEMPATH/View/View.php(213): include('APPPATH/Views/be/WealthManagement.php')
 3 SYSTEMPATH/View/View.php(216): CodeIgniter\View\View->CodeIgniter\View\{closure}()
 4 SYSTEMPATH/Common.php(1142): CodeIgniter\View\View->render('be/WealthManagement', [], true)
 5 APPPATH/Controllers/WealthManagement.php(15): view('be/WealthManagement', [...])
 6 SYSTEMPATH/CodeIgniter.php(907): App\Controllers\WealthManagement->index()
 7 SYSTEMPATH/CodeIgniter.php(457): CodeIgniter\CodeIgniter->runController(Object(App\Controllers\WealthManagement))
 8 SYSTEMPATH/CodeIgniter.php(340): CodeIgniter\CodeIgniter->handleRequest(null, Object(Config\Cache), false)
 9 FCPATH/index.php(67): CodeIgniter\CodeIgniter->run()
CRITICAL - 2022-10-04 23:33:24 --> Undefined index: payout
in APPPATH/Views/be/WealthManagement.php on line 2.
 1 APPPATH/Views/be/WealthManagement.php(2): CodeIgniter\Debug\Exceptions->errorHandler(8, 'Undefined index: payout', 'APPPATH/Views/be/WealthManagement.php', 2, [...])
 2 SYSTEMPATH/View/View.php(213): include('APPPATH/Views/be/WealthManagement.php')
 3 SYSTEMPATH/View/View.php(216): CodeIgniter\View\View->CodeIgniter\View\{closure}()
 4 SYSTEMPATH/Common.php(1142): CodeIgniter\View\View->render('be/WealthManagement', [], true)
 5 APPPATH/Controllers/WealthManagement.php(15): view('be/WealthManagement', [...])
 6 SYSTEMPATH/CodeIgniter.php(907): App\Controllers\WealthManagement->index()
 7 SYSTEMPATH/CodeIgniter.php(457): CodeIgniter\CodeIgniter->runController(Object(App\Controllers\WealthManagement))
 8 SYSTEMPATH/CodeIgniter.php(340): CodeIgniter\CodeIgniter->handleRequest(null, Object(Config\Cache), false)
 9 FCPATH/index.php(67): CodeIgniter\CodeIgniter->run()
CRITICAL - 2022-10-04 23:33:31 --> Cannot use object of type App\Entities\Deposits as array
in APPPATH/Views/be/WealthManagement.php on line 77.
 1 SYSTEMPATH/View/View.php(213): include()
 2 SYSTEMPATH/View/View.php(216): CodeIgniter\View\View->CodeIgniter\View\{closure}()
 3 SYSTEMPATH/Common.php(1142): CodeIgniter\View\View->render('be/WealthManagement', [], true)
 4 APPPATH/Controllers/WealthManagement.php(15): view('be/WealthManagement', [...])
 5 SYSTEMPATH/CodeIgniter.php(907): App\Controllers\WealthManagement->index()
 6 SYSTEMPATH/CodeIgniter.php(457): CodeIgniter\CodeIgniter->runController(Object(App\Controllers\WealthManagement))
 7 SYSTEMPATH/CodeIgniter.php(340): CodeIgniter\CodeIgniter->handleRequest(null, Object(Config\Cache), false)
 8 FCPATH/index.php(67): CodeIgniter\CodeIgniter->run()
CRITICAL - 2022-10-04 23:34:26 --> syntax error, unexpected '0' (T_LNUMBER), expecting identifier (T_STRING) or variable (T_VARIABLE) or '{' or '$'
in APPPATH/Views/be/WealthManagement.php on line 5.
 1 SYSTEMPATH/View/View.php(216): CodeIgniter\View\View->CodeIgniter\View\{closure}()
 2 SYSTEMPATH/Common.php(1142): CodeIgniter\View\View->render('be/WealthManagement', [], true)
 3 APPPATH/Controllers/WealthManagement.php(15): view('be/WealthManagement', [...])
 4 SYSTEMPATH/CodeIgniter.php(907): App\Controllers\WealthManagement->index()
 5 SYSTEMPATH/CodeIgniter.php(457): CodeIgniter\CodeIgniter->runController(Object(App\Controllers\WealthManagement))
 6 SYSTEMPATH/CodeIgniter.php(340): CodeIgniter\CodeIgniter->handleRequest(null, Object(Config\Cache), false)
 7 FCPATH/index.php(67): CodeIgniter\CodeIgniter->run()
CRITICAL - 2022-10-04 23:35:07 --> Cannot use object of type App\Entities\Deposits as array
in APPPATH/Views/be/WealthManagement.php on line 99.
 1 SYSTEMPATH/View/View.php(213): include()
 2 SYSTEMPATH/View/View.php(216): CodeIgniter\View\View->CodeIgniter\View\{closure}()
 3 SYSTEMPATH/Common.php(1142): CodeIgniter\View\View->render('be/WealthManagement', [], true)
 4 APPPATH/Controllers/WealthManagement.php(15): view('be/WealthManagement', [...])
 5 SYSTEMPATH/CodeIgniter.php(907): App\Controllers\WealthManagement->index()
 6 SYSTEMPATH/CodeIgniter.php(457): CodeIgniter\CodeIgniter->runController(Object(App\Controllers\WealthManagement))
 7 SYSTEMPATH/CodeIgniter.php(340): CodeIgniter\CodeIgniter->handleRequest(null, Object(Config\Cache), false)
 8 FCPATH/index.php(67): CodeIgniter\CodeIgniter->run()
CRITICAL - 2022-10-04 23:35:43 --> Cannot use object of type App\Entities\Deposits as array
in APPPATH/Views/be/WealthManagement.php on line 99.
 1 SYSTEMPATH/View/View.php(213): include()
 2 SYSTEMPATH/View/View.php(216): CodeIgniter\View\View->CodeIgniter\View\{closure}()
 3 SYSTEMPATH/Common.php(1142): CodeIgniter\View\View->render('be/WealthManagement', [], true)
 4 APPPATH/Controllers/WealthManagement.php(15): view('be/WealthManagement', [...])
 5 SYSTEMPATH/CodeIgniter.php(907): App\Controllers\WealthManagement->index()
 6 SYSTEMPATH/CodeIgniter.php(457): CodeIgniter\CodeIgniter->runController(Object(App\Controllers\WealthManagement))
 7 SYSTEMPATH/CodeIgniter.php(340): CodeIgniter\CodeIgniter->handleRequest(null, Object(Config\Cache), false)
 8 FCPATH/index.php(67): CodeIgniter\CodeIgniter->run()
CRITICAL - 2022-10-04 23:36:08 --> Cannot use object of type App\Entities\Deposits as array
in APPPATH/Views/be/WealthManagement.php on line 99.
 1 SYSTEMPATH/View/View.php(213): include()
 2 SYSTEMPATH/View/View.php(216): CodeIgniter\View\View->CodeIgniter\View\{closure}()
 3 SYSTEMPATH/Common.php(1142): CodeIgniter\View\View->render('be/WealthManagement', [], true)
 4 APPPATH/Controllers/WealthManagement.php(15): view('be/WealthManagement', [...])
 5 SYSTEMPATH/CodeIgniter.php(907): App\Controllers\WealthManagement->index()
 6 SYSTEMPATH/CodeIgniter.php(457): CodeIgniter\CodeIgniter->runController(Object(App\Controllers\WealthManagement))
 7 SYSTEMPATH/CodeIgniter.php(340): CodeIgniter\CodeIgniter->handleRequest(null, Object(Config\Cache), false)
 8 FCPATH/index.php(67): CodeIgniter\CodeIgniter->run()
CRITICAL - 2022-10-04 23:36:20 --> Cannot use object of type App\Entities\Deposits as array
in APPPATH/Views/be/WealthManagement.php on line 99.
 1 SYSTEMPATH/View/View.php(213): include()
 2 SYSTEMPATH/View/View.php(216): CodeIgniter\View\View->CodeIgniter\View\{closure}()
 3 SYSTEMPATH/Common.php(1142): CodeIgniter\View\View->render('be/WealthManagement', [], true)
 4 APPPATH/Controllers/WealthManagement.php(15): view('be/WealthManagement', [...])
 5 SYSTEMPATH/CodeIgniter.php(907): App\Controllers\WealthManagement->index()
 6 SYSTEMPATH/CodeIgniter.php(457): CodeIgniter\CodeIgniter->runController(Object(App\Controllers\WealthManagement))
 7 SYSTEMPATH/CodeIgniter.php(340): CodeIgniter\CodeIgniter->handleRequest(null, Object(Config\Cache), false)
 8 FCPATH/index.php(67): CodeIgniter\CodeIgniter->run()
CRITICAL - 2022-10-04 23:36:31 --> Cannot use object of type App\Entities\Deposits as array
in APPPATH/Views/be/WealthManagement.php on line 99.
 1 SYSTEMPATH/View/View.php(213): include()
 2 SYSTEMPATH/View/View.php(216): CodeIgniter\View\View->CodeIgniter\View\{closure}()
 3 SYSTEMPATH/Common.php(1142): CodeIgniter\View\View->render('be/WealthManagement', [], true)
 4 APPPATH/Controllers/WealthManagement.php(15): view('be/WealthManagement', [...])
 5 SYSTEMPATH/CodeIgniter.php(907): App\Controllers\WealthManagement->index()
 6 SYSTEMPATH/CodeIgniter.php(457): CodeIgniter\CodeIgniter->runController(Object(App\Controllers\WealthManagement))
 7 SYSTEMPATH/CodeIgniter.php(340): CodeIgniter\CodeIgniter->handleRequest(null, Object(Config\Cache), false)
 8 FCPATH/index.php(67): CodeIgniter\CodeIgniter->run()
CRITICAL - 2022-10-04 23:36:32 --> Cannot use object of type App\Entities\Deposits as array
in APPPATH/Views/be/WealthManagement.php on line 99.
 1 SYSTEMPATH/View/View.php(213): include()
 2 SYSTEMPATH/View/View.php(216): CodeIgniter\View\View->CodeIgniter\View\{closure}()
 3 SYSTEMPATH/Common.php(1142): CodeIgniter\View\View->render('be/WealthManagement', [], true)
 4 APPPATH/Controllers/WealthManagement.php(15): view('be/WealthManagement', [...])
 5 SYSTEMPATH/CodeIgniter.php(907): App\Controllers\WealthManagement->index()
 6 SYSTEMPATH/CodeIgniter.php(457): CodeIgniter\CodeIgniter->runController(Object(App\Controllers\WealthManagement))
 7 SYSTEMPATH/CodeIgniter.php(340): CodeIgniter\CodeIgniter->handleRequest(null, Object(Config\Cache), false)
 8 FCPATH/index.php(67): CodeIgniter\CodeIgniter->run()
CRITICAL - 2022-10-04 23:38:44 --> Cannot redeclare App\Controllers\AccountController::validateSport()
in APPPATH/Controllers/AccountController.php on line 220.
 1 [internal function]: CodeIgniter\Debug\Exceptions->shutdownHandler()
CRITICAL - 2022-10-04 23:39:03 --> Cannot redeclare App\Controllers\AccountController::validateSport()
in APPPATH/Controllers/AccountController.php on line 220.
 1 [internal function]: CodeIgniter\Debug\Exceptions->shutdownHandler()
CRITICAL - 2022-10-04 23:41:49 --> Undefined property: App\Controllers\Dashboard::$user_id
in APPPATH/Controllers/Dashboard.php on line 11.
 1 APPPATH/Controllers/Dashboard.php(11): CodeIgniter\Debug\Exceptions->errorHandler(8, 'Undefined property: App\\Controllers\\Dashboard::$user_id', 'APPPATH/Controllers/Dashboard.php', 11, [])
 2 SYSTEMPATH/CodeIgniter.php(907): App\Controllers\Dashboard->index()
 3 SYSTEMPATH/CodeIgniter.php(457): CodeIgniter\CodeIgniter->runController(Object(App\Controllers\Dashboard))
 4 SYSTEMPATH/CodeIgniter.php(340): CodeIgniter\CodeIgniter->handleRequest(null, Object(Config\Cache), false)
 5 FCPATH/index.php(67): CodeIgniter\CodeIgniter->run()
CRITICAL - 2022-10-04 23:41:50 --> Undefined property: App\Controllers\Dashboard::$user_id
in APPPATH/Controllers/Dashboard.php on line 11.
 1 APPPATH/Controllers/Dashboard.php(11): CodeIgniter\Debug\Exceptions->errorHandler(8, 'Undefined property: App\\Controllers\\Dashboard::$user_id', 'APPPATH/Controllers/Dashboard.php', 11, [])
 2 SYSTEMPATH/CodeIgniter.php(907): App\Controllers\Dashboard->index()
 3 SYSTEMPATH/CodeIgniter.php(457): CodeIgniter\CodeIgniter->runController(Object(App\Controllers\Dashboard))
 4 SYSTEMPATH/CodeIgniter.php(340): CodeIgniter\CodeIgniter->handleRequest(null, Object(Config\Cache), false)
 5 FCPATH/index.php(67): CodeIgniter\CodeIgniter->run()
CRITICAL - 2022-10-04 23:42:01 --> Trying to access array offset on value of type null
in APPPATH/Controllers/AccountController.php on line 46.
 1 APPPATH/Controllers/AccountController.php(46): CodeIgniter\Debug\Exceptions->errorHandler(8, 'Trying to access array offset on value of type null', 'APPPATH/Controllers/AccountController.php', 46, [...])
 2 SYSTEMPATH/CodeIgniter.php(870): App\Controllers\AccountController->initController(Object(CodeIgniter\HTTP\IncomingRequest), Object(CodeIgniter\HTTP\Response), Object(CodeIgniter\Log\Logger))
 3 SYSTEMPATH/CodeIgniter.php(448): CodeIgniter\CodeIgniter->createController()
 4 SYSTEMPATH/CodeIgniter.php(340): CodeIgniter\CodeIgniter->handleRequest(null, Object(Config\Cache), false)
 5 FCPATH/index.php(67): CodeIgniter\CodeIgniter->run()
CRITICAL - 2022-10-04 23:42:09 --> Trying to access array offset on value of type null
in APPPATH/Controllers/AccountController.php on line 46.
 1 APPPATH/Controllers/AccountController.php(46): CodeIgniter\Debug\Exceptions->errorHandler(8, 'Trying to access array offset on value of type null', 'APPPATH/Controllers/AccountController.php', 46, [...])
 2 SYSTEMPATH/CodeIgniter.php(870): App\Controllers\AccountController->initController(Object(CodeIgniter\HTTP\IncomingRequest), Object(CodeIgniter\HTTP\Response), Object(CodeIgniter\Log\Logger))
 3 SYSTEMPATH/CodeIgniter.php(448): CodeIgniter\CodeIgniter->createController()
 4 SYSTEMPATH/CodeIgniter.php(340): CodeIgniter\CodeIgniter->handleRequest(null, Object(Config\Cache), false)
 5 FCPATH/index.php(67): CodeIgniter\CodeIgniter->run()
CRITICAL - 2022-10-04 23:42:14 --> Trying to access array offset on value of type null
in APPPATH/Controllers/AccountController.php on line 46.
 1 APPPATH/Controllers/AccountController.php(46): CodeIgniter\Debug\Exceptions->errorHandler(8, 'Trying to access array offset on value of type null', 'APPPATH/Controllers/AccountController.php', 46, [...])
 2 SYSTEMPATH/CodeIgniter.php(870): App\Controllers\AccountController->initController(Object(CodeIgniter\HTTP\IncomingRequest), Object(CodeIgniter\HTTP\Response), Object(CodeIgniter\Log\Logger))
 3 SYSTEMPATH/CodeIgniter.php(448): CodeIgniter\CodeIgniter->createController()
 4 SYSTEMPATH/CodeIgniter.php(340): CodeIgniter\CodeIgniter->handleRequest(null, Object(Config\Cache), false)
 5 FCPATH/index.php(67): CodeIgniter\CodeIgniter->run()
CRITICAL - 2022-10-04 23:42:22 --> Undefined property: App\Controllers\Dashboard::$user_id
in APPPATH/Controllers/Dashboard.php on line 11.
 1 APPPATH/Controllers/Dashboard.php(11): CodeIgniter\Debug\Exceptions->errorHandler(8, 'Undefined property: App\\Controllers\\Dashboard::$user_id', 'APPPATH/Controllers/Dashboard.php', 11, [])
 2 SYSTEMPATH/CodeIgniter.php(907): App\Controllers\Dashboard->index()
 3 SYSTEMPATH/CodeIgniter.php(457): CodeIgniter\CodeIgniter->runController(Object(App\Controllers\Dashboard))
 4 SYSTEMPATH/CodeIgniter.php(340): CodeIgniter\CodeIgniter->handleRequest(null, Object(Config\Cache), false)
 5 FCPATH/index.php(67): CodeIgniter\CodeIgniter->run()
CRITICAL - 2022-10-04 23:42:23 --> Undefined property: App\Controllers\Dashboard::$user_id
in APPPATH/Controllers/Dashboard.php on line 11.
 1 APPPATH/Controllers/Dashboard.php(11): CodeIgniter\Debug\Exceptions->errorHandler(8, 'Undefined property: App\\Controllers\\Dashboard::$user_id', 'APPPATH/Controllers/Dashboard.php', 11, [])
 2 SYSTEMPATH/CodeIgniter.php(907): App\Controllers\Dashboard->index()
 3 SYSTEMPATH/CodeIgniter.php(457): CodeIgniter\CodeIgniter->runController(Object(App\Controllers\Dashboard))
 4 SYSTEMPATH/CodeIgniter.php(340): CodeIgniter\CodeIgniter->handleRequest(null, Object(Config\Cache), false)
 5 FCPATH/index.php(67): CodeIgniter\CodeIgniter->run()
CRITICAL - 2022-10-04 23:42:24 --> Undefined property: App\Controllers\Dashboard::$user_id
in APPPATH/Controllers/Dashboard.php on line 11.
 1 APPPATH/Controllers/Dashboard.php(11): CodeIgniter\Debug\Exceptions->errorHandler(8, 'Undefined property: App\\Controllers\\Dashboard::$user_id', 'APPPATH/Controllers/Dashboard.php', 11, [])
 2 SYSTEMPATH/CodeIgniter.php(907): App\Controllers\Dashboard->index()
 3 SYSTEMPATH/CodeIgniter.php(457): CodeIgniter\CodeIgniter->runController(Object(App\Controllers\Dashboard))
 4 SYSTEMPATH/CodeIgniter.php(340): CodeIgniter\CodeIgniter->handleRequest(null, Object(Config\Cache), false)
 5 FCPATH/index.php(67): CodeIgniter\CodeIgniter->run()
CRITICAL - 2022-10-04 23:42:25 --> Undefined property: App\Controllers\Dashboard::$user_id
in APPPATH/Controllers/Dashboard.php on line 11.
 1 APPPATH/Controllers/Dashboard.php(11): CodeIgniter\Debug\Exceptions->errorHandler(8, 'Undefined property: App\\Controllers\\Dashboard::$user_id', 'APPPATH/Controllers/Dashboard.php', 11, [])
 2 SYSTEMPATH/CodeIgniter.php(907): App\Controllers\Dashboard->index()
 3 SYSTEMPATH/CodeIgniter.php(457): CodeIgniter\CodeIgniter->runController(Object(App\Controllers\Dashboard))
 4 SYSTEMPATH/CodeIgniter.php(340): CodeIgniter\CodeIgniter->handleRequest(null, Object(Config\Cache), false)
 5 FCPATH/index.php(67): CodeIgniter\CodeIgniter->run()
CRITICAL - 2022-10-04 23:42:29 --> Undefined property: App\Controllers\Dashboard::$user_id
in APPPATH/Controllers/Dashboard.php on line 11.
 1 APPPATH/Controllers/Dashboard.php(11): CodeIgniter\Debug\Exceptions->errorHandler(8, 'Undefined property: App\\Controllers\\Dashboard::$user_id', 'APPPATH/Controllers/Dashboard.php', 11, [])
 2 SYSTEMPATH/CodeIgniter.php(907): App\Controllers\Dashboard->index()
 3 SYSTEMPATH/CodeIgniter.php(457): CodeIgniter\CodeIgniter->runController(Object(App\Controllers\Dashboard))
 4 SYSTEMPATH/CodeIgniter.php(340): CodeIgniter\CodeIgniter->handleRequest(null, Object(Config\Cache), false)
 5 FCPATH/index.php(67): CodeIgniter\CodeIgniter->run()
CRITICAL - 2022-10-04 23:42:30 --> Undefined property: App\Controllers\Dashboard::$user_id
in APPPATH/Controllers/Dashboard.php on line 11.
 1 APPPATH/Controllers/Dashboard.php(11): CodeIgniter\Debug\Exceptions->errorHandler(8, 'Undefined property: App\\Controllers\\Dashboard::$user_id', 'APPPATH/Controllers/Dashboard.php', 11, [])
 2 SYSTEMPATH/CodeIgniter.php(907): App\Controllers\Dashboard->index()
 3 SYSTEMPATH/CodeIgniter.php(457): CodeIgniter\CodeIgniter->runController(Object(App\Controllers\Dashboard))
 4 SYSTEMPATH/CodeIgniter.php(340): CodeIgniter\CodeIgniter->handleRequest(null, Object(Config\Cache), false)
 5 FCPATH/index.php(67): CodeIgniter\CodeIgniter->run()
CRITICAL - 2022-10-04 23:46:29 --> Undefined property: App\Controllers\Dashboard::$user_id
in APPPATH/Controllers/Dashboard.php on line 11.
 1 APPPATH/Controllers/Dashboard.php(11): CodeIgniter\Debug\Exceptions->errorHandler(8, 'Undefined property: App\\Controllers\\Dashboard::$user_id', 'APPPATH/Controllers/Dashboard.php', 11, [])
 2 SYSTEMPATH/CodeIgniter.php(907): App\Controllers\Dashboard->index()
 3 SYSTEMPATH/CodeIgniter.php(457): CodeIgniter\CodeIgniter->runController(Object(App\Controllers\Dashboard))
 4 SYSTEMPATH/CodeIgniter.php(340): CodeIgniter\CodeIgniter->handleRequest(null, Object(Config\Cache), false)
 5 FCPATH/index.php(67): CodeIgniter\CodeIgniter->run()
CRITICAL - 2022-10-04 23:46:30 --> Undefined property: App\Controllers\Dashboard::$user_id
in APPPATH/Controllers/Dashboard.php on line 11.
 1 APPPATH/Controllers/Dashboard.php(11): CodeIgniter\Debug\Exceptions->errorHandler(8, 'Undefined property: App\\Controllers\\Dashboard::$user_id', 'APPPATH/Controllers/Dashboard.php', 11, [])
 2 SYSTEMPATH/CodeIgniter.php(907): App\Controllers\Dashboard->index()
 3 SYSTEMPATH/CodeIgniter.php(457): CodeIgniter\CodeIgniter->runController(Object(App\Controllers\Dashboard))
 4 SYSTEMPATH/CodeIgniter.php(340): CodeIgniter\CodeIgniter->handleRequest(null, Object(Config\Cache), false)
 5 FCPATH/index.php(67): CodeIgniter\CodeIgniter->run()
CRITICAL - 2022-10-04 23:46:33 --> Undefined property: App\Controllers\Statistics::$user_id
in APPPATH/Controllers/AccountController.php on line 96.
 1 APPPATH/Controllers/AccountController.php(96): CodeIgniter\Debug\Exceptions->errorHandler(8, 'Undefined property: App\\Controllers\\Statistics::$user_id', 'APPPATH/Controllers/AccountController.php', 96, [])
 2 APPPATH/Controllers/Statistics.php(11): App\Controllers\AccountController->getWealth()
 3 SYSTEMPATH/CodeIgniter.php(907): App\Controllers\Statistics->index()
 4 SYSTEMPATH/CodeIgniter.php(457): CodeIgniter\CodeIgniter->runController(Object(App\Controllers\Statistics))
 5 SYSTEMPATH/CodeIgniter.php(340): CodeIgniter\CodeIgniter->handleRequest(null, Object(Config\Cache), false)
 6 FCPATH/index.php(67): CodeIgniter\CodeIgniter->run()
CRITICAL - 2022-10-04 23:46:34 --> Undefined property: App\Controllers\WealthManagement::$user_id
in APPPATH/Controllers/AccountController.php on line 96.
 1 APPPATH/Controllers/AccountController.php(96): CodeIgniter\Debug\Exceptions->errorHandler(8, 'Undefined property: App\\Controllers\\WealthManagement::$user_id', 'APPPATH/Controllers/AccountController.php', 96, [])
 2 APPPATH/Controllers/WealthManagement.php(11): App\Controllers\AccountController->getWealth()
 3 SYSTEMPATH/CodeIgniter.php(907): App\Controllers\WealthManagement->index()
 4 SYSTEMPATH/CodeIgniter.php(457): CodeIgniter\CodeIgniter->runController(Object(App\Controllers\WealthManagement))
 5 SYSTEMPATH/CodeIgniter.php(340): CodeIgniter\CodeIgniter->handleRequest(null, Object(Config\Cache), false)
 6 FCPATH/index.php(67): CodeIgniter\CodeIgniter->run()
CRITICAL - 2022-10-04 23:46:34 --> Undefined property: App\Controllers\Management::$user_id
in APPPATH/Controllers/Management.php on line 11.
 1 APPPATH/Controllers/Management.php(11): CodeIgniter\Debug\Exceptions->errorHandler(8, 'Undefined property: App\\Controllers\\Management::$user_id', 'APPPATH/Controllers/Management.php', 11, [])
 2 SYSTEMPATH/CodeIgniter.php(907): App\Controllers\Management->index()
 3 SYSTEMPATH/CodeIgniter.php(457): CodeIgniter\CodeIgniter->runController(Object(App\Controllers\Management))
 4 SYSTEMPATH/CodeIgniter.php(340): CodeIgniter\CodeIgniter->handleRequest(null, Object(Config\Cache), false)
 5 FCPATH/index.php(67): CodeIgniter\CodeIgniter->run()
