CRITICAL - 2023-03-28 06:29:08 --> Call to a member function routes() on null
in APPPATH/Config/Routes.php on line 35.
 1 SYSTEMPATH/Router/RouteCollection.php(267): require()
 2 SYSTEMPATH/CodeIgniter.php(802): CodeIgniter\Router\RouteCollection->loadRoutes()
 3 SYSTEMPATH/CodeIgniter.php(449): CodeIgniter\CodeIgniter->tryToRouteIt(null)
 4 SYSTEMPATH/CodeIgniter.php(368): CodeIgniter\CodeIgniter->handleRequest(null, Object(Config\Cache), false)
 5 FCPATH/index.php(67): CodeIgniter\CodeIgniter->run()
CRITICAL - 2023-03-28 06:29:35 --> Call to a member function routes() on null
in APPPATH/Config/Routes.php on line 35.
 1 SYSTEMPATH/Router/RouteCollection.php(267): require()
 2 SYSTEMPATH/CodeIgniter.php(802): CodeIgniter\Router\RouteCollection->loadRoutes()
 3 SYSTEMPATH/CodeIgniter.php(449): CodeIgniter\CodeIgniter->tryToRouteIt(null)
 4 SYSTEMPATH/CodeIgniter.php(368): CodeIgniter\CodeIgniter->handleRequest(null, Object(Config\Cache), false)
 5 FCPATH/index.php(67): CodeIgniter\CodeIgniter->run()
CRITICAL - 2023-03-28 06:30:30 --> Call to a member function routes() on null
in APPPATH/Config/Routes.php on line 35.
 1 SYSTEMPATH/Router/RouteCollection.php(267): require()
 2 SYSTEMPATH/CodeIgniter.php(802): CodeIgniter\Router\RouteCollection->loadRoutes()
 3 SYSTEMPATH/CodeIgniter.php(449): CodeIgniter\CodeIgniter->tryToRouteIt(null)
 4 SYSTEMPATH/CodeIgniter.php(368): CodeIgniter\CodeIgniter->handleRequest(null, Object(Config\Cache), false)
 5 FCPATH/index.php(67): CodeIgniter\CodeIgniter->run()
CRITICAL - 2023-03-28 06:32:33 --> Class 'Kint\Renderer\AbstractRenderer' not found
in SYSTEMPATH/Config/Factories.php on line 129.
 1 SYSTEMPATH/Common.php(216): CodeIgniter\Config\Factories::__callStatic('config', [])
 2 SYSTEMPATH/CodeIgniter.php(272): config('Config\\Kint')
 3 SYSTEMPATH/CodeIgniter.php(237): CodeIgniter\CodeIgniter->configureKint()
 4 SYSTEMPATH/CodeIgniter.php(199): CodeIgniter\CodeIgniter->initializeKint()
 5 FCPATH/index.php(55): CodeIgniter\CodeIgniter->initialize()
CRITICAL - 2023-03-28 06:32:44 --> Class 'Kint\Renderer\AbstractRenderer' not found
in SYSTEMPATH/Config/Factories.php on line 129.
 1 SYSTEMPATH/Common.php(216): CodeIgniter\Config\Factories::__callStatic('config', [])
 2 SYSTEMPATH/CodeIgniter.php(272): config('Config\\Kint')
 3 SYSTEMPATH/CodeIgniter.php(237): CodeIgniter\CodeIgniter->configureKint()
 4 SYSTEMPATH/CodeIgniter.php(199): CodeIgniter\CodeIgniter->initializeKint()
 5 FCPATH/index.php(55): CodeIgniter\CodeIgniter->initialize()
CRITICAL - 2023-03-28 06:32:47 --> Class 'Kint\Renderer\AbstractRenderer' not found
in SYSTEMPATH/Config/Factories.php on line 129.
 1 SYSTEMPATH/Common.php(216): CodeIgniter\Config\Factories::__callStatic('config', [])
 2 SYSTEMPATH/CodeIgniter.php(272): config('Config\\Kint')
 3 SYSTEMPATH/CodeIgniter.php(237): CodeIgniter\CodeIgniter->configureKint()
 4 SYSTEMPATH/CodeIgniter.php(199): CodeIgniter\CodeIgniter->initializeKint()
 5 FCPATH/index.php(55): CodeIgniter\CodeIgniter->initialize()
CRITICAL - 2023-03-28 06:33:25 --> Class 'Kint\Renderer\AbstractRenderer' not found
in SYSTEMPATH/Config/Factories.php on line 129.
 1 SYSTEMPATH/Common.php(216): CodeIgniter\Config\Factories::__callStatic('config', [])
 2 SYSTEMPATH/CodeIgniter.php(272): config('Config\\Kint')
 3 SYSTEMPATH/CodeIgniter.php(237): CodeIgniter\CodeIgniter->configureKint()
 4 SYSTEMPATH/CodeIgniter.php(199): CodeIgniter\CodeIgniter->initializeKint()
 5 FCPATH/index.php(55): CodeIgniter\CodeIgniter->initialize()
CRITICAL - 2023-03-28 06:33:26 --> Class 'Kint\Renderer\AbstractRenderer' not found
in SYSTEMPATH/Config/Factories.php on line 129.
 1 SYSTEMPATH/Common.php(216): CodeIgniter\Config\Factories::__callStatic('config', [])
 2 SYSTEMPATH/CodeIgniter.php(272): config('Config\\Kint')
 3 SYSTEMPATH/CodeIgniter.php(237): CodeIgniter\CodeIgniter->configureKint()
 4 SYSTEMPATH/CodeIgniter.php(199): CodeIgniter\CodeIgniter->initializeKint()
 5 FCPATH/index.php(55): CodeIgniter\CodeIgniter->initialize()
CRITICAL - 2023-03-28 06:33:27 --> Class 'Kint\Renderer\AbstractRenderer' not found
in SYSTEMPATH/Config/Factories.php on line 129.
 1 SYSTEMPATH/Common.php(216): CodeIgniter\Config\Factories::__callStatic('config', [])
 2 SYSTEMPATH/CodeIgniter.php(272): config('Config\\Kint')
 3 SYSTEMPATH/CodeIgniter.php(237): CodeIgniter\CodeIgniter->configureKint()
 4 SYSTEMPATH/CodeIgniter.php(199): CodeIgniter\CodeIgniter->initializeKint()
 5 FCPATH/index.php(55): CodeIgniter\CodeIgniter->initialize()
CRITICAL - 2023-03-28 08:49:01 --> Call to a member function routes() on null
in APPPATH/Config/Routes.php on line 40.
 1 SYSTEMPATH/Router/RouteCollection.php(267): require()
 2 SYSTEMPATH/CodeIgniter.php(802): CodeIgniter\Router\RouteCollection->loadRoutes()
 3 SYSTEMPATH/CodeIgniter.php(449): CodeIgniter\CodeIgniter->tryToRouteIt(null)
 4 SYSTEMPATH/CodeIgniter.php(368): CodeIgniter\CodeIgniter->handleRequest(null, Object(Config\Cache), false)
 5 FCPATH/index.php(67): CodeIgniter\CodeIgniter->run()
CRITICAL - 2023-03-28 08:49:06 --> Call to a member function routes() on null
in APPPATH/Config/Routes.php on line 40.
 1 SYSTEMPATH/Router/RouteCollection.php(267): require()
 2 SYSTEMPATH/CodeIgniter.php(802): CodeIgniter\Router\RouteCollection->loadRoutes()
 3 SYSTEMPATH/CodeIgniter.php(449): CodeIgniter\CodeIgniter->tryToRouteIt(null)
 4 SYSTEMPATH/CodeIgniter.php(368): CodeIgniter\CodeIgniter->handleRequest(null, Object(Config\Cache), false)
 5 FCPATH/index.php(67): CodeIgniter\CodeIgniter->run()
CRITICAL - 2023-03-28 08:49:07 --> Call to a member function routes() on null
in APPPATH/Config/Routes.php on line 40.
 1 SYSTEMPATH/Router/RouteCollection.php(267): require()
 2 SYSTEMPATH/CodeIgniter.php(802): CodeIgniter\Router\RouteCollection->loadRoutes()
 3 SYSTEMPATH/CodeIgniter.php(449): CodeIgniter\CodeIgniter->tryToRouteIt(null)
 4 SYSTEMPATH/CodeIgniter.php(368): CodeIgniter\CodeIgniter->handleRequest(null, Object(Config\Cache), false)
 5 FCPATH/index.php(67): CodeIgniter\CodeIgniter->run()
CRITICAL - 2023-03-28 08:49:08 --> Call to a member function routes() on null
in APPPATH/Config/Routes.php on line 40.
 1 SYSTEMPATH/Router/RouteCollection.php(267): require()
 2 SYSTEMPATH/CodeIgniter.php(802): CodeIgniter\Router\RouteCollection->loadRoutes()
 3 SYSTEMPATH/CodeIgniter.php(449): CodeIgniter\CodeIgniter->tryToRouteIt(null)
 4 SYSTEMPATH/CodeIgniter.php(368): CodeIgniter\CodeIgniter->handleRequest(null, Object(Config\Cache), false)
 5 FCPATH/index.php(67): CodeIgniter\CodeIgniter->run()
